#
# There is insufficient memory for the Java Runtime Environment to continue.
# Native memory allocation (malloc) failed to allocate 1508816 bytes for Chunk::new
# Possible reasons:
#   The system is out of physical RAM or swap space
#   The process is running with CompressedOops enabled, and the Java Heap may be blocking the growth of the native heap
# Possible solutions:
#   Reduce memory load on the system
#   Increase physical memory or swap space
#   Check if swap backing store is full
#   Decrease Java heap size (-Xmx/-Xms)
#   Decrease number of Java threads
#   Decrease Java thread stack sizes (-Xss)
#   Set larger code cache with -XX:ReservedCodeCacheSize=
#   JVM is running with Unscaled Compressed Oops mode in which the Java heap is
#     placed in the first 4GB address space. The Java Heap base address is the
#     maximum limit for the native heap growth. Please use -XX:HeapBaseMinAddress
#     to set the Java Heap base and to place the Java Heap above 4GB virtual address.
# This output file may be truncated or incomplete.
#
#  Out of Memory Error (./src/hotspot/share/memory/arena.cpp:197), pid=11532, tid=2404
#
# JRE version: OpenJDK Runtime Environment (11.0.10) (build 11.0.10+0-b96-7249189)
# Java VM: OpenJDK 64-Bit Server VM (11.0.10+0-b96-7249189, mixed mode, tiered, compressed oops, g1 gc, windows-amd64)
# No core dump will be written. Minidumps are not enabled by default on client versions of Windows
#

---------------  S U M M A R Y ------------

Command Line: --add-opens=java.base/java.util=ALL-UNNAMED --add-opens=java.base/java.lang=ALL-UNNAMED --add-opens=java.base/java.lang.invoke=ALL-UNNAMED --add-opens=java.base/java.util=ALL-UNNAMED --add-opens=java.prefs/java.util.prefs=ALL-UNNAMED --add-opens=java.prefs/java.util.prefs=ALL-UNNAMED --add-opens=java.base/java.nio.charset=ALL-UNNAMED --add-opens=java.base/java.net=ALL-UNNAMED --add-opens=java.base/java.util.concurrent.atomic=ALL-UNNAMED -Xmx2048m -Dfile.encoding=UTF-8 -Duser.country=US -Duser.language=en -Duser.variant org.gradle.launcher.daemon.bootstrap.GradleDaemon 7.0.2

Host: Intel(R) Core(TM) i5-8250U CPU @ 1.60GHz, 8 cores, 7G,  Windows 10 , 64 bit Build 19041 (10.0.19041.1348)
Time: Wed Nov 17 22:09:16 2021 SE Asia Standard Time elapsed time: 4541.046474 seconds (0d 1h 15m 41s)

---------------  T H R E A D  ---------------

Current thread (0x000001fed42a2000):  JavaThread "C2 CompilerThread0" daemon [_thread_in_native, id=2404, stack(0x000000afcd100000,0x000000afcd200000)]


Current CompileTask:
C2:4541046 17637  s!   4       jdk.internal.loader.URLClassPath::getLoader (194 bytes)

Stack: [0x000000afcd100000,0x000000afcd200000]
Native frames: (J=compiled Java code, j=interpreted, Vv=VM code, C=native code)
V  [jvm.dll+0x5ecfaa]
V  [jvm.dll+0x722bd5]
V  [jvm.dll+0x72412d]
V  [jvm.dll+0x7247e3]
V  [jvm.dll+0x242928]
V  [jvm.dll+0xbc4fc]
V  [jvm.dll+0xbca0c]
V  [jvm.dll+0x352d7d]
V  [jvm.dll+0x320ad3]
V  [jvm.dll+0x31ffca]
V  [jvm.dll+0x1fb602]
V  [jvm.dll+0x1fa7f4]
V  [jvm.dll+0x18354c]
V  [jvm.dll+0x208ee7]
V  [jvm.dll+0x207731]
V  [jvm.dll+0x6eb1cf]
V  [jvm.dll+0x6e3d45]
V  [jvm.dll+0x5ebe96]
C  [ucrtbase.dll+0x21bb2]
C  [KERNEL32.DLL+0x17034]
C  [ntdll.dll+0x52651]


---------------  P R O C E S S  ---------------

Threads class SMR info:
_java_thread_list=0x000001feda663b20, length=72, elements={
0x000001feb964d000, 0x000001fed4282800, 0x000001fed428d800, 0x000001fed429c000,
0x000001fed429e000, 0x000001fed429e800, 0x000001fed42a2000, 0x000001fed42a3800,
0x000001fed42a8800, 0x000001fed4d68000, 0x000001fed723a000, 0x000001fed4fed800,
0x000001fed51a6000, 0x000001fed785e000, 0x000001fed785f000, 0x000001fed7860000,
0x000001fed7860800, 0x000001fed785c800, 0x000001fed7861800, 0x000001fed7863000,
0x000001fed758e800, 0x000001fed758f000, 0x000001fed758c000, 0x000001fed7590000,
0x000001fed758c800, 0x000001fed7593000, 0x000001fed758d800, 0x000001fed7596800,
0x000001fed6da9800, 0x000001fed6da5800, 0x000001fed6da6000, 0x000001fed6da7000,
0x000001fed6da1800, 0x000001fed6da8000, 0x000001fed6da2000, 0x000001fed6da3000,
0x000001fed6da4000, 0x000001fed6dab000, 0x000001fed6dad000, 0x000001fed6dad800,
0x000001fed6dae800, 0x000001fed6daf000, 0x000001fed7590800, 0x000001fed7595000,
0x000001fed7591800, 0x000001fed7592800, 0x000001fed759a800, 0x000001fed7599800,
0x000001fed785d800, 0x000001fed7862800, 0x000001fee2699000, 0x000001fee2697800,
0x000001fee2696000, 0x000001fee269a000, 0x000001fee2696800, 0x000001fee2695000,
0x000001fee2698000, 0x000001fee2694000, 0x000001fee269e000, 0x000001fee269f800,
0x000001fee269c800, 0x000001fee269e800, 0x000001fee269d000, 0x000001fee26a0800,
0x000001fee26a2000, 0x000001fee26a3000, 0x000001fed6db0000, 0x000001fedf1aa000,
0x000001fedf1a6000, 0x000001fedf1a8800, 0x000001fedf1a9000, 0x000001fedf1a6800
}

Java Threads: ( => current thread )
  0x000001feb964d000 JavaThread "main" [_thread_blocked, id=11796, stack(0x000000afcc500000,0x000000afcc600000)]
  0x000001fed4282800 JavaThread "Reference Handler" daemon [_thread_blocked, id=12752, stack(0x000000afccc00000,0x000000afccd00000)]
  0x000001fed428d800 JavaThread "Finalizer" daemon [_thread_blocked, id=13060, stack(0x000000afccd00000,0x000000afcce00000)]
  0x000001fed429c000 JavaThread "Signal Dispatcher" daemon [_thread_blocked, id=9368, stack(0x000000afcce00000,0x000000afccf00000)]
  0x000001fed429e000 JavaThread "Attach Listener" daemon [_thread_blocked, id=10364, stack(0x000000afccf00000,0x000000afcd000000)]
  0x000001fed429e800 JavaThread "Service Thread" daemon [_thread_blocked, id=9256, stack(0x000000afcd000000,0x000000afcd100000)]
=>0x000001fed42a2000 JavaThread "C2 CompilerThread0" daemon [_thread_in_native, id=2404, stack(0x000000afcd100000,0x000000afcd200000)]
  0x000001fed42a3800 JavaThread "C1 CompilerThread0" daemon [_thread_blocked, id=13332, stack(0x000000afcd200000,0x000000afcd300000)]
  0x000001fed42a8800 JavaThread "Sweeper thread" daemon [_thread_blocked, id=12720, stack(0x000000afcd300000,0x000000afcd400000)]
  0x000001fed4d68000 JavaThread "Common-Cleaner" daemon [_thread_blocked, id=10888, stack(0x000000afcd400000,0x000000afcd500000)]
  0x000001fed723a000 JavaThread "Daemon health stats" [_thread_blocked, id=14004, stack(0x000000afcda00000,0x000000afcdb00000)]
  0x000001fed4fed800 JavaThread "Incoming local TCP Connector on port 53085" [_thread_in_native, id=13868, stack(0x000000afcd600000,0x000000afcd700000)]
  0x000001fed51a6000 JavaThread "Daemon periodic checks" [_thread_blocked, id=11312, stack(0x000000afcd700000,0x000000afcd800000)]
  0x000001fed785e000 JavaThread "Cache worker for file hash cache (C:\Users\NHAT_HOANG\.gradle\caches\7.0.2\fileHashes)" [_thread_blocked, id=3608, stack(0x000000afce700000,0x000000afce800000)]
  0x000001fed785f000 JavaThread "File lock request listener" [_thread_in_native, id=3128, stack(0x000000afce800000,0x000000afce900000)]
  0x000001fed7860000 JavaThread "Cache worker for journal cache (C:\Users\NHAT_HOANG\.gradle\caches\journal-1)" [_thread_blocked, id=2888, stack(0x000000afcea00000,0x000000afceb00000)]
  0x000001fed7860800 JavaThread "File watcher server" daemon [_thread_in_native, id=9148, stack(0x000000afced00000,0x000000afcee00000)]
  0x000001fed785c800 JavaThread "File watcher consumer" daemon [_thread_blocked, id=12504, stack(0x000000afcee00000,0x000000afcef00000)]
  0x000001fed7861800 JavaThread "jar transforms" [_thread_blocked, id=7560, stack(0x000000afcef00000,0x000000afcf000000)]
  0x000001fed7863000 JavaThread "jar transforms Thread 2" [_thread_blocked, id=2140, stack(0x000000afcf000000,0x000000afcf100000)]
  0x000001fed758e800 JavaThread "jar transforms Thread 3" [_thread_blocked, id=4648, stack(0x000000afcf100000,0x000000afcf200000)]
  0x000001fed758f000 JavaThread "jar transforms Thread 4" [_thread_blocked, id=11068, stack(0x000000afcf200000,0x000000afcf300000)]
  0x000001fed758c000 JavaThread "jar transforms Thread 5" [_thread_blocked, id=10796, stack(0x000000afcf300000,0x000000afcf400000)]
  0x000001fed7590000 JavaThread "jar transforms Thread 6" [_thread_blocked, id=7892, stack(0x000000afcf400000,0x000000afcf500000)]
  0x000001fed758c800 JavaThread "jar transforms Thread 7" [_thread_blocked, id=3760, stack(0x000000afcf500000,0x000000afcf600000)]
  0x000001fed7593000 JavaThread "jar transforms Thread 8" [_thread_blocked, id=13888, stack(0x000000afcf600000,0x000000afcf700000)]
  0x000001fed758d800 JavaThread "Cache worker for execution history cache (C:\Users\NHAT_HOANG\.gradle\caches\7.0.2\executionHistory)" [_thread_blocked, id=13240, stack(0x000000afcfa00000,0x000000afcfb00000)]
  0x000001fed7596800 JavaThread "Cache worker for file content cache (C:\Users\NHAT_HOANG\.gradle\caches\7.0.2\fileContent)" [_thread_blocked, id=6376, stack(0x000000afcfc00000,0x000000afcfd00000)]
  0x000001fed6da9800 JavaThread "Memory manager" [_thread_blocked, id=7848, stack(0x000000afd0700000,0x000000afd0800000)]
  0x000001fed6da5800 JavaThread "Daemon Thread 2" [_thread_blocked, id=8092, stack(0x000000afcc200000,0x000000afcc300000)]
  0x000001fed6da6000 JavaThread "Handler for socket connection from /127.0.0.1:53085 to /127.0.0.1:65477" [_thread_in_native, id=5008, stack(0x000000afcc300000,0x000000afcc400000)]
  0x000001fed6da7000 JavaThread "Cancel handler" [_thread_blocked, id=12888, stack(0x000000afcc400000,0x000000afcc500000)]
  0x000001fed6da1800 JavaThread "Daemon worker Thread 2" [_thread_blocked, id=10304, stack(0x000000afcdb00000,0x000000afcdc00000)]
  0x000001fed6da8000 JavaThread "Asynchronous log dispatcher for DefaultDaemonConnection: socket connection from /127.0.0.1:53085 to /127.0.0.1:65477" [_thread_blocked, id=8388, stack(0x000000afcdc00000,0x000000afcdd00000)]
  0x000001fed6da2000 JavaThread "Stdin handler" [_thread_blocked, id=12736, stack(0x000000afcdd00000,0x000000afcde00000)]
  0x000001fed6da3000 JavaThread "Daemon client event forwarder" [_thread_blocked, id=1236, stack(0x000000afcde00000,0x000000afcdf00000)]
  0x000001fed6da4000 JavaThread "Cache worker for file hash cache (G:\Lan Anh\DO AN 2\SMARTHOME\.gradle\7.0.2\fileHashes)" [_thread_blocked, id=13500, stack(0x000000afcdf00000,0x000000afce000000)]
  0x000001fed6dab000 JavaThread "Cache worker for checksums cache (G:\Lan Anh\DO AN 2\SMARTHOME\.gradle\checksums)" [_thread_blocked, id=8500, stack(0x000000afce100000,0x000000afce200000)]
  0x000001fed6dad000 JavaThread "Cache worker for cache directory md-supplier (C:\Users\NHAT_HOANG\.gradle\caches\7.0.2\md-supplier)" [_thread_blocked, id=8620, stack(0x000000afceb00000,0x000000afcec00000)]
  0x000001fed6dad800 JavaThread "Cache worker for cache directory md-rule (C:\Users\NHAT_HOANG\.gradle\caches\7.0.2\md-rule)" [_thread_blocked, id=13212, stack(0x000000afcec00000,0x000000afced00000)]
  0x000001fed6dae800 JavaThread "Cache worker for dependencies-accessors (G:\Lan Anh\DO AN 2\SMARTHOME\.gradle\7.0.2\dependencies-accessors)" [_thread_blocked, id=13388, stack(0x000000afcf700000,0x000000afcf800000)]
  0x000001fed6daf000 JavaThread "Cache worker for Build Output Cleanup Cache (G:\Lan Anh\DO AN 2\SMARTHOME\.gradle\buildOutputCleanup)" [_thread_blocked, id=8384, stack(0x000000afcf800000,0x000000afcf900000)]
  0x000001fed7590800 JavaThread "Build operations" [_thread_blocked, id=7292, stack(0x000000afcfb00000,0x000000afcfc00000)]
  0x000001fed7595000 JavaThread "Build operations Thread 2" [_thread_blocked, id=6704, stack(0x000000afcfd00000,0x000000afcfe00000)]
  0x000001fed7591800 JavaThread "Build operations Thread 3" [_thread_blocked, id=8512, stack(0x000000afcfe00000,0x000000afcff00000)]
  0x000001fed7592800 JavaThread "Build operations Thread 4" [_thread_blocked, id=9892, stack(0x000000afcff00000,0x000000afd0000000)]
  0x000001fed759a800 JavaThread "Build operations Thread 5" [_thread_blocked, id=8124, stack(0x000000afd0000000,0x000000afd0100000)]
  0x000001fed7599800 JavaThread "Build operations Thread 6" [_thread_blocked, id=10792, stack(0x000000afd0100000,0x000000afd0200000)]
  0x000001fed785d800 JavaThread "Build operations Thread 7" [_thread_blocked, id=1824, stack(0x000000afd0200000,0x000000afd0300000)]
  0x000001fed7862800 JavaThread "Build operations Thread 8" [_thread_blocked, id=9372, stack(0x000000afd0300000,0x000000afd0400000)]
  0x000001fee2699000 JavaThread "build event listener" [_thread_blocked, id=10984, stack(0x000000afd0500000,0x000000afd0600000)]
  0x000001fee2697800 JavaThread "Execution worker for ':'" [_thread_blocked, id=4024, stack(0x000000afd0600000,0x000000afd0700000)]
  0x000001fee2696000 JavaThread "Execution worker for ':' Thread 2" [_thread_blocked, id=12352, stack(0x000000afd0800000,0x000000afd0900000)]
  0x000001fee269a000 JavaThread "Execution worker for ':' Thread 3" [_thread_blocked, id=3080, stack(0x000000afd0900000,0x000000afd0a00000)]
  0x000001fee2696800 JavaThread "Execution worker for ':' Thread 4" [_thread_blocked, id=13920, stack(0x000000afd0a00000,0x000000afd0b00000)]
  0x000001fee2695000 JavaThread "Execution worker for ':' Thread 5" [_thread_blocked, id=288, stack(0x000000afd0b00000,0x000000afd0c00000)]
  0x000001fee2698000 JavaThread "Execution worker for ':' Thread 6" [_thread_blocked, id=3776, stack(0x000000afd0c00000,0x000000afd0d00000)]
  0x000001fee2694000 JavaThread "Execution worker for ':' Thread 7" [_thread_blocked, id=8048, stack(0x000000afd0d00000,0x000000afd0e00000)]
  0x000001fee269e000 JavaThread "Cache worker for execution history cache (G:\Lan Anh\DO AN 2\SMARTHOME\.gradle\7.0.2\executionHistory)" [_thread_blocked, id=8520, stack(0x000000afd0e00000,0x000000afd0f00000)]
  0x000001fee269f800 JavaThread "WorkerExecutor Queue Thread 2" [_thread_blocked, id=13728, stack(0x000000afd1000000,0x000000afd1100000)]
  0x000001fee269c800 JavaThread "WorkerExecutor Queue Thread 3" [_thread_in_vm, id=6420, stack(0x000000afd1100000,0x000000afd1200000)]
  0x000001fee269e800 JavaThread "WorkerExecutor Queue Thread 4" [_thread_blocked, id=9320, stack(0x000000afd1200000,0x000000afd1300000)]
  0x000001fee269d000 JavaThread "WorkerExecutor Queue Thread 5" [_thread_blocked, id=3332, stack(0x000000afd1300000,0x000000afd1400000)]
  0x000001fee26a0800 JavaThread "WorkerExecutor Queue Thread 6" [_thread_in_vm, id=10748, stack(0x000000afd1400000,0x000000afd1500000)]
  0x000001fee26a2000 JavaThread "WorkerExecutor Queue Thread 7" [_thread_in_vm, id=12992, stack(0x000000afd1500000,0x000000afd1600000)]
  0x000001fee26a3000 JavaThread "WorkerExecutor Queue Thread 8" [_thread_blocked, id=10756, stack(0x000000afce000000,0x000000afce100000)]
  0x000001fed6db0000 JavaThread "pool-4-thread-1" [_thread_blocked, id=11900, stack(0x000000afd1700000,0x000000afd1800000)]
  0x000001fedf1aa000 JavaThread "stderr" [_thread_in_native, id=9624, stack(0x000000afd1800000,0x000000afd1900000)]
  0x000001fedf1a6000 JavaThread "stdout" [_thread_in_native, id=1596, stack(0x000000afd1900000,0x000000afd1a00000)]
  0x000001fedf1a8800 JavaThread "Cache worker for Java compile cache (C:\Users\NHAT_HOANG\.gradle\caches\7.0.2\javaCompile)" [_thread_blocked, id=8208, stack(0x000000afd1600000,0x000000afd1700000)]
  0x000001fedf1a9000 JavaThread "Cache worker for Java compile cache (G:\Lan Anh\DO AN 2\SMARTHOME\.gradle\7.0.2\javaCompile)" [_thread_blocked, id=14208, stack(0x000000afd1a00000,0x000000afd1b00000)]
  0x000001fedf1a6800 JavaThread "WorkerExecutor Queue Thread 9" [_thread_in_vm, id=6628, stack(0x000000afcf900000,0x000000afcfa00000)]

Other Threads:
  0x000001fed427e800 VMThread "VM Thread" [stack: 0x000000afccb00000,0x000000afccc00000] [id=1328]
  0x000001fed4d7e800 WatcherThread [stack: 0x000000afcd500000,0x000000afcd600000] [id=13236]
  0x000001feb9668000 GCTaskThread "GC Thread#0" [stack: 0x000000afcc600000,0x000000afcc700000] [id=7844]
  0x000001fed5369000 GCTaskThread "GC Thread#1" [stack: 0x000000afcd800000,0x000000afcd900000] [id=10628]
  0x000001fed5874800 GCTaskThread "GC Thread#2" [stack: 0x000000afcd900000,0x000000afcda00000] [id=11212]
  0x000001fed6bdd000 GCTaskThread "GC Thread#3" [stack: 0x000000afce200000,0x000000afce300000] [id=8172]
  0x000001fed78d7800 GCTaskThread "GC Thread#4" [stack: 0x000000afce300000,0x000000afce400000] [id=5064]
  0x000001fed74e8000 GCTaskThread "GC Thread#5" [stack: 0x000000afce400000,0x000000afce500000] [id=9972]
  0x000001fed5d8f800 GCTaskThread "GC Thread#6" [stack: 0x000000afce500000,0x000000afce600000] [id=11800]
  0x000001fed5d90800 GCTaskThread "GC Thread#7" [stack: 0x000000afce600000,0x000000afce700000] [id=5332]
  0x000001feb9698000 ConcurrentGCThread "G1 Main Marker" [stack: 0x000000afcc700000,0x000000afcc800000] [id=13404]
  0x000001feb9699800 ConcurrentGCThread "G1 Conc#0" [stack: 0x000000afcc800000,0x000000afcc900000] [id=13616]
  0x000001fed6c4b000 ConcurrentGCThread "G1 Conc#1" [stack: 0x000000afce900000,0x000000afcea00000] [id=5108]
  0x000001fed40d0800 ConcurrentGCThread "G1 Refine#0" [stack: 0x000000afcc900000,0x000000afcca00000] [id=6876]
  0x000001fed7e47800 ConcurrentGCThread "G1 Refine#1" [stack: 0x000000afd0400000,0x000000afd0500000] [id=4456]
  0x000001fed40d1800 ConcurrentGCThread "G1 Young RemSet Sampling" [stack: 0x000000afcca00000,0x000000afccb00000] [id=8868]

Threads with active compile tasks:
C2 CompilerThread04541095 17637  s!   4       jdk.internal.loader.URLClassPath::getLoader (194 bytes)

VM state:not at safepoint (normal execution)

VM Mutex/Monitor currently owned by a thread: None

Heap address: 0x0000000080000000, size: 2048 MB, Compressed Oops mode: 32-bit
Narrow klass base: 0x0000000000000000, Narrow klass shift: 3
Compressed class space size: 1073741824 Address: 0x0000000100000000

Heap:
 garbage-first heap   total 225280K, used 144210K [0x0000000080000000, 0x0000000100000000)
  region size 1024K, 10 young (10240K), 7 survivors (7168K)
 Metaspace       used 131921K, capacity 135349K, committed 135552K, reserved 1167360K
  class space    used 16943K, capacity 18290K, committed 18304K, reserved 1048576K
Heap Regions: E=young(eden), S=young(survivor), O=old, HS=humongous(starts), HC=humongous(continues), CS=collection set, F=free, A=archive, TAMS=top-at-mark-start (previous, next)
|   0|0x0000000080000000, 0x0000000080100000, 0x0000000080100000|100%| O|  |TAMS 0x0000000080100000, 0x0000000080000000| Untracked 
|   1|0x0000000080100000, 0x0000000080200000, 0x0000000080200000|100%| O|  |TAMS 0x0000000080200000, 0x0000000080100000| Untracked 
|   2|0x0000000080200000, 0x0000000080300000, 0x0000000080300000|100%| O|  |TAMS 0x0000000080300000, 0x0000000080200000| Untracked 
|   3|0x0000000080300000, 0x0000000080400000, 0x0000000080400000|100%|HS|  |TAMS 0x0000000080400000, 0x0000000080300000| Complete 
|   4|0x0000000080400000, 0x0000000080500000, 0x0000000080500000|100%|HC|  |TAMS 0x0000000080500000, 0x0000000080400000| Complete 
|   5|0x0000000080500000, 0x0000000080600000, 0x0000000080600000|100%|HC|  |TAMS 0x0000000080600000, 0x0000000080500000| Complete 
|   6|0x0000000080600000, 0x0000000080700000, 0x0000000080700000|100%| O|  |TAMS 0x0000000080700000, 0x0000000080600000| Untracked 
|   7|0x0000000080700000, 0x0000000080800000, 0x0000000080800000|100%| O|  |TAMS 0x0000000080800000, 0x0000000080700000| Untracked 
|   8|0x0000000080800000, 0x0000000080900000, 0x0000000080900000|100%| O|  |TAMS 0x0000000080900000, 0x0000000080800000| Untracked 
|   9|0x0000000080900000, 0x0000000080a00000, 0x0000000080a00000|100%| O|  |TAMS 0x0000000080a00000, 0x0000000080900000| Untracked 
|  10|0x0000000080a00000, 0x0000000080b00000, 0x0000000080b00000|100%| O|  |TAMS 0x0000000080b00000, 0x0000000080a00000| Untracked 
|  11|0x0000000080b00000, 0x0000000080c00000, 0x0000000080c00000|100%| O|  |TAMS 0x0000000080c00000, 0x0000000080b00000| Untracked 
|  12|0x0000000080c00000, 0x0000000080d00000, 0x0000000080d00000|100%| O|  |TAMS 0x0000000080d00000, 0x0000000080c00000| Untracked 
|  13|0x0000000080d00000, 0x0000000080e00000, 0x0000000080e00000|100%| O|  |TAMS 0x0000000080e00000, 0x0000000080d00000| Untracked 
|  14|0x0000000080e00000, 0x0000000080f00000, 0x0000000080f00000|100%| O|  |TAMS 0x0000000080f00000, 0x0000000080e00000| Untracked 
|  15|0x0000000080f00000, 0x0000000081000000, 0x0000000081000000|100%| O|  |TAMS 0x0000000081000000, 0x0000000080f00000| Untracked 
|  16|0x0000000081000000, 0x0000000081100000, 0x0000000081100000|100%|HS|  |TAMS 0x0000000081100000, 0x0000000081000000| Complete 
|  17|0x0000000081100000, 0x0000000081200000, 0x0000000081200000|100%|HC|  |TAMS 0x0000000081200000, 0x0000000081100000| Complete 
|  18|0x0000000081200000, 0x0000000081300000, 0x0000000081300000|100%|HS|  |TAMS 0x0000000081300000, 0x0000000081200000| Complete 
|  19|0x0000000081300000, 0x0000000081400000, 0x0000000081400000|100%|HC|  |TAMS 0x0000000081400000, 0x0000000081300000| Complete 
|  20|0x0000000081400000, 0x0000000081500000, 0x0000000081500000|100%|HC|  |TAMS 0x0000000081500000, 0x0000000081400000| Complete 
|  21|0x0000000081500000, 0x0000000081600000, 0x0000000081600000|100%|HS|  |TAMS 0x0000000081600000, 0x0000000081500000| Complete 
|  22|0x0000000081600000, 0x0000000081700000, 0x0000000081700000|100%|HC|  |TAMS 0x0000000081700000, 0x0000000081600000| Complete 
|  23|0x0000000081700000, 0x0000000081800000, 0x0000000081800000|100%|HC|  |TAMS 0x0000000081800000, 0x0000000081700000| Complete 
|  24|0x0000000081800000, 0x0000000081900000, 0x0000000081900000|100%|HC|  |TAMS 0x0000000081900000, 0x0000000081800000| Complete 
|  25|0x0000000081900000, 0x0000000081a00000, 0x0000000081a00000|100%|HC|  |TAMS 0x0000000081a00000, 0x0000000081900000| Complete 
|  26|0x0000000081a00000, 0x0000000081b00000, 0x0000000081b00000|100%| O|  |TAMS 0x0000000081b00000, 0x0000000081a00000| Untracked 
|  27|0x0000000081b00000, 0x0000000081c00000, 0x0000000081c00000|100%| O|  |TAMS 0x0000000081c00000, 0x0000000081b00000| Untracked 
|  28|0x0000000081c00000, 0x0000000081d00000, 0x0000000081d00000|100%| O|  |TAMS 0x0000000081d00000, 0x0000000081c00000| Untracked 
|  29|0x0000000081d00000, 0x0000000081e00000, 0x0000000081e00000|100%| O|  |TAMS 0x0000000081e00000, 0x0000000081d00000| Untracked 
|  30|0x0000000081e00000, 0x0000000081f00000, 0x0000000081f00000|100%| O|  |TAMS 0x0000000081f00000, 0x0000000081e00000| Untracked 
|  31|0x0000000081f00000, 0x0000000082000000, 0x0000000082000000|100%| O|  |TAMS 0x0000000082000000, 0x0000000081f00000| Untracked 
|  32|0x0000000082000000, 0x0000000082100000, 0x0000000082100000|100%| O|  |TAMS 0x0000000082100000, 0x0000000082000000| Untracked 
|  33|0x0000000082100000, 0x0000000082200000, 0x0000000082200000|100%|HS|  |TAMS 0x0000000082200000, 0x0000000082100000| Complete 
|  34|0x0000000082200000, 0x0000000082300000, 0x0000000082300000|100%|HC|  |TAMS 0x0000000082300000, 0x0000000082200000| Complete 
|  35|0x0000000082300000, 0x0000000082400000, 0x0000000082400000|100%|HC|  |TAMS 0x0000000082400000, 0x0000000082300000| Complete 
|  36|0x0000000082400000, 0x0000000082500000, 0x0000000082500000|100%|HC|  |TAMS 0x0000000082500000, 0x0000000082400000| Complete 
|  37|0x0000000082500000, 0x0000000082600000, 0x0000000082600000|100%|HC|  |TAMS 0x0000000082600000, 0x0000000082500000| Complete 
|  38|0x0000000082600000, 0x0000000082700000, 0x0000000082700000|100%| O|  |TAMS 0x0000000082700000, 0x0000000082600000| Untracked 
|  39|0x0000000082700000, 0x0000000082800000, 0x0000000082800000|100%| O|  |TAMS 0x0000000082800000, 0x0000000082700000| Untracked 
|  40|0x0000000082800000, 0x0000000082900000, 0x0000000082900000|100%| O|  |TAMS 0x0000000082900000, 0x0000000082800000| Untracked 
|  41|0x0000000082900000, 0x0000000082a00000, 0x0000000082a00000|100%| O|  |TAMS 0x0000000082a00000, 0x0000000082900000| Untracked 
|  42|0x0000000082a00000, 0x0000000082b00000, 0x0000000082b00000|100%| O|  |TAMS 0x0000000082b00000, 0x0000000082a00000| Untracked 
|  43|0x0000000082b00000, 0x0000000082c00000, 0x0000000082c00000|100%| O|  |TAMS 0x0000000082c00000, 0x0000000082b00000| Untracked 
|  44|0x0000000082c00000, 0x0000000082d00000, 0x0000000082d00000|100%| O|  |TAMS 0x0000000082d00000, 0x0000000082c00000| Untracked 
|  45|0x0000000082d00000, 0x0000000082e00000, 0x0000000082e00000|100%|HS|  |TAMS 0x0000000082e00000, 0x0000000082d00000| Complete 
|  46|0x0000000082e00000, 0x0000000082f00000, 0x0000000082f00000|100%|HC|  |TAMS 0x0000000082f00000, 0x0000000082e00000| Complete 
|  47|0x0000000082f00000, 0x0000000083000000, 0x0000000083000000|100%|HC|  |TAMS 0x0000000083000000, 0x0000000082f00000| Complete 
|  48|0x0000000083000000, 0x0000000083100000, 0x0000000083100000|100%| O|  |TAMS 0x0000000083100000, 0x0000000083000000| Untracked 
|  49|0x0000000083100000, 0x0000000083200000, 0x0000000083200000|100%| O|  |TAMS 0x0000000083200000, 0x0000000083100000| Untracked 
|  50|0x0000000083200000, 0x0000000083300000, 0x0000000083300000|100%| O|  |TAMS 0x0000000083300000, 0x0000000083200000| Untracked 
|  51|0x0000000083300000, 0x0000000083400000, 0x0000000083400000|100%| O|  |TAMS 0x0000000083300000, 0x0000000083300000| Untracked 
|  52|0x0000000083400000, 0x0000000083500000, 0x0000000083500000|100%|HS|  |TAMS 0x0000000083500000, 0x0000000083400000| Complete 
|  53|0x0000000083500000, 0x0000000083600000, 0x0000000083600000|100%| O|  |TAMS 0x0000000083600000, 0x0000000083500000| Untracked 
|  54|0x0000000083600000, 0x0000000083700000, 0x0000000083700000|100%| O|  |TAMS 0x0000000083600000, 0x0000000083600000| Untracked 
|  55|0x0000000083700000, 0x0000000083800000, 0x0000000083800000|100%| O|  |TAMS 0x0000000083800000, 0x0000000083700000| Untracked 
|  56|0x0000000083800000, 0x0000000083900000, 0x0000000083900000|100%|HS|  |TAMS 0x0000000083900000, 0x0000000083800000| Complete 
|  57|0x0000000083900000, 0x0000000083a00000, 0x0000000083a00000|100%|HS|  |TAMS 0x0000000083a00000, 0x0000000083900000| Complete 
|  58|0x0000000083a00000, 0x0000000083b00000, 0x0000000083b00000|100%|HC|  |TAMS 0x0000000083b00000, 0x0000000083a00000| Complete 
|  59|0x0000000083b00000, 0x0000000083c00000, 0x0000000083c00000|100%| O|  |TAMS 0x0000000083b00000, 0x0000000083b00000| Untracked 
|  60|0x0000000083c00000, 0x0000000083d00000, 0x0000000083d00000|100%| O|  |TAMS 0x0000000083c00000, 0x0000000083c00000| Untracked 
|  61|0x0000000083d00000, 0x0000000083e00000, 0x0000000083e00000|100%| O|  |TAMS 0x0000000083e00000, 0x0000000083d00000| Untracked 
|  62|0x0000000083e00000, 0x0000000083f00000, 0x0000000083f00000|100%| O|  |TAMS 0x0000000083f00000, 0x0000000083e00000| Untracked 
|  63|0x0000000083f00000, 0x0000000084000000, 0x0000000084000000|100%| O|  |TAMS 0x0000000084000000, 0x0000000083f00000| Untracked 
|  64|0x0000000084000000, 0x0000000084100000, 0x0000000084100000|100%| O|  |TAMS 0x0000000084000000, 0x0000000084000000| Untracked 
|  65|0x0000000084100000, 0x0000000084200000, 0x0000000084200000|100%| O|  |TAMS 0x0000000084200000, 0x0000000084100000| Untracked 
|  66|0x0000000084200000, 0x0000000084300000, 0x0000000084300000|100%| O|  |TAMS 0x0000000084300000, 0x0000000084200000| Untracked 
|  67|0x0000000084300000, 0x0000000084400000, 0x0000000084400000|100%| O|  |TAMS 0x0000000084400000, 0x0000000084300000| Untracked 
|  68|0x0000000084400000, 0x0000000084500000, 0x0000000084500000|100%| O|  |TAMS 0x0000000084400000, 0x0000000084400000| Untracked 
|  69|0x0000000084500000, 0x0000000084600000, 0x0000000084600000|100%| O|  |TAMS 0x0000000084500000, 0x0000000084500000| Untracked 
|  70|0x0000000084600000, 0x0000000084700000, 0x0000000084700000|100%| O|  |TAMS 0x0000000084700000, 0x0000000084600000| Untracked 
|  71|0x0000000084700000, 0x0000000084800000, 0x0000000084800000|100%| O|  |TAMS 0x0000000084800000, 0x0000000084700000| Untracked 
|  72|0x0000000084800000, 0x0000000084900000, 0x0000000084900000|100%| O|  |TAMS 0x0000000084900000, 0x0000000084800000| Untracked 
|  73|0x0000000084900000, 0x0000000084a00000, 0x0000000084a00000|100%| O|  |TAMS 0x0000000084a00000, 0x0000000084900000| Untracked 
|  74|0x0000000084a00000, 0x0000000084b00000, 0x0000000084b00000|100%| O|  |TAMS 0x0000000084a00000, 0x0000000084a00000| Untracked 
|  75|0x0000000084b00000, 0x0000000084c00000, 0x0000000084c00000|100%| O|  |TAMS 0x0000000084b00000, 0x0000000084b00000| Untracked 
|  76|0x0000000084c00000, 0x0000000084d00000, 0x0000000084d00000|100%| O|  |TAMS 0x0000000084c00000, 0x0000000084c00000| Untracked 
|  77|0x0000000084d00000, 0x0000000084e00000, 0x0000000084e00000|100%| O|  |TAMS 0x0000000084e00000, 0x0000000084d00000| Untracked 
|  78|0x0000000084e00000, 0x0000000084f00000, 0x0000000084f00000|100%| O|  |TAMS 0x0000000084f00000, 0x0000000084e00000| Untracked 
|  79|0x0000000084f00000, 0x0000000085000000, 0x0000000085000000|100%| O|  |TAMS 0x0000000085000000, 0x0000000084f00000| Untracked 
|  80|0x0000000085000000, 0x0000000085100000, 0x0000000085100000|100%| O|  |TAMS 0x0000000085100000, 0x0000000085000000| Untracked 
|  81|0x0000000085100000, 0x0000000085200000, 0x0000000085200000|100%| O|  |TAMS 0x0000000085100000, 0x0000000085100000| Untracked 
|  82|0x0000000085200000, 0x0000000085300000, 0x0000000085300000|100%| O|  |TAMS 0x0000000085200000, 0x0000000085200000| Untracked 
|  83|0x0000000085300000, 0x0000000085400000, 0x0000000085400000|100%| O|  |TAMS 0x0000000085300000, 0x0000000085300000| Untracked 
|  84|0x0000000085400000, 0x0000000085500000, 0x0000000085500000|100%| O|  |TAMS 0x0000000085400000, 0x0000000085400000| Untracked 
|  85|0x0000000085500000, 0x0000000085600000, 0x0000000085600000|100%| O|  |TAMS 0x0000000085600000, 0x0000000085500000| Untracked 
|  86|0x0000000085600000, 0x0000000085700000, 0x0000000085700000|100%| O|  |TAMS 0x00000000856cfc00, 0x0000000085600000| Untracked 
|  87|0x0000000085700000, 0x0000000085800000, 0x0000000085800000|100%| O|  |TAMS 0x0000000085700000, 0x0000000085700000| Untracked 
|  88|0x0000000085800000, 0x0000000085900000, 0x0000000085900000|100%| O|  |TAMS 0x0000000085800000, 0x0000000085800000| Untracked 
|  89|0x0000000085900000, 0x0000000085a00000, 0x0000000085a00000|100%| O|  |TAMS 0x0000000085a00000, 0x0000000085900000| Untracked 
|  90|0x0000000085a00000, 0x0000000085b00000, 0x0000000085b00000|100%| O|  |TAMS 0x0000000085a00000, 0x0000000085a00000| Untracked 
|  91|0x0000000085b00000, 0x0000000085c00000, 0x0000000085c00000|100%| O|  |TAMS 0x0000000085b00000, 0x0000000085b00000| Untracked 
|  92|0x0000000085c00000, 0x0000000085d00000, 0x0000000085d00000|100%| O|  |TAMS 0x0000000085c00000, 0x0000000085c00000| Untracked 
|  93|0x0000000085d00000, 0x0000000085e00000, 0x0000000085e00000|100%| O|  |TAMS 0x0000000085d00000, 0x0000000085d00000| Untracked 
|  94|0x0000000085e00000, 0x0000000085f00000, 0x0000000085f00000|100%| O|  |TAMS 0x0000000085f00000, 0x0000000085e00000| Untracked 
|  95|0x0000000085f00000, 0x0000000086000000, 0x0000000086000000|100%| O|  |TAMS 0x0000000086000000, 0x0000000085f00000| Untracked 
|  96|0x0000000086000000, 0x0000000086100000, 0x0000000086100000|100%| O|  |TAMS 0x0000000086100000, 0x0000000086000000| Untracked 
|  97|0x0000000086100000, 0x0000000086200000, 0x0000000086200000|100%| O|  |TAMS 0x0000000086200000, 0x0000000086100000| Untracked 
|  98|0x0000000086200000, 0x0000000086300000, 0x0000000086300000|100%|HS|  |TAMS 0x0000000086200000, 0x0000000086200000| Complete 
|  99|0x0000000086300000, 0x0000000086400000, 0x0000000086400000|100%|HC|  |TAMS 0x0000000086300000, 0x0000000086300000| Complete 
| 100|0x0000000086400000, 0x0000000086500000, 0x0000000086500000|100%| O|  |TAMS 0x0000000086400000, 0x0000000086400000| Untracked 
| 101|0x0000000086500000, 0x0000000086600000, 0x0000000086600000|100%| O|  |TAMS 0x0000000086600000, 0x0000000086500000| Untracked 
| 102|0x0000000086600000, 0x0000000086700000, 0x0000000086700000|100%| O|  |TAMS 0x0000000086700000, 0x0000000086600000| Untracked 
| 103|0x0000000086700000, 0x0000000086800000, 0x0000000086800000|100%| O|  |TAMS 0x0000000086800000, 0x0000000086700000| Untracked 
| 104|0x0000000086800000, 0x0000000086900000, 0x0000000086900000|100%| O|  |TAMS 0x0000000086900000, 0x0000000086800000| Untracked 
| 105|0x0000000086900000, 0x0000000086a00000, 0x0000000086a00000|100%| O|  |TAMS 0x0000000086a00000, 0x0000000086900000| Untracked 
| 106|0x0000000086a00000, 0x0000000086b00000, 0x0000000086b00000|100%| O|  |TAMS 0x0000000086b00000, 0x0000000086a00000| Untracked 
| 107|0x0000000086b00000, 0x0000000086c00000, 0x0000000086c00000|100%| O|  |TAMS 0x0000000086c00000, 0x0000000086b00000| Untracked 
| 108|0x0000000086c00000, 0x0000000086d00000, 0x0000000086d00000|100%| O|  |TAMS 0x0000000086d00000, 0x0000000086c00000| Untracked 
| 109|0x0000000086d00000, 0x0000000086e00000, 0x0000000086e00000|100%| O|  |TAMS 0x0000000086e00000, 0x0000000086d00000| Untracked 
| 110|0x0000000086e00000, 0x0000000086f00000, 0x0000000086f00000|100%| O|  |TAMS 0x0000000086e00000, 0x0000000086e00000| Untracked 
| 111|0x0000000086f00000, 0x0000000087000000, 0x0000000087000000|100%| O|  |TAMS 0x0000000087000000, 0x0000000086f00000| Untracked 
| 112|0x0000000087000000, 0x0000000087100000, 0x0000000087100000|100%| O|  |TAMS 0x0000000087100000, 0x0000000087000000| Untracked 
| 113|0x0000000087100000, 0x0000000087200000, 0x0000000087200000|100%| O|  |TAMS 0x0000000087200000, 0x0000000087100000| Untracked 
| 114|0x0000000087200000, 0x0000000087300000, 0x0000000087300000|100%| O|  |TAMS 0x0000000087300000, 0x0000000087200000| Untracked 
| 115|0x0000000087300000, 0x0000000087400000, 0x0000000087400000|100%| O|  |TAMS 0x0000000087300000, 0x0000000087300000| Untracked 
| 116|0x0000000087400000, 0x0000000087500000, 0x0000000087500000|100%| O|  |TAMS 0x0000000087400000, 0x0000000087400000| Untracked 
| 117|0x0000000087500000, 0x0000000087600000, 0x0000000087600000|100%| O|  |TAMS 0x0000000087500000, 0x0000000087500000| Untracked 
| 118|0x0000000087600000, 0x0000000087700000, 0x0000000087700000|100%| O|  |TAMS 0x0000000087600000, 0x0000000087600000| Untracked 
| 119|0x0000000087700000, 0x0000000087800000, 0x0000000087800000|100%| O|  |TAMS 0x0000000087700000, 0x0000000087700000| Untracked 
| 120|0x0000000087800000, 0x0000000087900000, 0x0000000087900000|100%| O|  |TAMS 0x0000000087800000, 0x0000000087800000| Untracked 
| 121|0x0000000087900000, 0x0000000087a00000, 0x0000000087a00000|100%| O|  |TAMS 0x0000000087900000, 0x0000000087900000| Untracked 
| 122|0x0000000087a00000, 0x0000000087ad4800, 0x0000000087b00000| 83%| O|  |TAMS 0x0000000087a00000, 0x0000000087a00000| Untracked 
| 123|0x0000000087b00000, 0x0000000087c00000, 0x0000000087c00000|100%| O|  |TAMS 0x0000000087c00000, 0x0000000087b00000| Untracked 
| 124|0x0000000087c00000, 0x0000000087d00000, 0x0000000087d00000|100%| O|  |TAMS 0x0000000087d00000, 0x0000000087c00000| Untracked 
| 125|0x0000000087d00000, 0x0000000087e00000, 0x0000000087e00000|100%| O|  |TAMS 0x0000000087e00000, 0x0000000087d00000| Untracked 
| 126|0x0000000087e00000, 0x0000000087f00000, 0x0000000087f00000|100%| O|  |TAMS 0x0000000087f00000, 0x0000000087e00000| Untracked 
| 127|0x0000000087f00000, 0x0000000088000000, 0x0000000088000000|100%| O|  |TAMS 0x0000000088000000, 0x0000000087f00000| Untracked 
| 128|0x0000000088000000, 0x0000000088100000, 0x0000000088100000|100%| O|  |TAMS 0x0000000088100000, 0x0000000088000000| Untracked 
| 129|0x0000000088100000, 0x0000000088200000, 0x0000000088200000|100%| O|  |TAMS 0x0000000088200000, 0x0000000088100000| Untracked 
| 130|0x0000000088200000, 0x0000000088300000, 0x0000000088300000|100%| O|  |TAMS 0x0000000088300000, 0x0000000088200000| Untracked 
| 131|0x0000000088300000, 0x0000000088300000, 0x0000000088400000|  0%| F|  |TAMS 0x0000000088300000, 0x0000000088300000| Untracked 
| 132|0x0000000088400000, 0x0000000088400000, 0x0000000088500000|  0%| F|  |TAMS 0x0000000088400000, 0x0000000088400000| Untracked 
| 133|0x0000000088500000, 0x0000000088500000, 0x0000000088600000|  0%| F|  |TAMS 0x0000000088500000, 0x0000000088500000| Untracked 
| 134|0x0000000088600000, 0x0000000088600000, 0x0000000088700000|  0%| F|  |TAMS 0x0000000088600000, 0x0000000088600000| Untracked 
| 135|0x0000000088700000, 0x0000000088700000, 0x0000000088800000|  0%| F|  |TAMS 0x0000000088700000, 0x0000000088700000| Untracked 
| 136|0x0000000088800000, 0x0000000088800000, 0x0000000088900000|  0%| F|  |TAMS 0x0000000088800000, 0x0000000088800000| Untracked 
| 137|0x0000000088900000, 0x0000000088a00000, 0x0000000088a00000|100%| O|  |TAMS 0x0000000088a00000, 0x0000000088900000| Untracked 
| 138|0x0000000088a00000, 0x0000000088a00000, 0x0000000088b00000|  0%| F|  |TAMS 0x0000000088a00000, 0x0000000088a00000| Untracked 
| 139|0x0000000088b00000, 0x0000000088b00000, 0x0000000088c00000|  0%| F|  |TAMS 0x0000000088b00000, 0x0000000088b00000| Untracked 
| 140|0x0000000088c00000, 0x0000000088c00000, 0x0000000088d00000|  0%| F|  |TAMS 0x0000000088c00000, 0x0000000088c00000| Untracked 
| 141|0x0000000088d00000, 0x0000000088d00000, 0x0000000088e00000|  0%| F|  |TAMS 0x0000000088d00000, 0x0000000088d00000| Untracked 
| 142|0x0000000088e00000, 0x0000000088e00000, 0x0000000088f00000|  0%| F|  |TAMS 0x0000000088e00000, 0x0000000088e00000| Untracked 
| 143|0x0000000088f00000, 0x0000000088f00000, 0x0000000089000000|  0%| F|  |TAMS 0x0000000088f00000, 0x0000000088f00000| Untracked 
| 144|0x0000000089000000, 0x0000000089000000, 0x0000000089100000|  0%| F|  |TAMS 0x0000000089000000, 0x0000000089000000| Untracked 
| 145|0x0000000089100000, 0x0000000089100000, 0x0000000089200000|  0%| F|  |TAMS 0x0000000089100000, 0x0000000089100000| Untracked 
| 146|0x0000000089200000, 0x0000000089200000, 0x0000000089300000|  0%| F|  |TAMS 0x0000000089200000, 0x0000000089200000| Untracked 
| 147|0x0000000089300000, 0x0000000089300000, 0x0000000089400000|  0%| F|  |TAMS 0x0000000089300000, 0x0000000089300000| Untracked 
| 148|0x0000000089400000, 0x0000000089400000, 0x0000000089500000|  0%| F|  |TAMS 0x0000000089400000, 0x0000000089400000| Untracked 
| 149|0x0000000089500000, 0x0000000089500000, 0x0000000089600000|  0%| F|  |TAMS 0x0000000089500000, 0x0000000089500000| Untracked 
| 150|0x0000000089600000, 0x0000000089600000, 0x0000000089700000|  0%| F|  |TAMS 0x0000000089600000, 0x0000000089600000| Untracked 
| 151|0x0000000089700000, 0x0000000089700000, 0x0000000089800000|  0%| F|  |TAMS 0x0000000089700000, 0x0000000089700000| Untracked 
| 152|0x0000000089800000, 0x0000000089800000, 0x0000000089900000|  0%| F|  |TAMS 0x0000000089800000, 0x0000000089800000| Untracked 
| 153|0x0000000089900000, 0x0000000089900000, 0x0000000089a00000|  0%| F|  |TAMS 0x0000000089900000, 0x0000000089900000| Untracked 
| 154|0x0000000089a00000, 0x0000000089a00000, 0x0000000089b00000|  0%| F|  |TAMS 0x0000000089a00000, 0x0000000089a00000| Untracked 
| 155|0x0000000089b00000, 0x0000000089b00000, 0x0000000089c00000|  0%| F|  |TAMS 0x0000000089b00000, 0x0000000089b00000| Untracked 
| 156|0x0000000089c00000, 0x0000000089c00000, 0x0000000089d00000|  0%| F|  |TAMS 0x0000000089c00000, 0x0000000089c00000| Untracked 
| 157|0x0000000089d00000, 0x0000000089d00000, 0x0000000089e00000|  0%| F|  |TAMS 0x0000000089d00000, 0x0000000089d00000| Untracked 
| 158|0x0000000089e00000, 0x0000000089e00000, 0x0000000089f00000|  0%| F|  |TAMS 0x0000000089e00000, 0x0000000089e00000| Untracked 
| 159|0x0000000089f00000, 0x0000000089f00000, 0x000000008a000000|  0%| F|  |TAMS 0x0000000089f00000, 0x0000000089f00000| Untracked 
| 160|0x000000008a000000, 0x000000008a000000, 0x000000008a100000|  0%| F|  |TAMS 0x000000008a000000, 0x000000008a000000| Untracked 
| 161|0x000000008a100000, 0x000000008a200000, 0x000000008a200000|100%| S|CS|TAMS 0x000000008a100000, 0x000000008a100000| Complete 
| 162|0x000000008a200000, 0x000000008a300000, 0x000000008a300000|100%| S|CS|TAMS 0x000000008a200000, 0x000000008a200000| Complete 
| 163|0x000000008a300000, 0x000000008a400000, 0x000000008a400000|100%| S|CS|TAMS 0x000000008a300000, 0x000000008a300000| Complete 
| 164|0x000000008a400000, 0x000000008a500000, 0x000000008a500000|100%| S|CS|TAMS 0x000000008a400000, 0x000000008a400000| Complete 
| 165|0x000000008a500000, 0x000000008a600000, 0x000000008a600000|100%| S|CS|TAMS 0x000000008a500000, 0x000000008a500000| Complete 
| 166|0x000000008a600000, 0x000000008a700000, 0x000000008a700000|100%| S|CS|TAMS 0x000000008a600000, 0x000000008a600000| Complete 
| 167|0x000000008a700000, 0x000000008a800000, 0x000000008a800000|100%| S|CS|TAMS 0x000000008a700000, 0x000000008a700000| Complete 
| 168|0x000000008a800000, 0x000000008a800000, 0x000000008a900000|  0%| F|  |TAMS 0x000000008a800000, 0x000000008a800000| Untracked 
| 169|0x000000008a900000, 0x000000008a900000, 0x000000008aa00000|  0%| F|  |TAMS 0x000000008a900000, 0x000000008a900000| Untracked 
| 170|0x000000008aa00000, 0x000000008aa00000, 0x000000008ab00000|  0%| F|  |TAMS 0x000000008aa00000, 0x000000008aa00000| Untracked 
| 171|0x000000008ab00000, 0x000000008ab00000, 0x000000008ac00000|  0%| F|  |TAMS 0x000000008ab00000, 0x000000008ab00000| Untracked 
| 172|0x000000008ac00000, 0x000000008ac00000, 0x000000008ad00000|  0%| F|  |TAMS 0x000000008ac00000, 0x000000008ac00000| Untracked 
| 173|0x000000008ad00000, 0x000000008ad00000, 0x000000008ae00000|  0%| F|  |TAMS 0x000000008ad00000, 0x000000008ad00000| Untracked 
| 174|0x000000008ae00000, 0x000000008ae00000, 0x000000008af00000|  0%| F|  |TAMS 0x000000008ae00000, 0x000000008ae00000| Untracked 
| 175|0x000000008af00000, 0x000000008af00000, 0x000000008b000000|  0%| F|  |TAMS 0x000000008af00000, 0x000000008af00000| Untracked 
| 176|0x000000008b000000, 0x000000008b000000, 0x000000008b100000|  0%| F|  |TAMS 0x000000008b000000, 0x000000008b000000| Untracked 
| 177|0x000000008b100000, 0x000000008b100000, 0x000000008b200000|  0%| F|  |TAMS 0x000000008b100000, 0x000000008b100000| Untracked 
| 178|0x000000008b200000, 0x000000008b200000, 0x000000008b300000|  0%| F|  |TAMS 0x000000008b200000, 0x000000008b200000| Untracked 
| 179|0x000000008b300000, 0x000000008b300000, 0x000000008b400000|  0%| F|  |TAMS 0x000000008b300000, 0x000000008b300000| Untracked 
| 180|0x000000008b400000, 0x000000008b400000, 0x000000008b500000|  0%| F|  |TAMS 0x000000008b400000, 0x000000008b400000| Untracked 
| 181|0x000000008b500000, 0x000000008b500000, 0x000000008b600000|  0%| F|  |TAMS 0x000000008b500000, 0x000000008b500000| Untracked 
| 182|0x000000008b600000, 0x000000008b600000, 0x000000008b700000|  0%| F|  |TAMS 0x000000008b600000, 0x000000008b600000| Untracked 
| 183|0x000000008b700000, 0x000000008b700000, 0x000000008b800000|  0%| F|  |TAMS 0x000000008b700000, 0x000000008b700000| Untracked 
| 184|0x000000008b800000, 0x000000008b800000, 0x000000008b900000|  0%| F|  |TAMS 0x000000008b800000, 0x000000008b800000| Untracked 
| 185|0x000000008b900000, 0x000000008b900000, 0x000000008ba00000|  0%| F|  |TAMS 0x000000008b900000, 0x000000008b900000| Untracked 
| 186|0x000000008ba00000, 0x000000008ba00000, 0x000000008bb00000|  0%| F|  |TAMS 0x000000008ba00000, 0x000000008ba00000| Untracked 
| 187|0x000000008bb00000, 0x000000008bb00000, 0x000000008bc00000|  0%| F|  |TAMS 0x000000008bb00000, 0x000000008bb00000| Untracked 
| 188|0x000000008bc00000, 0x000000008bc00000, 0x000000008bd00000|  0%| F|  |TAMS 0x000000008bc00000, 0x000000008bc00000| Untracked 
| 189|0x000000008bd00000, 0x000000008bd00000, 0x000000008be00000|  0%| F|  |TAMS 0x000000008bd00000, 0x000000008bd00000| Untracked 
| 190|0x000000008be00000, 0x000000008be00000, 0x000000008bf00000|  0%| F|  |TAMS 0x000000008be00000, 0x000000008be00000| Untracked 
| 191|0x000000008bf00000, 0x000000008bf00000, 0x000000008c000000|  0%| F|  |TAMS 0x000000008bf00000, 0x000000008bf00000| Untracked 
| 192|0x000000008c000000, 0x000000008c000000, 0x000000008c100000|  0%| F|  |TAMS 0x000000008c000000, 0x000000008c000000| Untracked 
| 193|0x000000008c100000, 0x000000008c100000, 0x000000008c200000|  0%| F|  |TAMS 0x000000008c100000, 0x000000008c100000| Untracked 
| 194|0x000000008c200000, 0x000000008c200000, 0x000000008c300000|  0%| F|  |TAMS 0x000000008c200000, 0x000000008c200000| Untracked 
| 195|0x000000008c300000, 0x000000008c300000, 0x000000008c400000|  0%| F|  |TAMS 0x000000008c300000, 0x000000008c300000| Untracked 
| 196|0x000000008c400000, 0x000000008c400000, 0x000000008c500000|  0%| F|  |TAMS 0x000000008c400000, 0x000000008c400000| Untracked 
| 197|0x000000008c500000, 0x000000008c500000, 0x000000008c600000|  0%| F|  |TAMS 0x000000008c500000, 0x000000008c500000| Untracked 
| 198|0x000000008c600000, 0x000000008c600000, 0x000000008c700000|  0%| F|  |TAMS 0x000000008c600000, 0x000000008c600000| Untracked 
| 199|0x000000008c700000, 0x000000008c700000, 0x000000008c800000|  0%| F|  |TAMS 0x000000008c700000, 0x000000008c700000| Untracked 
| 200|0x000000008c800000, 0x000000008c800000, 0x000000008c900000|  0%| F|  |TAMS 0x000000008c800000, 0x000000008c800000| Untracked 
| 201|0x000000008c900000, 0x000000008c900000, 0x000000008ca00000|  0%| F|  |TAMS 0x000000008c900000, 0x000000008c900000| Untracked 
| 202|0x000000008ca00000, 0x000000008ca00000, 0x000000008cb00000|  0%| F|  |TAMS 0x000000008ca00000, 0x000000008ca00000| Untracked 
| 203|0x000000008cb00000, 0x000000008cb00000, 0x000000008cc00000|  0%| F|  |TAMS 0x000000008cb00000, 0x000000008cb00000| Untracked 
| 204|0x000000008cc00000, 0x000000008cc00000, 0x000000008cd00000|  0%| F|  |TAMS 0x000000008cc00000, 0x000000008cc00000| Untracked 
| 205|0x000000008cd00000, 0x000000008cd00000, 0x000000008ce00000|  0%| F|  |TAMS 0x000000008cd00000, 0x000000008cd00000| Untracked 
| 206|0x000000008ce00000, 0x000000008ce00000, 0x000000008cf00000|  0%| F|  |TAMS 0x000000008ce00000, 0x000000008ce00000| Untracked 
| 207|0x000000008cf00000, 0x000000008cf00000, 0x000000008d000000|  0%| F|  |TAMS 0x000000008cf00000, 0x000000008cf00000| Untracked 
| 208|0x000000008d000000, 0x000000008d000000, 0x000000008d100000|  0%| F|  |TAMS 0x000000008d000000, 0x000000008d000000| Untracked 
| 209|0x000000008d100000, 0x000000008d100000, 0x000000008d200000|  0%| F|  |TAMS 0x000000008d100000, 0x000000008d100000| Untracked 
| 210|0x000000008d200000, 0x000000008d200000, 0x000000008d300000|  0%| F|  |TAMS 0x000000008d200000, 0x000000008d200000| Untracked 
| 211|0x000000008d300000, 0x000000008d300000, 0x000000008d400000|  0%| F|  |TAMS 0x000000008d300000, 0x000000008d300000| Untracked 
| 212|0x000000008d400000, 0x000000008d400000, 0x000000008d500000|  0%| F|  |TAMS 0x000000008d400000, 0x000000008d400000| Untracked 
| 213|0x000000008d500000, 0x000000008d500000, 0x000000008d600000|  0%| F|  |TAMS 0x000000008d500000, 0x000000008d500000| Untracked 
| 214|0x000000008d600000, 0x000000008d600000, 0x000000008d700000|  0%| F|  |TAMS 0x000000008d600000, 0x000000008d600000| Untracked 
| 215|0x000000008d700000, 0x000000008d700000, 0x000000008d800000|  0%| F|  |TAMS 0x000000008d700000, 0x000000008d700000| Untracked 
| 216|0x000000008d800000, 0x000000008d8721f0, 0x000000008d900000| 44%| E|  |TAMS 0x000000008d800000, 0x000000008d800000| Complete 
| 217|0x000000008d900000, 0x000000008da00000, 0x000000008da00000|100%| E|CS|TAMS 0x000000008d900000, 0x000000008d900000| Complete 
| 218|0x000000008da00000, 0x000000008db00000, 0x000000008db00000|100%| E|CS|TAMS 0x000000008da00000, 0x000000008da00000| Complete 
| 219|0x000000008db00000, 0x000000008dc00000, 0x000000008dc00000|100%| E|CS|TAMS 0x000000008db00000, 0x000000008db00000| Complete 

Card table byte_map: [0x000001feccfa0000,0x000001fecd3a0000] _byte_map_base: 0x000001feccba0000

Marking Bits (Prev, Next): (CMBitMap*) 0x000001feb968f240, (CMBitMap*) 0x000001feb968f208
 Prev Bits: [0x000001fecf7a0000, 0x000001fed17a0000)
 Next Bits: [0x000001fecd7a0000, 0x000001fecf7a0000)

Polling page: 0x000001feb7d50000

Metaspace:

Usage:
  Non-class:    114.39 MB capacity,   112.38 MB ( 98%) used,     1.61 MB (  1%) free+waste,   416.25 KB ( <1%) overhead. 
      Class:     17.87 MB capacity,    16.57 MB ( 93%) used,     1.12 MB (  6%) free+waste,   192.13 KB (  1%) overhead. 
       Both:    132.26 MB capacity,   128.94 MB ( 97%) used,     2.73 MB (  2%) free+waste,   608.38 KB ( <1%) overhead. 

Virtual space:
  Non-class space:      116.00 MB reserved,     114.50 MB ( 99%) committed 
      Class space:        1.00 GB reserved,      17.88 MB (  2%) committed 
             Both:        1.11 GB reserved,     132.38 MB ( 12%) committed 

Chunk freelists:
   Non-Class:  46.00 KB
       Class:  0 bytes
        Both:  46.00 KB

MaxMetaspaceSize: 17179869184.00 GB
CompressedClassSpaceSize: 1.00 GB

CodeHeap 'non-profiled nmethods': size=120000Kb used=11313Kb max_used=12001Kb free=108686Kb
 bounds [0x000001fec4c10000, 0x000001fec57d0000, 0x000001fecc140000]
CodeHeap 'profiled nmethods': size=120000Kb used=37046Kb max_used=37046Kb free=82953Kb
 bounds [0x000001febd6e0000, 0x000001febfb80000, 0x000001fec4c10000]
CodeHeap 'non-nmethods': size=5760Kb used=2386Kb max_used=2425Kb free=3373Kb
 bounds [0x000001febd140000, 0x000001febd3b0000, 0x000001febd6e0000]
 total_blobs=17743 nmethods=16722 adapters=932
 compilation: enabled
              stopped_count=0, restarted_count=0
 full_count=0

Compilation events (20 events):
Event: 4541.022 Thread 0x000001fed42a3800 17647       2       com.android.tools.r8.internal.t4::n (5 bytes)
Event: 4541.023 Thread 0x000001fed42a3800 nmethod 17647 0x000001febdc84990 code [0x000001febdc84b40, 0x000001febdc84c78]
Event: 4541.023 Thread 0x000001fed42a3800 17648       1       com.android.tools.r8.internal.t4::q (2 bytes)
Event: 4541.023 Thread 0x000001fed42a3800 nmethod 17648 0x000001fec4c82e10 code [0x000001fec4c82fc0, 0x000001fec4c83078]
Event: 4541.023 Thread 0x000001fed42a3800 17649   !   2       java.util.concurrent.ConcurrentHashMap::putVal (432 bytes)
Event: 4541.026 Thread 0x000001fed42a3800 nmethod 17649 0x000001febdd67c10 code [0x000001febdd67ec0, 0x000001febdd68f78]
Event: 4541.026 Thread 0x000001fed42a3800 17652       2       java.lang.invoke.InvokerBytecodeGenerator::<init> (108 bytes)
Event: 4541.027 Thread 0x000001fed42a3800 nmethod 17652 0x000001febdceb210 code [0x000001febdceb420, 0x000001febdcebb18]
Event: 4541.031 Thread 0x000001fed42a3800 17654       2       java.util.IdentityHashMap$KeySet::<init> (10 bytes)
Event: 4541.031 Thread 0x000001fed42a3800 nmethod 17654 0x000001febdc9a390 code [0x000001febdc9a540, 0x000001febdc9a678]
Event: 4541.032 Thread 0x000001fed42a3800 17655       2       com.android.tools.r8.internal.oh::c (47 bytes)
Event: 4541.032 Thread 0x000001fed42a3800 nmethod 17655 0x000001febdcea910 code [0x000001febdceab00, 0x000001febdceae88]
Event: 4541.032 Thread 0x000001fed42a3800 17656       2       java.util.IdentityHashMap::keySet (25 bytes)
Event: 4541.032 Thread 0x000001fed42a3800 nmethod 17656 0x000001febdcaf510 code [0x000001febdcaf6c0, 0x000001febdcaf8d8]
Event: 4541.040 Thread 0x000001fed42a3800 17657       2       com.android.tools.r8.internal.oh::d (46 bytes)
Event: 4541.040 Thread 0x000001fed42a3800 nmethod 17657 0x000001febdcc9410 code [0x000001febdcc95e0, 0x000001febdcc9868]
Event: 4541.040 Thread 0x000001fed42a3800 17658       2       com.android.tools.r8.graph.c::l (8 bytes)
Event: 4541.040 Thread 0x000001fed42a3800 nmethod 17658 0x000001febdca7190 code [0x000001febdca7340, 0x000001febdca7438]
Event: 4541.040 Thread 0x000001fed42a3800 17659       2       com.android.tools.r8.graph.e::A (8 bytes)
Event: 4541.040 Thread 0x000001fed42a3800 nmethod 17659 0x000001febdcb3310 code [0x000001febdcb34c0, 0x000001febdcb35d8]

GC Heap History (20 events):
Event: 4531.837 GC heap before
{Heap before GC invocations=46 (full 0):
 garbage-first heap   total 187392K, used 152133K [0x0000000080000000, 0x0000000100000000)
  region size 1024K, 27 young (27648K), 1 survivors (1024K)
 Metaspace       used 113824K, capacity 116422K, committed 117504K, reserved 1150976K
  class space    used 14467K, capacity 15440K, committed 15872K, reserved 1048576K
}
Event: 4531.840 GC heap after
{Heap after GC invocations=47 (full 0):
 garbage-first heap   total 187392K, used 126870K [0x0000000080000000, 0x0000000100000000)
  region size 1024K, 2 young (2048K), 2 survivors (2048K)
 Metaspace       used 113824K, capacity 116422K, committed 117504K, reserved 1150976K
  class space    used 14467K, capacity 15440K, committed 15872K, reserved 1048576K
}
Event: 4532.072 GC heap before
{Heap before GC invocations=48 (full 0):
 garbage-first heap   total 187392K, used 152470K [0x0000000080000000, 0x0000000100000000)
  region size 1024K, 29 young (29696K), 2 survivors (2048K)
 Metaspace       used 115199K, capacity 117823K, committed 118912K, reserved 1153024K
  class space    used 14631K, capacity 15606K, committed 16000K, reserved 1048576K
}
Event: 4532.078 GC heap after
{Heap after GC invocations=49 (full 0):
 garbage-first heap   total 187392K, used 128143K [0x0000000080000000, 0x0000000100000000)
  region size 1024K, 4 young (4096K), 4 survivors (4096K)
 Metaspace       used 115199K, capacity 117823K, committed 118912K, reserved 1153024K
  class space    used 14631K, capacity 15606K, committed 16000K, reserved 1048576K
}
Event: 4532.102 GC heap before
{Heap before GC invocations=49 (full 0):
 garbage-first heap   total 187392K, used 132239K [0x0000000080000000, 0x0000000100000000)
  region size 1024K, 9 young (9216K), 4 survivors (4096K)
 Metaspace       used 115207K, capacity 117824K, committed 118912K, reserved 1153024K
  class space    used 14631K, capacity 15606K, committed 16000K, reserved 1048576K
}
Event: 4532.114 GC heap after
{Heap after GC invocations=50 (full 0):
 garbage-first heap   total 187392K, used 116495K [0x0000000080000000, 0x0000000100000000)
  region size 1024K, 1 young (1024K), 1 survivors (1024K)
 Metaspace       used 115207K, capacity 117824K, committed 118912K, reserved 1153024K
  class space    used 14631K, capacity 15606K, committed 16000K, reserved 1048576K
}
Event: 4532.157 GC heap before
{Heap before GC invocations=50 (full 0):
 garbage-first heap   total 187392K, used 123663K [0x0000000080000000, 0x0000000100000000)
  region size 1024K, 9 young (9216K), 1 survivors (1024K)
 Metaspace       used 115235K, capacity 117824K, committed 118912K, reserved 1153024K
  class space    used 14633K, capacity 15606K, committed 16000K, reserved 1048576K
}
Event: 4532.163 GC heap after
{Heap after GC invocations=51 (full 0):
 garbage-first heap   total 187392K, used 116279K [0x0000000080000000, 0x0000000100000000)
  region size 1024K, 1 young (1024K), 1 survivors (1024K)
 Metaspace       used 115235K, capacity 117824K, committed 118912K, reserved 1153024K
  class space    used 14633K, capacity 15606K, committed 16000K, reserved 1048576K
}
Event: 4532.341 GC heap before
{Heap before GC invocations=51 (full 0):
 garbage-first heap   total 187392K, used 148023K [0x0000000080000000, 0x0000000100000000)
  region size 1024K, 33 young (33792K), 1 survivors (1024K)
 Metaspace       used 115391K, capacity 117982K, committed 118912K, reserved 1153024K
  class space    used 14643K, capacity 15611K, committed 16000K, reserved 1048576K
}
Event: 4532.344 GC heap after
{Heap after GC invocations=52 (full 0):
 garbage-first heap   total 187392K, used 117693K [0x0000000080000000, 0x0000000100000000)
  region size 1024K, 3 young (3072K), 3 survivors (3072K)
 Metaspace       used 115391K, capacity 117982K, committed 118912K, reserved 1153024K
  class space    used 14643K, capacity 15611K, committed 16000K, reserved 1048576K
}
Event: 4532.543 GC heap before
{Heap before GC invocations=52 (full 0):
 garbage-first heap   total 187392K, used 150461K [0x0000000080000000, 0x0000000100000000)
  region size 1024K, 36 young (36864K), 3 survivors (3072K)
 Metaspace       used 115483K, capacity 118061K, committed 118912K, reserved 1153024K
  class space    used 14650K, capacity 15615K, committed 16000K, reserved 1048576K
}
Event: 4532.548 GC heap after
{Heap after GC invocations=53 (full 0):
 garbage-first heap   total 225280K, used 119794K [0x0000000080000000, 0x0000000100000000)
  region size 1024K, 5 young (5120K), 5 survivors (5120K)
 Metaspace       used 115483K, capacity 118061K, committed 118912K, reserved 1153024K
  class space    used 14650K, capacity 15615K, committed 16000K, reserved 1048576K
}
Event: 4535.019 GC heap before
{Heap before GC invocations=53 (full 0):
 garbage-first heap   total 225280K, used 172018K [0x0000000080000000, 0x0000000100000000)
  region size 1024K, 57 young (58368K), 5 survivors (5120K)
 Metaspace       used 116936K, capacity 119606K, committed 120320K, reserved 1153024K
  class space    used 14801K, capacity 15775K, committed 16128K, reserved 1048576K
}
Event: 4535.025 GC heap after
{Heap after GC invocations=54 (full 0):
 garbage-first heap   total 225280K, used 125072K [0x0000000080000000, 0x0000000100000000)
  region size 1024K, 8 young (8192K), 8 survivors (8192K)
 Metaspace       used 116936K, capacity 119606K, committed 120320K, reserved 1153024K
  class space    used 14801K, capacity 15775K, committed 16128K, reserved 1048576K
}
Event: 4535.385 GC heap before
{Heap before GC invocations=54 (full 0):
 garbage-first heap   total 225280K, used 176271K [0x0000000080000000, 0x0000000100000000)
  region size 1024K, 59 young (60416K), 8 survivors (8192K)
 Metaspace       used 117995K, capacity 120697K, committed 121472K, reserved 1155072K
  class space    used 14938K, capacity 15946K, committed 16256K, reserved 1048576K
}
Event: 4535.394 GC heap after
{Heap after GC invocations=55 (full 0):
 garbage-first heap   total 225280K, used 128532K [0x0000000080000000, 0x0000000100000000)
  region size 1024K, 5 young (5120K), 5 survivors (5120K)
 Metaspace       used 117995K, capacity 120697K, committed 121472K, reserved 1155072K
  class space    used 14938K, capacity 15946K, committed 16256K, reserved 1048576K
}
Event: 4536.137 GC heap before
{Heap before GC invocations=55 (full 0):
 garbage-first heap   total 225280K, used 180756K [0x0000000080000000, 0x0000000100000000)
  region size 1024K, 55 young (56320K), 5 survivors (5120K)
 Metaspace       used 124109K, capacity 126901K, committed 127360K, reserved 1159168K
  class space    used 15714K, capacity 16736K, committed 17024K, reserved 1048576K
}
Event: 4536.143 GC heap after
{Heap after GC invocations=56 (full 0):
 garbage-first heap   total 225280K, used 134774K [0x0000000080000000, 0x0000000100000000)
  region size 1024K, 5 young (5120K), 5 survivors (5120K)
 Metaspace       used 124109K, capacity 126901K, committed 127360K, reserved 1159168K
  class space    used 15714K, capacity 16736K, committed 17024K, reserved 1048576K
}
Event: 4540.660 GC heap before
{Heap before GC invocations=56 (full 0):
 garbage-first heap   total 225280K, used 185974K [0x0000000080000000, 0x0000000100000000)
  region size 1024K, 52 young (53248K), 5 survivors (5120K)
 Metaspace       used 126477K, capacity 129347K, committed 129536K, reserved 1161216K
  class space    used 15971K, capacity 17060K, committed 17152K, reserved 1048576K
}
Event: 4540.666 GC heap after
{Heap after GC invocations=57 (full 0):
 garbage-first heap   total 225280K, used 133827K [0x0000000080000000, 0x0000000100000000)
  region size 1024K, 2 young (2048K), 2 survivors (2048K)
 Metaspace       used 126477K, capacity 129347K, committed 129536K, reserved 1161216K
  class space    used 15971K, capacity 17060K, committed 17152K, reserved 1048576K
}

Deoptimization events (20 events):
Event: 4541.021 Thread 0x000001fee269e800 Uncommon trap: trap_request=0xffffff4d fr.pc=0x000001fec5385c5c relative=0x000000000000111c
Event: 4541.021 Thread 0x000001fedf1a6800 Uncommon trap: trap_request=0xffffff4d fr.pc=0x000001fec5385c5c relative=0x000000000000111c
Event: 4541.021 Thread 0x000001fee26a0800 Uncommon trap: trap_request=0xffffff4d fr.pc=0x000001fec5385c5c relative=0x000000000000111c
Event: 4541.021 Thread 0x000001fedf1a6800 Uncommon trap: reason=unstable_if action=reinterpret pc=0x000001fec5385c5c method=java.util.concurrent.ConcurrentHashMap.putVal(Ljava/lang/Object;Ljava/lang/Object;Z)Ljava/lang/Object; @ 112 c2
Event: 4541.021 Thread 0x000001fee26a3000 Uncommon trap: trap_request=0xffffff4d fr.pc=0x000001fec5385c5c relative=0x000000000000111c
Event: 4541.021 Thread 0x000001fee26a0800 Uncommon trap: reason=unstable_if action=reinterpret pc=0x000001fec5385c5c method=java.util.concurrent.ConcurrentHashMap.putVal(Ljava/lang/Object;Ljava/lang/Object;Z)Ljava/lang/Object; @ 112 c2
Event: 4541.021 Thread 0x000001fee26a3000 Uncommon trap: reason=unstable_if action=reinterpret pc=0x000001fec5385c5c method=java.util.concurrent.ConcurrentHashMap.putVal(Ljava/lang/Object;Ljava/lang/Object;Z)Ljava/lang/Object; @ 112 c2
Event: 4541.021 Thread 0x000001fedf1a6800 DEOPT PACKING pc=0x000001fec5385c5c sp=0x000000afcf9fc180
Event: 4541.021 Thread 0x000001fee269f800 Uncommon trap: trap_request=0xffffff4d fr.pc=0x000001fec5385c5c relative=0x000000000000111c
Event: 4541.021 Thread 0x000001fee26a3000 DEOPT PACKING pc=0x000001fec5385c5c sp=0x000000afce0fb850
Event: 4541.021 Thread 0x000001fee269f800 Uncommon trap: reason=unstable_if action=reinterpret pc=0x000001fec5385c5c method=java.util.concurrent.ConcurrentHashMap.putVal(Ljava/lang/Object;Ljava/lang/Object;Z)Ljava/lang/Object; @ 112 c2
Event: 4541.021 Thread 0x000001fedf1a6800 DEOPT UNPACKING pc=0x000001febd1678af sp=0x000000afcf9fc120 mode 2
Event: 4541.021 Thread 0x000001fee26a3000 DEOPT UNPACKING pc=0x000001febd1678af sp=0x000000afce0fb7f0 mode 2
Event: 4541.021 Thread 0x000001fee269f800 DEOPT PACKING pc=0x000001fec5385c5c sp=0x000000afd10fbb70
Event: 4541.021 Thread 0x000001fee269f800 DEOPT UNPACKING pc=0x000001febd1678af sp=0x000000afd10fbb10 mode 2
Event: 4541.021 Thread 0x000001fee26a0800 DEOPT PACKING pc=0x000001fec5385c5c sp=0x000000afd14fbf00
Event: 4541.021 Thread 0x000001fee269e800 Uncommon trap: reason=unstable_if action=reinterpret pc=0x000001fec5385c5c method=java.util.concurrent.ConcurrentHashMap.putVal(Ljava/lang/Object;Ljava/lang/Object;Z)Ljava/lang/Object; @ 112 c2
Event: 4541.021 Thread 0x000001fee269e800 DEOPT PACKING pc=0x000001fec5385c5c sp=0x000000afd12fbfc0
Event: 4541.021 Thread 0x000001fee26a0800 DEOPT UNPACKING pc=0x000001febd1678af sp=0x000000afd14fbea0 mode 2
Event: 4541.021 Thread 0x000001fee269e800 DEOPT UNPACKING pc=0x000001febd1678af sp=0x000000afd12fbf60 mode 2

Classes redefined (0 events):
No events

Internal exceptions (20 events):
Event: 4540.742 Thread 0x000001fee269f800 Exception <a 'java/lang/IncompatibleClassChangeError'{0x000000008ce06678}: Found class java.lang.Object, but interface was expected> (0x000000008ce06678) thrown at [./src/hotspot/share/interpreter/linkResolver.cpp, line 839]
Event: 4540.742 Thread 0x000001fee26a2000 Exception <a 'java/lang/IncompatibleClassChangeError'{0x000000008ce759f8}: Found class java.lang.Object, but interface was expected> (0x000000008ce759f8) thrown at [./src/hotspot/share/interpreter/linkResolver.cpp, line 839]
Event: 4540.742 Thread 0x000001fee269c800 Exception <a 'java/lang/IncompatibleClassChangeError'{0x000000008cff2ce8}: Found class java.lang.Object, but interface was expected> (0x000000008cff2ce8) thrown at [./src/hotspot/share/interpreter/linkResolver.cpp, line 839]
Event: 4540.742 Thread 0x000001fee26a0800 Exception <a 'java/lang/IncompatibleClassChangeError'{0x000000008ce5ab50}: Found class java.lang.Object, but interface was expected> (0x000000008ce5ab50) thrown at [./src/hotspot/share/interpreter/linkResolver.cpp, line 839]
Event: 4540.742 Thread 0x000001fee269e800 Exception <a 'java/lang/IncompatibleClassChangeError'{0x000000008cf2cf40}: Found class java.lang.Object, but interface was expected> (0x000000008cf2cf40) thrown at [./src/hotspot/share/interpreter/linkResolver.cpp, line 839]
Event: 4540.768 Thread 0x000001fee269f800 Exception <a 'java/lang/NoSuchMethodError'{0x000000008cc570c8}: 'long java.lang.invoke.DirectMethodHandle$Holder.invokeStatic(java.lang.Object, long, java.lang.Object)'> (0x000000008cc570c8) thrown at [./src/hotspot/share/interpreter/linkResolver.cpp, line 773]
Event: 4540.768 Thread 0x000001fee26a2000 Exception <a 'java/lang/NoSuchMethodError'{0x000000008cc7d080}: 'long java.lang.invoke.DirectMethodHandle$Holder.invokeStatic(java.lang.Object, long, java.lang.Object)'> (0x000000008cc7d080) thrown at [./src/hotspot/share/interpreter/linkResolver.cpp, line 773]
Event: 4540.790 Thread 0x000001fee26a2000 Exception <a 'java/lang/NoSuchMethodError'{0x000000008c8a5130}: 'void java.lang.invoke.DirectMethodHandle$Holder.invokeStatic(java.lang.Object, java.lang.Object, java.lang.Object, int)'> (0x000000008c8a5130) thrown at [./src/hotspot/share/interpreter/linkResolver.cpp, line 773]
Event: 4540.790 Thread 0x000001fee26a3000 Exception <a 'java/lang/NoSuchMethodError'{0x000000008c8aa6b0}: 'void java.lang.invoke.DirectMethodHandle$Holder.invokeStatic(java.lang.Object, java.lang.Object, java.lang.Object, int)'> (0x000000008c8aa6b0) thrown at [./src/hotspot/share/interpreter/linkResolver.cpp, line 773]
Event: 4540.791 Thread 0x000001fee269c800 Exception <a 'java/lang/IncompatibleClassChangeError'{0x000000008c8c6340}: Found class java.lang.Object, but interface was expected> (0x000000008c8c6340) thrown at [./src/hotspot/share/interpreter/linkResolver.cpp, line 839]
Event: 4540.791 Thread 0x000001fee26a2000 Exception <a 'java/lang/IncompatibleClassChangeError'{0x000000008c8b8b28}: Found class java.lang.Object, but interface was expected> (0x000000008c8b8b28) thrown at [./src/hotspot/share/interpreter/linkResolver.cpp, line 839]
Event: 4541.023 Thread 0x000001fee26a0800 Exception <a 'java/lang/NoSuchMethodError'{0x000000008aa29280}: 'java.lang.Object java.lang.invoke.DirectMethodHandle$Holder.invokeVirtual(java.lang.Object, java.lang.Object, int, java.lang.Object)'> (0x000000008aa29280) thrown at [./src/hotspot/share/interpreter/linkResolver.cpp, line 773]
Event: 4541.023 Thread 0x000001fee26a3000 Exception <a 'java/lang/NoSuchMethodError'{0x000000008aa09518}: 'java.lang.Object java.lang.invoke.DirectMethodHandle$Holder.invokeVirtual(java.lang.Object, java.lang.Object, int, java.lang.Object)'> (0x000000008aa09518) thrown at [./src/hotspot/share/interpreter/linkResolver.cpp, line 773]
Event: 4541.023 Thread 0x000001fee269c800 Exception <a 'java/lang/NoSuchMethodError'{0x000000008aa0af70}: 'java.lang.Object java.lang.invoke.DirectMethodHandle$Holder.invokeVirtual(java.lang.Object, java.lang.Object, int, java.lang.Object)'> (0x000000008aa0af70) thrown at [./src/hotspot/share/interpreter/linkResolver.cpp, line 773]
Event: 4541.023 Thread 0x000001fee269e800 Exception <a 'java/lang/NoSuchMethodError'{0x000000008aea9810}: 'java.lang.Object java.lang.invoke.DirectMethodHandle$Holder.invokeVirtual(java.lang.Object, java.lang.Object, int, java.lang.Object)'> (0x000000008aea9810) thrown at [./src/hotspot/share/interpreter/linkResolver.cpp, line 773]
Event: 4541.023 Thread 0x000001fedf1a6800 Exception <a 'java/lang/NoSuchMethodError'{0x000000008aa20098}: 'java.lang.Object java.lang.invoke.DirectMethodHandle$Holder.invokeVirtual(java.lang.Object, java.lang.Object, int, java.lang.Object)'> (0x000000008aa20098) thrown at [./src/hotspot/share/interpreter/linkResolver.cpp, line 773]
Event: 4541.023 Thread 0x000001fee26a2000 Exception <a 'java/lang/NoSuchMethodError'{0x000000008aa26128}: 'java.lang.Object java.lang.invoke.DirectMethodHandle$Holder.invokeVirtual(java.lang.Object, java.lang.Object, int, java.lang.Object)'> (0x000000008aa26128) thrown at [./src/hotspot/share/interpreter/linkResolver.cpp, line 773]
Event: 4541.025 Thread 0x000001fee269f800 Exception <a 'java/lang/NoSuchMethodError'{0x000000008adac2e0}: 'java.lang.Object java.lang.invoke.DirectMethodHandle$Holder.invokeVirtual(java.lang.Object, java.lang.Object, int, java.lang.Object)'> (0x000000008adac2e0) thrown at [./src/hotspot/share/interpreter/linkResolver.cpp, line 773]
Event: 4541.034 Thread 0x000001fee26a3000 Exception <a 'java/lang/IncompatibleClassChangeError'{0x000000008a91e328}: Found class java.lang.Object, but interface was expected> (0x000000008a91e328) thrown at [./src/hotspot/share/interpreter/linkResolver.cpp, line 839]
Event: 4541.035 Thread 0x000001fee26a3000 Exception <a 'java/lang/IncompatibleClassChangeError'{0x000000008a935828}: Found class java.lang.Object, but interface was expected> (0x000000008a935828) thrown at [./src/hotspot/share/interpreter/linkResolver.cpp, line 839]

Events (20 events):
Event: 4541.039 loading class com/android/tools/r8/code/S
Event: 4541.039 loading class com/android/tools/r8/code/S done
Event: 4541.040 loading class com/android/tools/r8/code/F1
Event: 4541.040 loading class com/android/tools/r8/code/F1 done
Event: 4541.040 loading class com/android/tools/r8/internal/t8
Event: 4541.040 loading class com/android/tools/r8/internal/t8 done
Event: 4541.040 loading class com/android/tools/r8/code/W
Event: 4541.040 loading class com/android/tools/r8/code/W done
Event: 4541.040 loading class com/android/tools/r8/code/J1
Event: 4541.040 loading class com/android/tools/r8/code/J1 done
Event: 4541.040 loading class com/android/tools/r8/code/V0
Event: 4541.040 loading class com/android/tools/r8/code/V0 done
Event: 4541.040 loading class com/android/tools/r8/code/U
Event: 4541.040 loading class com/android/tools/r8/code/U done
Event: 4541.040 loading class com/android/tools/r8/internal/vc
Event: 4541.040 loading class com/android/tools/r8/internal/vc done
Event: 4541.041 loading class com/android/tools/r8/internal/x8
Event: 4541.041 loading class com/android/tools/r8/internal/x8 done
Event: 4541.041 loading class com/android/tools/r8/code/r1
Event: 4541.041 loading class com/android/tools/r8/code/r1 done


Dynamic libraries:
0x00007ff787640000 - 0x00007ff78764a000 	C:\Program Files\Android\Android Studio\jre\bin\java.exe
0x00007ffa545f0000 - 0x00007ffa547e5000 	C:\WINDOWS\SYSTEM32\ntdll.dll
0x00007ffa52be0000 - 0x00007ffa52c9e000 	C:\WINDOWS\System32\KERNEL32.DLL
0x00007ffa52270000 - 0x00007ffa52538000 	C:\WINDOWS\System32\KERNELBASE.dll
0x00007ffa52540000 - 0x00007ffa52640000 	C:\WINDOWS\System32\ucrtbase.dll
0x00007ffa4d360000 - 0x00007ffa4d379000 	C:\Program Files\Android\Android Studio\jre\bin\jli.dll
0x00007ffa46980000 - 0x00007ffa46997000 	C:\Program Files\Android\Android Studio\jre\bin\VCRUNTIME140.dll
0x00007ffa533f0000 - 0x00007ffa53591000 	C:\WINDOWS\System32\USER32.dll
0x00007ffa51e80000 - 0x00007ffa51ea2000 	C:\WINDOWS\System32\win32u.dll
0x00007ffa46df0000 - 0x00007ffa4708a000 	C:\WINDOWS\WinSxS\amd64_microsoft.windows.common-controls_6595b64144ccf1df_6.0.19041.1110_none_60b5254171f9507e\COMCTL32.dll
0x00007ffa54480000 - 0x00007ffa544ab000 	C:\WINDOWS\System32\GDI32.dll
0x00007ffa54510000 - 0x00007ffa545ae000 	C:\WINDOWS\System32\msvcrt.dll
0x00007ffa51d70000 - 0x00007ffa51e7b000 	C:\WINDOWS\System32\gdi32full.dll
0x00007ffa521d0000 - 0x00007ffa5226d000 	C:\WINDOWS\System32\msvcp_win.dll
0x00007ffa53e20000 - 0x00007ffa53e50000 	C:\WINDOWS\System32\IMM32.DLL
0x00007ffa1f630000 - 0x00007ffa1f6cd000 	C:\Program Files\Android\Android Studio\jre\bin\msvcp140.dll
0x00007ff9eb4b0000 - 0x00007ff9ebf7f000 	C:\Program Files\Android\Android Studio\jre\bin\server\jvm.dll
0x00007ffa53d60000 - 0x00007ffa53e0c000 	C:\WINDOWS\System32\ADVAPI32.dll
0x00007ffa54100000 - 0x00007ffa5419b000 	C:\WINDOWS\System32\sechost.dll
0x00007ffa54200000 - 0x00007ffa5432a000 	C:\WINDOWS\System32\RPCRT4.dll
0x00007ffa54410000 - 0x00007ffa54418000 	C:\WINDOWS\System32\PSAPI.DLL
0x00007ffa4d320000 - 0x00007ffa4d329000 	C:\WINDOWS\SYSTEM32\WSOCK32.dll
0x00007ffa46bb0000 - 0x00007ffa46bd7000 	C:\WINDOWS\SYSTEM32\WINMM.dll
0x00007ffa54010000 - 0x00007ffa5407b000 	C:\WINDOWS\System32\WS2_32.dll
0x00007ffa47190000 - 0x00007ffa4719a000 	C:\WINDOWS\SYSTEM32\VERSION.dll
0x00007ffa505e0000 - 0x00007ffa505f2000 	C:\WINDOWS\SYSTEM32\kernel.appcore.dll
0x00007ffa3c040000 - 0x00007ffa3c051000 	C:\Program Files\Android\Android Studio\jre\bin\verify.dll
0x00007ffa50290000 - 0x00007ffa50474000 	C:\WINDOWS\SYSTEM32\DBGHELP.DLL
0x00007ffa428a0000 - 0x00007ffa428cc000 	C:\WINDOWS\SYSTEM32\dbgcore.DLL
0x00007ffa52140000 - 0x00007ffa521c3000 	C:\WINDOWS\System32\bcryptPrimitives.dll
0x00007ffa2b700000 - 0x00007ffa2b729000 	C:\Program Files\Android\Android Studio\jre\bin\java.dll
0x00007ffa3a3a0000 - 0x00007ffa3a3ab000 	C:\Program Files\Android\Android Studio\jre\bin\jimage.dll
0x00007ffa318d0000 - 0x00007ffa318e8000 	C:\Program Files\Android\Android Studio\jre\bin\zip.dll
0x00007ffa52cb0000 - 0x00007ffa533ef000 	C:\WINDOWS\System32\SHELL32.dll
0x00007ffa4fb00000 - 0x00007ffa50290000 	C:\WINDOWS\SYSTEM32\windows.storage.dll
0x00007ffa538d0000 - 0x00007ffa53c25000 	C:\WINDOWS\System32\combase.dll
0x00007ffa51690000 - 0x00007ffa516be000 	C:\WINDOWS\SYSTEM32\Wldp.dll
0x00007ffa53e70000 - 0x00007ffa53f1d000 	C:\WINDOWS\System32\SHCORE.dll
0x00007ffa544b0000 - 0x00007ffa54505000 	C:\WINDOWS\System32\shlwapi.dll
0x00007ffa51c50000 - 0x00007ffa51c6f000 	C:\WINDOWS\SYSTEM32\profapi.dll
0x00007ffa2e390000 - 0x00007ffa2e3aa000 	C:\Program Files\Android\Android Studio\jre\bin\net.dll
0x00007ffa47e60000 - 0x00007ffa47f6c000 	C:\WINDOWS\SYSTEM32\WINHTTP.dll
0x00007ffa513f0000 - 0x00007ffa5145a000 	C:\WINDOWS\system32\mswsock.dll
0x00007ffa24e30000 - 0x00007ffa24e44000 	C:\Program Files\Android\Android Studio\jre\bin\nio.dll
0x00007ffa44ca0000 - 0x00007ffa44cc7000 	C:\Users\NHAT_HOANG\.gradle\native\8bec1ad78214c89d9ad589b4d07fe93259594b29d510b10fafb7a158f7737e5d\windows-amd64\native-platform.dll
0x00007ffa1f710000 - 0x00007ffa1f84d000 	C:\Users\NHAT_HOANG\.gradle\native\53dbd7edfb1c66fb8903c78663c9afc45aea4f116125fa6feffd364cf09443e8\windows-amd64\native-platform-file-events.dll
0x00007ffa3a390000 - 0x00007ffa3a39a000 	C:\Program Files\Android\Android Studio\jre\bin\management.dll
0x00007ffa37260000 - 0x00007ffa3726c000 	C:\Program Files\Android\Android Studio\jre\bin\management_ext.dll
0x00007ffa515f0000 - 0x00007ffa51608000 	C:\WINDOWS\SYSTEM32\CRYPTSP.dll
0x00007ffa50d70000 - 0x00007ffa50da4000 	C:\WINDOWS\system32\rsaenh.dll
0x00007ffa52010000 - 0x00007ffa52037000 	C:\WINDOWS\System32\bcrypt.dll
0x00007ffa51c10000 - 0x00007ffa51c3e000 	C:\WINDOWS\SYSTEM32\USERENV.dll
0x00007ffa515e0000 - 0x00007ffa515ec000 	C:\WINDOWS\SYSTEM32\CRYPTBASE.dll
0x00007ffa510e0000 - 0x00007ffa5111b000 	C:\WINDOWS\SYSTEM32\IPHLPAPI.DLL
0x00007ffa52ca0000 - 0x00007ffa52ca8000 	C:\WINDOWS\System32\NSI.dll
0x00007ffa49310000 - 0x00007ffa49327000 	C:\WINDOWS\SYSTEM32\dhcpcsvc6.DLL
0x00007ffa494d0000 - 0x00007ffa494ed000 	C:\WINDOWS\SYSTEM32\dhcpcsvc.DLL
0x00007ffa51120000 - 0x00007ffa511eb000 	C:\WINDOWS\SYSTEM32\DNSAPI.dll
0x00007ffa16f70000 - 0x00007ffa16f97000 	C:\Program Files\Android\Android Studio\jre\bin\sunec.dll
0x00007ffa49650000 - 0x00007ffa4965a000 	C:\Windows\System32\rasadhlp.dll
0x00007ffa47480000 - 0x00007ffa474ff000 	C:\WINDOWS\System32\fwpuclnt.dll

dbghelp: loaded successfully - version: 4.0.5 - missing functions: none
symbol engine: initialized successfully - sym options: 0x614 - pdb path: .;C:\Program Files\Android\Android Studio\jre\bin;C:\WINDOWS\SYSTEM32;C:\WINDOWS\WinSxS\amd64_microsoft.windows.common-controls_6595b64144ccf1df_6.0.19041.1110_none_60b5254171f9507e;C:\Program Files\Android\Android Studio\jre\bin\server;C:\Users\NHAT_HOANG\.gradle\native\8bec1ad78214c89d9ad589b4d07fe93259594b29d510b10fafb7a158f7737e5d\windows-amd64;C:\Users\NHAT_HOANG\.gradle\native\53dbd7edfb1c66fb8903c78663c9afc45aea4f116125fa6feffd364cf09443e8\windows-amd64

VM Arguments:
jvm_args: --add-opens=java.base/java.util=ALL-UNNAMED --add-opens=java.base/java.lang=ALL-UNNAMED --add-opens=java.base/java.lang.invoke=ALL-UNNAMED --add-opens=java.base/java.util=ALL-UNNAMED --add-opens=java.prefs/java.util.prefs=ALL-UNNAMED --add-opens=java.prefs/java.util.prefs=ALL-UNNAMED --add-opens=java.base/java.nio.charset=ALL-UNNAMED --add-opens=java.base/java.net=ALL-UNNAMED --add-opens=java.base/java.util.concurrent.atomic=ALL-UNNAMED -Xmx2048m -Dfile.encoding=UTF-8 -Duser.country=US -Duser.language=en -Duser.variant 
java_command: org.gradle.launcher.daemon.bootstrap.GradleDaemon 7.0.2
java_class_path (initial): C:\Users\NHAT_HOANG\.gradle\wrapper\dists\gradle-7.0.2-bin\857tjihv64xamwrf0h14cai3r\gradle-7.0.2\lib\gradle-launcher-7.0.2.jar
Launcher Type: SUN_STANDARD

[Global flags]
     intx CICompilerCount                          = 4                                         {product} {ergonomic}
     uint ConcGCThreads                            = 2                                         {product} {ergonomic}
     uint G1ConcRefinementThreads                  = 8                                         {product} {ergonomic}
   size_t G1HeapRegionSize                         = 1048576                                   {product} {ergonomic}
    uintx GCDrainStackTargetSize                   = 64                                        {product} {ergonomic}
   size_t InitialHeapSize                          = 132120576                                 {product} {ergonomic}
   size_t MarkStackSize                            = 4194304                                   {product} {ergonomic}
   size_t MaxHeapSize                              = 2147483648                                {product} {command line}
   size_t MaxNewSize                               = 1287651328                                {product} {ergonomic}
   size_t MinHeapDeltaBytes                        = 1048576                                   {product} {ergonomic}
    uintx NonNMethodCodeHeapSize                   = 5836300                                {pd product} {ergonomic}
    uintx NonProfiledCodeHeapSize                  = 122910970                              {pd product} {ergonomic}
    uintx ProfiledCodeHeapSize                     = 122910970                              {pd product} {ergonomic}
    uintx ReservedCodeCacheSize                    = 251658240                              {pd product} {ergonomic}
     bool SegmentedCodeCache                       = true                                      {product} {ergonomic}
     bool UseCompressedClassPointers               = true                                 {lp64_product} {ergonomic}
     bool UseCompressedOops                        = true                                 {lp64_product} {ergonomic}
     bool UseG1GC                                  = true                                      {product} {ergonomic}
     bool UseLargePagesIndividualAllocation        = false                                  {pd product} {ergonomic}

Logging:
Log output configuration:
 #0: stdout all=warning uptime,level,tags
 #1: stderr all=off uptime,level,tags

Environment Variables:
JAVA_HOME=C:\Program Files\Zulu\zulu-11
PATH=C:\Program Files\Zulu\zulu-11\bin\;C:\WINDOWS\system32;C:\WINDOWS;C:\WINDOWS\System32\Wbem;C:\WINDOWS\System32\WindowsPowerShell\v1.0\;C:\WINDOWS\System32\OpenSSH\;C:\Program Files\PuTTY\;C:\PROGRA~2\PICC;F:\Polyspace\R2021a\runtime\win64;F:\Polyspace\R2021a\bin;F:\Polyspace\R2021a\polyspace\bin;C:\Program Files\Git\cmd;C:\scr\flutter\bin;F:\LA\PHAN MEM\DA2_ANDROID\flutter_windows_2.5.3-stable;C:\Users\NHAT_HOANG\AppData\Local\Android\Sdk\platforms;C:\Users\NHAT_HOANG\AppData\Local\Android\Sdk\platform-tools;C:\Users\NHAT_HOANG\AppData\Local\Microsoft\WindowsApps;C:\Program Files\JetBrains\PyCharm Community Edition 2020.3.5\bin;;C:\Users\NHAT_HOANG\AppData\Local\Programs\Microsoft VS Code\bin;C:\Users\NHAT_HOANG\AppData\Local\GitHubDesktop\bin
USERNAME=NHAT_HOANG
OS=Windows_NT
PROCESSOR_IDENTIFIER=Intel64 Family 6 Model 142 Stepping 10, GenuineIntel



---------------  S Y S T E M  ---------------

OS: Windows 10 , 64 bit Build 19041 (10.0.19041.1348)
OS uptime: 1 days 4:18 hours

CPU:total 8 (initial active 8) (4 cores per cpu, 2 threads per core) family 6 model 142 stepping 10 microcode 0xb4, cmov, cx8, fxsr, mmx, sse, sse2, sse3, ssse3, sse4.1, sse4.2, popcnt, avx, avx2, aes, clmul, erms, 3dnowpref, lzcnt, ht, tsc, tscinvbit, bmi1, bmi2, adx, fma

Memory: 4k page, system-wide physical 8057M (362M free)
TotalPageFile size 12153M (AvailPageFile size 5M)
current process WorkingSet (physical memory assigned to process): 400M, peak: 505M
current process commit charge ("private bytes"): 598M, peak: 598M

vm_info: OpenJDK 64-Bit Server VM (11.0.10+0-b96-7249189) for windows-amd64 JRE (11.0.10+0-b96-7249189), built on Mar 31 2021 21:44:00 by "builder" with MS VC++ 14.0 (VS2015)

END.
