#
# There is insufficient memory for the Java Runtime Environment to continue.
# Native memory allocation (malloc) failed to allocate 1282016 bytes for Chunk::new
# Possible reasons:
#   The system is out of physical RAM or swap space
#   The process is running with CompressedOops enabled, and the Java Heap may be blocking the growth of the native heap
# Possible solutions:
#   Reduce memory load on the system
#   Increase physical memory or swap space
#   Check if swap backing store is full
#   Decrease Java heap size (-Xmx/-Xms)
#   Decrease number of Java threads
#   Decrease Java thread stack sizes (-Xss)
#   Set larger code cache with -XX:ReservedCodeCacheSize=
#   JVM is running with Unscaled Compressed Oops mode in which the Java heap is
#     placed in the first 4GB address space. The Java Heap base address is the
#     maximum limit for the native heap growth. Please use -XX:HeapBaseMinAddress
#     to set the Java Heap base and to place the Java Heap above 4GB virtual address.
# This output file may be truncated or incomplete.
#
#  Out of Memory Error (./src/hotspot/share/memory/arena.cpp:197), pid=10160, tid=7076
#
# JRE version: OpenJDK Runtime Environment (11.0.10) (build 11.0.10+0-b96-7249189)
# Java VM: OpenJDK 64-Bit Server VM (11.0.10+0-b96-7249189, mixed mode, tiered, compressed oops, g1 gc, windows-amd64)
# No core dump will be written. Minidumps are not enabled by default on client versions of Windows
#

---------------  S U M M A R Y ------------

Command Line: --add-opens=java.base/java.util=ALL-UNNAMED --add-opens=java.base/java.lang=ALL-UNNAMED --add-opens=java.base/java.lang.invoke=ALL-UNNAMED --add-opens=java.base/java.util=ALL-UNNAMED --add-opens=java.prefs/java.util.prefs=ALL-UNNAMED --add-opens=java.prefs/java.util.prefs=ALL-UNNAMED --add-opens=java.base/java.nio.charset=ALL-UNNAMED --add-opens=java.base/java.net=ALL-UNNAMED --add-opens=java.base/java.util.concurrent.atomic=ALL-UNNAMED -Xmx2048m -Dfile.encoding=UTF-8 -Duser.country=US -Duser.language=en -Duser.variant org.gradle.launcher.daemon.bootstrap.GradleDaemon 7.0.2

Host: Intel(R) Core(TM) i5-8250U CPU @ 1.60GHz, 8 cores, 7G,  Windows 10 , 64 bit Build 19041 (10.0.19041.1348)
Time: Mon Dec 27 23:02:24 2021 SE Asia Standard Time elapsed time: 17.407291 seconds (0d 0h 0m 17s)

---------------  T H R E A D  ---------------

Current thread (0x0000028af0953000):  JavaThread "C2 CompilerThread2" daemon [_thread_in_native, id=7076, stack(0x000000efd6300000,0x000000efd6400000)]


Current CompileTask:
C2:  17407 7117 %     4       org.gradle.internal.instantiation.generator.AbstractClassGenerator::inspectType @ 207 (560 bytes)

Stack: [0x000000efd6300000,0x000000efd6400000]
Native frames: (J=compiled Java code, j=interpreted, Vv=VM code, C=native code)
V  [jvm.dll+0x5ecfaa]
V  [jvm.dll+0x722bd5]
V  [jvm.dll+0x72412d]
V  [jvm.dll+0x7247e3]
V  [jvm.dll+0x242928]
V  [jvm.dll+0xbc4fc]
V  [jvm.dll+0xbca0c]
V  [jvm.dll+0x2b4fd4]
V  [jvm.dll+0x506028]
V  [jvm.dll+0x203253]
V  [jvm.dll+0x1fd07c]
V  [jvm.dll+0x1fa77f]
V  [jvm.dll+0x18354c]
V  [jvm.dll+0x208ee7]
V  [jvm.dll+0x207731]
V  [jvm.dll+0x6eb1cf]
V  [jvm.dll+0x6e3d45]
V  [jvm.dll+0x5ebe96]
C  [ucrtbase.dll+0x21bb2]
C  [KERNEL32.DLL+0x17034]
C  [ntdll.dll+0x52651]


---------------  P R O C E S S  ---------------

Threads class SMR info:
_java_thread_list=0x0000028aed54bed0, length=52, elements={
0x0000028acb4fd000, 0x0000028ae790f800, 0x0000028ae791a800, 0x0000028ae792a000,
0x0000028ae792a800, 0x0000028ae792c800, 0x0000028ae792d800, 0x0000028ae793a000,
0x0000028ae7941000, 0x0000028ae841f800, 0x0000028aeadae800, 0x0000028ae86c3800,
0x0000028aea1cd000, 0x0000028aea434800, 0x0000028aeab94800, 0x0000028ae9675800,
0x0000028aeb612800, 0x0000028aea50d800, 0x0000028aea8e7000, 0x0000028aea81b800,
0x0000028aea818800, 0x0000028aea819000, 0x0000028aea81b000, 0x0000028aea817000,
0x0000028aea817800, 0x0000028aea81a000, 0x0000028aea816000, 0x0000028aea81c800,
0x0000028aec2af000, 0x0000028aec2b3800, 0x0000028aec2b0000, 0x0000028aec2b1800,
0x0000028aec2ae800, 0x0000028aec2b5800, 0x0000028aec2b2800, 0x0000028aec2b6800,
0x0000028aec2b1000, 0x0000028aec2b9000, 0x0000028aec2ba800, 0x0000028aec2b8000,
0x0000028aec2b7800, 0x0000028aec2bb800, 0x0000028aec2ba000, 0x0000028aec2bc800,
0x0000028aec2bd000, 0x0000028aec003000, 0x0000028aec005000, 0x0000028aec004000,
0x0000028aec005800, 0x0000028aec007000, 0x0000028ae95c9800, 0x0000028af0953000
}

Java Threads: ( => current thread )
  0x0000028acb4fd000 JavaThread "main" [_thread_blocked, id=10692, stack(0x000000efd3600000,0x000000efd3700000)]
  0x0000028ae790f800 JavaThread "Reference Handler" daemon [_thread_blocked, id=10644, stack(0x000000efd3d00000,0x000000efd3e00000)]
  0x0000028ae791a800 JavaThread "Finalizer" daemon [_thread_blocked, id=6176, stack(0x000000efd3e00000,0x000000efd3f00000)]
  0x0000028ae792a000 JavaThread "Signal Dispatcher" daemon [_thread_blocked, id=6548, stack(0x000000efd3f00000,0x000000efd4000000)]
  0x0000028ae792a800 JavaThread "Attach Listener" daemon [_thread_blocked, id=13136, stack(0x000000efd4000000,0x000000efd4100000)]
  0x0000028ae792c800 JavaThread "Service Thread" daemon [_thread_blocked, id=5688, stack(0x000000efd4100000,0x000000efd4200000)]
  0x0000028ae792d800 JavaThread "C2 CompilerThread0" daemon [_thread_in_native, id=6920, stack(0x000000efd4200000,0x000000efd4300000)]
  0x0000028ae793a000 JavaThread "C1 CompilerThread0" daemon [_thread_blocked, id=6888, stack(0x000000efd4300000,0x000000efd4400000)]
  0x0000028ae7941000 JavaThread "Sweeper thread" daemon [_thread_blocked, id=9248, stack(0x000000efd4400000,0x000000efd4500000)]
  0x0000028ae841f800 JavaThread "Common-Cleaner" daemon [_thread_blocked, id=11628, stack(0x000000efd4500000,0x000000efd4600000)]
  0x0000028aeadae800 JavaThread "Daemon health stats" [_thread_blocked, id=1940, stack(0x000000efd4a00000,0x000000efd4b00000)]
  0x0000028ae86c3800 JavaThread "Incoming local TCP Connector on port 53621" [_thread_in_native, id=6316, stack(0x000000efd4700000,0x000000efd4800000)]
  0x0000028aea1cd000 JavaThread "Daemon periodic checks" [_thread_blocked, id=13812, stack(0x000000efd4b00000,0x000000efd4c00000)]
  0x0000028aea434800 JavaThread "Daemon" [_thread_blocked, id=9796, stack(0x000000efd4c00000,0x000000efd4d00000)]
  0x0000028aeab94800 JavaThread "Handler for socket connection from /127.0.0.1:53621 to /127.0.0.1:53622" [_thread_in_native, id=14060, stack(0x000000efd4d00000,0x000000efd4e00000)]
  0x0000028ae9675800 JavaThread "Cancel handler" [_thread_blocked, id=12292, stack(0x000000efd4e00000,0x000000efd4f00000)]
  0x0000028aeb612800 JavaThread "Daemon worker" [_thread_in_vm, id=6320, stack(0x000000efd4f00000,0x000000efd5000000)]
  0x0000028aea50d800 JavaThread "Asynchronous log dispatcher for DefaultDaemonConnection: socket connection from /127.0.0.1:53621 to /127.0.0.1:53622" [_thread_blocked, id=7248, stack(0x000000efd5000000,0x000000efd5100000)]
  0x0000028aea8e7000 JavaThread "Stdin handler" [_thread_blocked, id=13588, stack(0x000000efd5100000,0x000000efd5200000)]
  0x0000028aea81b800 JavaThread "Daemon client event forwarder" [_thread_blocked, id=12416, stack(0x000000efd5200000,0x000000efd5300000)]
  0x0000028aea818800 JavaThread "Cache worker for file hash cache (C:\Users\NHAT_HOANG\.gradle\caches\7.0.2\fileHashes)" [_thread_blocked, id=5700, stack(0x000000efd5800000,0x000000efd5900000)]
  0x0000028aea819000 JavaThread "File lock request listener" [_thread_in_native, id=13216, stack(0x000000efd5900000,0x000000efd5a00000)]
  0x0000028aea81b000 JavaThread "Cache worker for journal cache (C:\Users\NHAT_HOANG\.gradle\caches\journal-1)" [_thread_blocked, id=10424, stack(0x000000efd5b00000,0x000000efd5c00000)]
  0x0000028aea817000 JavaThread "Cache worker for file hash cache (G:\Lan Anh\DO AN 2\SMARTHOME\.gradle\7.0.2\fileHashes)" [_thread_blocked, id=3272, stack(0x000000efd5d00000,0x000000efd5e00000)]
  0x0000028aea817800 JavaThread "File watcher server" daemon [_thread_in_native, id=12620, stack(0x000000efd5e00000,0x000000efd5f00000)]
  0x0000028aea81a000 JavaThread "File watcher consumer" daemon [_thread_blocked, id=11340, stack(0x000000efd5f00000,0x000000efd6000000)]
  0x0000028aea816000 JavaThread "Cache worker for checksums cache (G:\Lan Anh\DO AN 2\SMARTHOME\.gradle\checksums)" [_thread_blocked, id=9348, stack(0x000000efd6000000,0x000000efd6100000)]
  0x0000028aea81c800 JavaThread "Cache worker for cache directory md-supplier (C:\Users\NHAT_HOANG\.gradle\caches\7.0.2\md-supplier)" [_thread_blocked, id=5828, stack(0x000000efd6100000,0x000000efd6200000)]
  0x0000028aec2af000 JavaThread "Cache worker for cache directory md-rule (C:\Users\NHAT_HOANG\.gradle\caches\7.0.2\md-rule)" [_thread_blocked, id=14120, stack(0x000000efd6200000,0x000000efd6300000)]
  0x0000028aec2b3800 JavaThread "Cache worker for execution history cache (C:\Users\NHAT_HOANG\.gradle\caches\7.0.2\executionHistory)" [_thread_blocked, id=14016, stack(0x000000efd6400000,0x000000efd6500000)]
  0x0000028aec2b0000 JavaThread "jar transforms" [_thread_blocked, id=8540, stack(0x000000efd6500000,0x000000efd6600000)]
  0x0000028aec2b1800 JavaThread "jar transforms Thread 2" [_thread_blocked, id=11536, stack(0x000000efd6600000,0x000000efd6700000)]
  0x0000028aec2ae800 JavaThread "Cache worker for file content cache (C:\Users\NHAT_HOANG\.gradle\caches\7.0.2\fileContent)" [_thread_blocked, id=13220, stack(0x000000efd6700000,0x000000efd6800000)]
  0x0000028aec2b5800 JavaThread "Cache worker for dependencies-accessors (G:\Lan Anh\DO AN 2\SMARTHOME\.gradle\7.0.2\dependencies-accessors)" [_thread_blocked, id=10400, stack(0x000000efd6800000,0x000000efd6900000)]
  0x0000028aec2b2800 JavaThread "jar transforms Thread 3" [_thread_blocked, id=12776, stack(0x000000efd6900000,0x000000efd6a00000)]
  0x0000028aec2b6800 JavaThread "Cache worker for Build Output Cleanup Cache (G:\Lan Anh\DO AN 2\SMARTHOME\.gradle\buildOutputCleanup)" [_thread_blocked, id=10668, stack(0x000000efd6a00000,0x000000efd6b00000)]
  0x0000028aec2b1000 JavaThread "Build operations" [_thread_blocked, id=7528, stack(0x000000efd6b00000,0x000000efd6c00000)]
  0x0000028aec2b9000 JavaThread "Build operations Thread 2" [_thread_blocked, id=3000, stack(0x000000efd6c00000,0x000000efd6d00000)]
  0x0000028aec2ba800 JavaThread "Build operations Thread 3" [_thread_blocked, id=11712, stack(0x000000efd6d00000,0x000000efd6e00000)]
  0x0000028aec2b8000 JavaThread "Build operations Thread 4" [_thread_blocked, id=13352, stack(0x000000efd6e00000,0x000000efd6f00000)]
  0x0000028aec2b7800 JavaThread "Build operations Thread 5" [_thread_blocked, id=12300, stack(0x000000efd6f00000,0x000000efd7000000)]
  0x0000028aec2bb800 JavaThread "Build operations Thread 6" [_thread_blocked, id=3880, stack(0x000000efd7000000,0x000000efd7100000)]
  0x0000028aec2ba000 JavaThread "Build operations Thread 7" [_thread_blocked, id=2776, stack(0x000000efd7100000,0x000000efd7200000)]
  0x0000028aec2bc800 JavaThread "Build operations Thread 8" [_thread_blocked, id=10232, stack(0x000000efd7200000,0x000000efd7300000)]
  0x0000028aec2bd000 JavaThread "jar transforms Thread 4" [_thread_blocked, id=13268, stack(0x000000efd7300000,0x000000efd7400000)]
  0x0000028aec003000 JavaThread "jar transforms Thread 5" [_thread_blocked, id=4400, stack(0x000000efd7400000,0x000000efd7500000)]
  0x0000028aec005000 JavaThread "jar transforms Thread 6" [_thread_blocked, id=7264, stack(0x000000efd7500000,0x000000efd7600000)]
  0x0000028aec004000 JavaThread "jar transforms Thread 7" [_thread_blocked, id=10236, stack(0x000000efd7600000,0x000000efd7700000)]
  0x0000028aec005800 JavaThread "jar transforms Thread 8" [_thread_blocked, id=9312, stack(0x000000efd7700000,0x000000efd7800000)]
  0x0000028aec007000 JavaThread "Memory manager" [_thread_blocked, id=12784, stack(0x000000efd7800000,0x000000efd7900000)]
  0x0000028ae95c9800 JavaThread "C2 CompilerThread1" daemon [_thread_in_native, id=12268, stack(0x000000efd5c00000,0x000000efd5d00000)]
=>0x0000028af0953000 JavaThread "C2 CompilerThread2" daemon [_thread_in_native, id=7076, stack(0x000000efd6300000,0x000000efd6400000)]

Other Threads:
  0x0000028ae790b800 VMThread "VM Thread" [stack: 0x000000efd3c00000,0x000000efd3d00000] [id=10560]
  0x0000028ae8427000 WatcherThread [stack: 0x000000efd4600000,0x000000efd4700000] [id=10604]
  0x0000028acb515000 GCTaskThread "GC Thread#0" [stack: 0x000000efd3700000,0x000000efd3800000] [id=3948]
  0x0000028ae87d6000 GCTaskThread "GC Thread#1" [stack: 0x000000efd4800000,0x000000efd4900000] [id=4356]
  0x0000028ae86c8800 GCTaskThread "GC Thread#2" [stack: 0x000000efd4900000,0x000000efd4a00000] [id=12540]
  0x0000028aeab43000 GCTaskThread "GC Thread#3" [stack: 0x000000efd5300000,0x000000efd5400000] [id=11784]
  0x0000028ae921f800 GCTaskThread "GC Thread#4" [stack: 0x000000efd5400000,0x000000efd5500000] [id=11136]
  0x0000028aea68c000 GCTaskThread "GC Thread#5" [stack: 0x000000efd5500000,0x000000efd5600000] [id=4272]
  0x0000028aeaae9800 GCTaskThread "GC Thread#6" [stack: 0x000000efd5600000,0x000000efd5700000] [id=10288]
  0x0000028aeb6b4000 GCTaskThread "GC Thread#7" [stack: 0x000000efd5700000,0x000000efd5800000] [id=10572]
  0x0000028acb54a000 ConcurrentGCThread "G1 Main Marker" [stack: 0x000000efd3800000,0x000000efd3900000] [id=13728]
  0x0000028acb54b000 ConcurrentGCThread "G1 Conc#0" [stack: 0x000000efd3900000,0x000000efd3a00000] [id=9380]
  0x0000028aeb87b000 ConcurrentGCThread "G1 Conc#1" [stack: 0x000000efd5a00000,0x000000efd5b00000] [id=3636]
  0x0000028ae7760800 ConcurrentGCThread "G1 Refine#0" [stack: 0x000000efd3a00000,0x000000efd3b00000] [id=2032]
  0x0000028ae7761800 ConcurrentGCThread "G1 Young RemSet Sampling" [stack: 0x000000efd3b00000,0x000000efd3c00000] [id=3928]

Threads with active compile tasks:
C2 CompilerThread0  17481 7116       4       org.gradle.internal.reflect.ClassInspector::inspectClass (179 bytes)
C2 CompilerThread1  17481 7321       4       java.util.StringJoiner::add (104 bytes)
C2 CompilerThread2  17481 7117 %     4       org.gradle.internal.instantiation.generator.AbstractClassGenerator::inspectType @ 207 (560 bytes)

VM state:not at safepoint (normal execution)

VM Mutex/Monitor currently owned by a thread: None

Heap address: 0x0000000080000000, size: 2048 MB, Compressed Oops mode: 32-bit
Narrow klass base: 0x0000000000000000, Narrow klass shift: 3
Compressed class space size: 1073741824 Address: 0x0000000100000000

Heap:
 garbage-first heap   total 155648K, used 110592K [0x0000000080000000, 0x0000000100000000)
  region size 1024K, 56 young (57344K), 4 survivors (4096K)
 Metaspace       used 75699K, capacity 77492K, committed 77644K, reserved 1116160K
  class space    used 9873K, capacity 10502K, committed 10572K, reserved 1048576K
Heap Regions: E=young(eden), S=young(survivor), O=old, HS=humongous(starts), HC=humongous(continues), CS=collection set, F=free, A=archive, TAMS=top-at-mark-start (previous, next)
|   0|0x0000000080000000, 0x0000000080100000, 0x0000000080100000|100%| O|  |TAMS 0x0000000080100000, 0x0000000080000000| Untracked 
|   1|0x0000000080100000, 0x0000000080200000, 0x0000000080200000|100%| O|  |TAMS 0x0000000080200000, 0x0000000080100000| Untracked 
|   2|0x0000000080200000, 0x0000000080300000, 0x0000000080300000|100%| O|  |TAMS 0x0000000080300000, 0x0000000080200000| Untracked 
|   3|0x0000000080300000, 0x0000000080400000, 0x0000000080400000|100%|HS|  |TAMS 0x0000000080400000, 0x0000000080300000| Complete 
|   4|0x0000000080400000, 0x0000000080500000, 0x0000000080500000|100%|HC|  |TAMS 0x0000000080500000, 0x0000000080400000| Complete 
|   5|0x0000000080500000, 0x0000000080600000, 0x0000000080600000|100%|HC|  |TAMS 0x0000000080600000, 0x0000000080500000| Complete 
|   6|0x0000000080600000, 0x0000000080700000, 0x0000000080700000|100%| O|  |TAMS 0x0000000080700000, 0x0000000080600000| Untracked 
|   7|0x0000000080700000, 0x0000000080800000, 0x0000000080800000|100%| O|  |TAMS 0x0000000080800000, 0x0000000080700000| Untracked 
|   8|0x0000000080800000, 0x0000000080900000, 0x0000000080900000|100%| O|  |TAMS 0x0000000080900000, 0x0000000080800000| Untracked 
|   9|0x0000000080900000, 0x0000000080a00000, 0x0000000080a00000|100%| O|  |TAMS 0x0000000080a00000, 0x0000000080900000| Untracked 
|  10|0x0000000080a00000, 0x0000000080b00000, 0x0000000080b00000|100%| O|  |TAMS 0x0000000080b00000, 0x0000000080a00000| Untracked 
|  11|0x0000000080b00000, 0x0000000080c00000, 0x0000000080c00000|100%| O|  |TAMS 0x0000000080c00000, 0x0000000080b00000| Untracked 
|  12|0x0000000080c00000, 0x0000000080d00000, 0x0000000080d00000|100%| O|  |TAMS 0x0000000080d00000, 0x0000000080c00000| Untracked 
|  13|0x0000000080d00000, 0x0000000080e00000, 0x0000000080e00000|100%| O|  |TAMS 0x0000000080e00000, 0x0000000080d00000| Untracked 
|  14|0x0000000080e00000, 0x0000000080f00000, 0x0000000080f00000|100%| O|  |TAMS 0x0000000080f00000, 0x0000000080e00000| Untracked 
|  15|0x0000000080f00000, 0x0000000081000000, 0x0000000081000000|100%| O|  |TAMS 0x0000000081000000, 0x0000000080f00000| Untracked 
|  16|0x0000000081000000, 0x0000000081100000, 0x0000000081100000|100%| O|  |TAMS 0x0000000081100000, 0x0000000081000000| Untracked 
|  17|0x0000000081100000, 0x0000000081200000, 0x0000000081200000|100%| O|  |TAMS 0x0000000081200000, 0x0000000081100000| Untracked 
|  18|0x0000000081200000, 0x0000000081300000, 0x0000000081300000|100%| O|  |TAMS 0x0000000081300000, 0x0000000081200000| Untracked 
|  19|0x0000000081300000, 0x0000000081400000, 0x0000000081400000|100%| O|  |TAMS 0x0000000081400000, 0x0000000081300000| Untracked 
|  20|0x0000000081400000, 0x0000000081500000, 0x0000000081500000|100%| O|  |TAMS 0x0000000081500000, 0x0000000081400000| Untracked 
|  21|0x0000000081500000, 0x0000000081600000, 0x0000000081600000|100%| O|  |TAMS 0x0000000081600000, 0x0000000081500000| Untracked 
|  22|0x0000000081600000, 0x0000000081700000, 0x0000000081700000|100%| O|  |TAMS 0x0000000081700000, 0x0000000081600000| Untracked 
|  23|0x0000000081700000, 0x0000000081800000, 0x0000000081800000|100%| O|  |TAMS 0x0000000081800000, 0x0000000081700000| Untracked 
|  24|0x0000000081800000, 0x0000000081900000, 0x0000000081900000|100%| O|  |TAMS 0x0000000081900000, 0x0000000081800000| Untracked 
|  25|0x0000000081900000, 0x0000000081a00000, 0x0000000081a00000|100%| O|  |TAMS 0x0000000081a00000, 0x0000000081900000| Untracked 
|  26|0x0000000081a00000, 0x0000000081b00000, 0x0000000081b00000|100%|HS|  |TAMS 0x0000000081b00000, 0x0000000081a00000| Complete 
|  27|0x0000000081b00000, 0x0000000081c00000, 0x0000000081c00000|100%|HS|  |TAMS 0x0000000081c00000, 0x0000000081b00000| Complete 
|  28|0x0000000081c00000, 0x0000000081d00000, 0x0000000081d00000|100%|HS|  |TAMS 0x0000000081d00000, 0x0000000081c00000| Complete 
|  29|0x0000000081d00000, 0x0000000081e00000, 0x0000000081e00000|100%|HC|  |TAMS 0x0000000081e00000, 0x0000000081d00000| Complete 
|  30|0x0000000081e00000, 0x0000000081f00000, 0x0000000081f00000|100%| O|  |TAMS 0x0000000081f00000, 0x0000000081e00000| Untracked 
|  31|0x0000000081f00000, 0x0000000082000000, 0x0000000082000000|100%| O|  |TAMS 0x0000000082000000, 0x0000000081f00000| Untracked 
|  32|0x0000000082000000, 0x0000000082100000, 0x0000000082100000|100%| O|  |TAMS 0x0000000082100000, 0x0000000082000000| Untracked 
|  33|0x0000000082100000, 0x0000000082200000, 0x0000000082200000|100%| O|  |TAMS 0x0000000082200000, 0x0000000082100000| Untracked 
|  34|0x0000000082200000, 0x0000000082300000, 0x0000000082300000|100%| O|  |TAMS 0x0000000082300000, 0x0000000082200000| Untracked 
|  35|0x0000000082300000, 0x0000000082400000, 0x0000000082400000|100%| O|  |TAMS 0x0000000082400000, 0x0000000082300000| Untracked 
|  36|0x0000000082400000, 0x0000000082500000, 0x0000000082500000|100%| O|  |TAMS 0x0000000082500000, 0x0000000082400000| Untracked 
|  37|0x0000000082500000, 0x0000000082600000, 0x0000000082600000|100%| O|  |TAMS 0x0000000082600000, 0x0000000082500000| Untracked 
|  38|0x0000000082600000, 0x0000000082700000, 0x0000000082700000|100%| O|  |TAMS 0x0000000082700000, 0x0000000082600000| Untracked 
|  39|0x0000000082700000, 0x0000000082800000, 0x0000000082800000|100%| O|  |TAMS 0x0000000082800000, 0x0000000082700000| Untracked 
|  40|0x0000000082800000, 0x0000000082900000, 0x0000000082900000|100%| O|  |TAMS 0x0000000082900000, 0x0000000082800000| Untracked 
|  41|0x0000000082900000, 0x0000000082a00000, 0x0000000082a00000|100%| O|  |TAMS 0x00000000829a0200, 0x0000000082900000| Untracked 
|  42|0x0000000082a00000, 0x0000000082b00000, 0x0000000082b00000|100%| O|  |TAMS 0x0000000082a00000, 0x0000000082a00000| Untracked 
|  43|0x0000000082b00000, 0x0000000082c00000, 0x0000000082c00000|100%| O|  |TAMS 0x0000000082b00000, 0x0000000082b00000| Untracked 
|  44|0x0000000082c00000, 0x0000000082d00000, 0x0000000082d00000|100%| O|  |TAMS 0x0000000082c00000, 0x0000000082c00000| Untracked 
|  45|0x0000000082d00000, 0x0000000082e00000, 0x0000000082e00000|100%| O|  |TAMS 0x0000000082d00000, 0x0000000082d00000| Untracked 
|  46|0x0000000082e00000, 0x0000000082f00000, 0x0000000082f00000|100%| O|  |TAMS 0x0000000082e00000, 0x0000000082e00000| Untracked 
|  47|0x0000000082f00000, 0x0000000083000000, 0x0000000083000000|100%| O|  |TAMS 0x0000000082f00000, 0x0000000082f00000| Untracked 
|  48|0x0000000083000000, 0x0000000083100000, 0x0000000083100000|100%| O|  |TAMS 0x0000000083000000, 0x0000000083000000| Untracked 
|  49|0x0000000083100000, 0x0000000083200000, 0x0000000083200000|100%| O|  |TAMS 0x0000000083100000, 0x0000000083100000| Untracked 
|  50|0x0000000083200000, 0x0000000083300000, 0x0000000083300000|100%| O|  |TAMS 0x0000000083200000, 0x0000000083200000| Untracked 
|  51|0x0000000083300000, 0x0000000083400000, 0x0000000083400000|100%| O|  |TAMS 0x0000000083300000, 0x0000000083300000| Untracked 
|  52|0x0000000083400000, 0x0000000083500000, 0x0000000083500000|100%| O|  |TAMS 0x0000000083400000, 0x0000000083400000| Untracked 
|  53|0x0000000083500000, 0x0000000083500000, 0x0000000083600000|  0%| F|  |TAMS 0x0000000083500000, 0x0000000083500000| Untracked 
|  54|0x0000000083600000, 0x0000000083600000, 0x0000000083700000|  0%| F|  |TAMS 0x0000000083600000, 0x0000000083600000| Untracked 
|  55|0x0000000083700000, 0x0000000083700000, 0x0000000083800000|  0%| F|  |TAMS 0x0000000083700000, 0x0000000083700000| Untracked 
|  56|0x0000000083800000, 0x0000000083800000, 0x0000000083900000|  0%| F|  |TAMS 0x0000000083800000, 0x0000000083800000| Untracked 
|  57|0x0000000083900000, 0x0000000083900000, 0x0000000083a00000|  0%| F|  |TAMS 0x0000000083900000, 0x0000000083900000| Untracked 
|  58|0x0000000083a00000, 0x0000000083a00000, 0x0000000083b00000|  0%| F|  |TAMS 0x0000000083a00000, 0x0000000083a00000| Untracked 
|  59|0x0000000083b00000, 0x0000000083b00000, 0x0000000083c00000|  0%| F|  |TAMS 0x0000000083b00000, 0x0000000083b00000| Untracked 
|  60|0x0000000083c00000, 0x0000000083c00000, 0x0000000083d00000|  0%| F|  |TAMS 0x0000000083c00000, 0x0000000083c00000| Untracked 
|  61|0x0000000083d00000, 0x0000000083d00000, 0x0000000083e00000|  0%| F|  |TAMS 0x0000000083d00000, 0x0000000083d00000| Untracked 
|  62|0x0000000083e00000, 0x0000000083e00000, 0x0000000083f00000|  0%| F|  |TAMS 0x0000000083e00000, 0x0000000083e00000| Untracked 
|  63|0x0000000083f00000, 0x0000000083f00000, 0x0000000084000000|  0%| F|  |TAMS 0x0000000083f00000, 0x0000000083f00000| Untracked 
|  64|0x0000000084000000, 0x0000000084000000, 0x0000000084100000|  0%| F|  |TAMS 0x0000000084000000, 0x0000000084000000| Untracked 
|  65|0x0000000084100000, 0x0000000084100000, 0x0000000084200000|  0%| F|  |TAMS 0x0000000084100000, 0x0000000084100000| Untracked 
|  66|0x0000000084200000, 0x0000000084200000, 0x0000000084300000|  0%| F|  |TAMS 0x0000000084200000, 0x0000000084200000| Untracked 
|  67|0x0000000084300000, 0x0000000084300000, 0x0000000084400000|  0%| F|  |TAMS 0x0000000084300000, 0x0000000084300000| Untracked 
|  68|0x0000000084400000, 0x0000000084400000, 0x0000000084500000|  0%| F|  |TAMS 0x0000000084400000, 0x0000000084400000| Untracked 
|  69|0x0000000084500000, 0x0000000084500000, 0x0000000084600000|  0%| F|  |TAMS 0x0000000084500000, 0x0000000084500000| Untracked 
|  70|0x0000000084600000, 0x0000000084600000, 0x0000000084700000|  0%| F|  |TAMS 0x0000000084600000, 0x0000000084600000| Untracked 
|  71|0x0000000084700000, 0x0000000084700000, 0x0000000084800000|  0%| F|  |TAMS 0x0000000084700000, 0x0000000084700000| Untracked 
|  72|0x0000000084800000, 0x0000000084800000, 0x0000000084900000|  0%| F|  |TAMS 0x0000000084800000, 0x0000000084800000| Untracked 
|  73|0x0000000084900000, 0x0000000084900000, 0x0000000084a00000|  0%| F|  |TAMS 0x0000000084900000, 0x0000000084900000| Untracked 
|  74|0x0000000084a00000, 0x0000000084a00000, 0x0000000084b00000|  0%| F|  |TAMS 0x0000000084a00000, 0x0000000084a00000| Untracked 
|  75|0x0000000084b00000, 0x0000000084b00000, 0x0000000084c00000|  0%| F|  |TAMS 0x0000000084b00000, 0x0000000084b00000| Untracked 
|  76|0x0000000084c00000, 0x0000000084c00000, 0x0000000084d00000|  0%| F|  |TAMS 0x0000000084c00000, 0x0000000084c00000| Untracked 
|  77|0x0000000084d00000, 0x0000000084d00000, 0x0000000084e00000|  0%| F|  |TAMS 0x0000000084d00000, 0x0000000084d00000| Untracked 
|  78|0x0000000084e00000, 0x0000000084e00000, 0x0000000084f00000|  0%| F|  |TAMS 0x0000000084e00000, 0x0000000084e00000| Untracked 
|  79|0x0000000084f00000, 0x0000000084f00000, 0x0000000085000000|  0%| F|  |TAMS 0x0000000084f00000, 0x0000000084f00000| Untracked 
|  80|0x0000000085000000, 0x0000000085000000, 0x0000000085100000|  0%| F|  |TAMS 0x0000000085000000, 0x0000000085000000| Untracked 
|  81|0x0000000085100000, 0x0000000085100000, 0x0000000085200000|  0%| F|  |TAMS 0x0000000085100000, 0x0000000085100000| Untracked 
|  82|0x0000000085200000, 0x0000000085200000, 0x0000000085300000|  0%| F|  |TAMS 0x0000000085200000, 0x0000000085200000| Untracked 
|  83|0x0000000085300000, 0x0000000085300000, 0x0000000085400000|  0%| F|  |TAMS 0x0000000085300000, 0x0000000085300000| Untracked 
|  84|0x0000000085400000, 0x0000000085400000, 0x0000000085500000|  0%| F|  |TAMS 0x0000000085400000, 0x0000000085400000| Untracked 
|  85|0x0000000085500000, 0x0000000085500000, 0x0000000085600000|  0%| F|  |TAMS 0x0000000085500000, 0x0000000085500000| Untracked 
|  86|0x0000000085600000, 0x0000000085600000, 0x0000000085700000|  0%| F|  |TAMS 0x0000000085600000, 0x0000000085600000| Untracked 
|  87|0x0000000085700000, 0x0000000085700000, 0x0000000085800000|  0%| F|  |TAMS 0x0000000085700000, 0x0000000085700000| Untracked 
|  88|0x0000000085800000, 0x0000000085800000, 0x0000000085900000|  0%| F|  |TAMS 0x0000000085800000, 0x0000000085800000| Untracked 
|  89|0x0000000085900000, 0x0000000085a00000, 0x0000000085a00000|100%| S|CS|TAMS 0x0000000085900000, 0x0000000085900000| Complete 
|  90|0x0000000085a00000, 0x0000000085b00000, 0x0000000085b00000|100%| S|CS|TAMS 0x0000000085a00000, 0x0000000085a00000| Complete 
|  91|0x0000000085b00000, 0x0000000085c00000, 0x0000000085c00000|100%| S|CS|TAMS 0x0000000085b00000, 0x0000000085b00000| Complete 
|  92|0x0000000085c00000, 0x0000000085c00000, 0x0000000085d00000|  0%| F|  |TAMS 0x0000000085c00000, 0x0000000085c00000| Untracked 
|  93|0x0000000085d00000, 0x0000000085d00000, 0x0000000085e00000|  0%| F|  |TAMS 0x0000000085d00000, 0x0000000085d00000| Untracked 
|  94|0x0000000085e00000, 0x0000000085e00000, 0x0000000085f00000|  0%| F|  |TAMS 0x0000000085e00000, 0x0000000085e00000| Untracked 
|  95|0x0000000085f00000, 0x0000000086000000, 0x0000000086000000|100%| S|CS|TAMS 0x0000000085f00000, 0x0000000085f00000| Complete 
|  96|0x0000000086000000, 0x0000000086000000, 0x0000000086100000|  0%| F|  |TAMS 0x0000000086000000, 0x0000000086000000| Untracked 
|  97|0x0000000086100000, 0x0000000086100000, 0x0000000086200000|  0%| F|  |TAMS 0x0000000086100000, 0x0000000086100000| Untracked 
|  98|0x0000000086200000, 0x0000000086200000, 0x0000000086300000|  0%| F|  |TAMS 0x0000000086200000, 0x0000000086200000| Untracked 
|  99|0x0000000086300000, 0x0000000086380800, 0x0000000086400000| 50%| E|  |TAMS 0x0000000086300000, 0x0000000086300000| Complete 
| 100|0x0000000086400000, 0x0000000086500000, 0x0000000086500000|100%| E|CS|TAMS 0x0000000086400000, 0x0000000086400000| Complete 
| 101|0x0000000086500000, 0x0000000086600000, 0x0000000086600000|100%| E|CS|TAMS 0x0000000086500000, 0x0000000086500000| Complete 
| 102|0x0000000086600000, 0x0000000086700000, 0x0000000086700000|100%| E|CS|TAMS 0x0000000086600000, 0x0000000086600000| Complete 
| 103|0x0000000086700000, 0x0000000086800000, 0x0000000086800000|100%| E|CS|TAMS 0x0000000086700000, 0x0000000086700000| Complete 
| 104|0x0000000086800000, 0x0000000086900000, 0x0000000086900000|100%| E|CS|TAMS 0x0000000086800000, 0x0000000086800000| Complete 
| 105|0x0000000086900000, 0x0000000086a00000, 0x0000000086a00000|100%| E|CS|TAMS 0x0000000086900000, 0x0000000086900000| Complete 
| 106|0x0000000086a00000, 0x0000000086b00000, 0x0000000086b00000|100%| E|CS|TAMS 0x0000000086a00000, 0x0000000086a00000| Complete 
| 107|0x0000000086b00000, 0x0000000086c00000, 0x0000000086c00000|100%| E|CS|TAMS 0x0000000086b00000, 0x0000000086b00000| Complete 
| 108|0x0000000086c00000, 0x0000000086d00000, 0x0000000086d00000|100%| E|CS|TAMS 0x0000000086c00000, 0x0000000086c00000| Complete 
| 109|0x0000000086d00000, 0x0000000086e00000, 0x0000000086e00000|100%| E|CS|TAMS 0x0000000086d00000, 0x0000000086d00000| Complete 
| 110|0x0000000086e00000, 0x0000000086f00000, 0x0000000086f00000|100%| E|CS|TAMS 0x0000000086e00000, 0x0000000086e00000| Complete 
| 111|0x0000000086f00000, 0x0000000087000000, 0x0000000087000000|100%| E|CS|TAMS 0x0000000086f00000, 0x0000000086f00000| Complete 
| 112|0x0000000087000000, 0x0000000087100000, 0x0000000087100000|100%| E|CS|TAMS 0x0000000087000000, 0x0000000087000000| Complete 
| 113|0x0000000087100000, 0x0000000087200000, 0x0000000087200000|100%| E|CS|TAMS 0x0000000087100000, 0x0000000087100000| Complete 
| 114|0x0000000087200000, 0x0000000087300000, 0x0000000087300000|100%| E|CS|TAMS 0x0000000087200000, 0x0000000087200000| Complete 
| 115|0x0000000087300000, 0x0000000087400000, 0x0000000087400000|100%| E|CS|TAMS 0x0000000087300000, 0x0000000087300000| Complete 
| 116|0x0000000087400000, 0x0000000087500000, 0x0000000087500000|100%| E|CS|TAMS 0x0000000087400000, 0x0000000087400000| Complete 
| 117|0x0000000087500000, 0x0000000087600000, 0x0000000087600000|100%| E|CS|TAMS 0x0000000087500000, 0x0000000087500000| Complete 
| 118|0x0000000087600000, 0x0000000087700000, 0x0000000087700000|100%| E|CS|TAMS 0x0000000087600000, 0x0000000087600000| Complete 
| 119|0x0000000087700000, 0x0000000087800000, 0x0000000087800000|100%| E|CS|TAMS 0x0000000087700000, 0x0000000087700000| Complete 
| 120|0x0000000087800000, 0x0000000087900000, 0x0000000087900000|100%| E|CS|TAMS 0x0000000087800000, 0x0000000087800000| Complete 
| 121|0x0000000087900000, 0x0000000087a00000, 0x0000000087a00000|100%| E|CS|TAMS 0x0000000087900000, 0x0000000087900000| Complete 
| 122|0x0000000087a00000, 0x0000000087b00000, 0x0000000087b00000|100%| E|CS|TAMS 0x0000000087a00000, 0x0000000087a00000| Complete 
| 123|0x0000000087b00000, 0x0000000087c00000, 0x0000000087c00000|100%| E|CS|TAMS 0x0000000087b00000, 0x0000000087b00000| Complete 
| 124|0x0000000087c00000, 0x0000000087d00000, 0x0000000087d00000|100%| E|CS|TAMS 0x0000000087c00000, 0x0000000087c00000| Complete 
| 125|0x0000000087d00000, 0x0000000087e00000, 0x0000000087e00000|100%| E|CS|TAMS 0x0000000087d00000, 0x0000000087d00000| Complete 
| 126|0x0000000087e00000, 0x0000000087f00000, 0x0000000087f00000|100%| E|CS|TAMS 0x0000000087e00000, 0x0000000087e00000| Complete 
| 127|0x0000000087f00000, 0x0000000088000000, 0x0000000088000000|100%| E|CS|TAMS 0x0000000087f00000, 0x0000000087f00000| Complete 
| 128|0x0000000088000000, 0x0000000088100000, 0x0000000088100000|100%| E|CS|TAMS 0x0000000088000000, 0x0000000088000000| Complete 
| 129|0x0000000088100000, 0x0000000088200000, 0x0000000088200000|100%| E|CS|TAMS 0x0000000088100000, 0x0000000088100000| Complete 
| 130|0x0000000088200000, 0x0000000088300000, 0x0000000088300000|100%| E|CS|TAMS 0x0000000088200000, 0x0000000088200000| Complete 
| 131|0x0000000088300000, 0x0000000088400000, 0x0000000088400000|100%| E|CS|TAMS 0x0000000088300000, 0x0000000088300000| Complete 
| 132|0x0000000088400000, 0x0000000088500000, 0x0000000088500000|100%| E|CS|TAMS 0x0000000088400000, 0x0000000088400000| Complete 
| 133|0x0000000088500000, 0x0000000088600000, 0x0000000088600000|100%| E|CS|TAMS 0x0000000088500000, 0x0000000088500000| Complete 
| 134|0x0000000088600000, 0x0000000088700000, 0x0000000088700000|100%| E|CS|TAMS 0x0000000088600000, 0x0000000088600000| Complete 
| 135|0x0000000088700000, 0x0000000088800000, 0x0000000088800000|100%| E|CS|TAMS 0x0000000088700000, 0x0000000088700000| Complete 
| 136|0x0000000088800000, 0x0000000088900000, 0x0000000088900000|100%| E|CS|TAMS 0x0000000088800000, 0x0000000088800000| Complete 
| 137|0x0000000088900000, 0x0000000088a00000, 0x0000000088a00000|100%| E|CS|TAMS 0x0000000088900000, 0x0000000088900000| Complete 
| 138|0x0000000088a00000, 0x0000000088b00000, 0x0000000088b00000|100%| E|CS|TAMS 0x0000000088a00000, 0x0000000088a00000| Complete 
| 139|0x0000000088b00000, 0x0000000088c00000, 0x0000000088c00000|100%| E|CS|TAMS 0x0000000088b00000, 0x0000000088b00000| Complete 
| 140|0x0000000088c00000, 0x0000000088d00000, 0x0000000088d00000|100%| E|CS|TAMS 0x0000000088c00000, 0x0000000088c00000| Complete 
| 141|0x0000000088d00000, 0x0000000088e00000, 0x0000000088e00000|100%| E|CS|TAMS 0x0000000088d00000, 0x0000000088d00000| Complete 
| 142|0x0000000088e00000, 0x0000000088f00000, 0x0000000088f00000|100%| E|CS|TAMS 0x0000000088e00000, 0x0000000088e00000| Complete 
| 143|0x0000000088f00000, 0x0000000089000000, 0x0000000089000000|100%| E|CS|TAMS 0x0000000088f00000, 0x0000000088f00000| Complete 
| 144|0x0000000089000000, 0x0000000089100000, 0x0000000089100000|100%| E|CS|TAMS 0x0000000089000000, 0x0000000089000000| Complete 
| 145|0x0000000089100000, 0x0000000089200000, 0x0000000089200000|100%| E|CS|TAMS 0x0000000089100000, 0x0000000089100000| Complete 
| 146|0x0000000089200000, 0x0000000089300000, 0x0000000089300000|100%| E|CS|TAMS 0x0000000089200000, 0x0000000089200000| Complete 
| 147|0x0000000089300000, 0x0000000089400000, 0x0000000089400000|100%| E|CS|TAMS 0x0000000089300000, 0x0000000089300000| Complete 
| 148|0x0000000089400000, 0x0000000089500000, 0x0000000089500000|100%| E|CS|TAMS 0x0000000089400000, 0x0000000089400000| Complete 
| 149|0x0000000089500000, 0x0000000089600000, 0x0000000089600000|100%| E|CS|TAMS 0x0000000089500000, 0x0000000089500000| Complete 
| 150|0x0000000089600000, 0x0000000089700000, 0x0000000089700000|100%| E|CS|TAMS 0x0000000089600000, 0x0000000089600000| Complete 
| 151|0x0000000089700000, 0x0000000089800000, 0x0000000089800000|100%| E|CS|TAMS 0x0000000089700000, 0x0000000089700000| Complete 

Card table byte_map: [0x0000028ae0640000,0x0000028ae0a40000] _byte_map_base: 0x0000028ae0240000

Marking Bits (Prev, Next): (CMBitMap*) 0x0000028acb541158, (CMBitMap*) 0x0000028acb541190
 Prev Bits: [0x0000028ae0e40000, 0x0000028ae2e40000)
 Next Bits: [0x0000028ae2e40000, 0x0000028ae4e40000)

Polling page: 0x0000028acb5e0000

Metaspace:

Usage:
  Non-class:     65.42 MB capacity,    64.28 MB ( 98%) used,   974.26 KB (  1%) free+waste,   189.19 KB ( <1%) overhead. 
      Class:     10.26 MB capacity,     9.64 MB ( 94%) used,   540.38 KB (  5%) free+waste,    88.19 KB ( <1%) overhead. 
       Both:     75.68 MB capacity,    73.93 MB ( 98%) used,     1.48 MB (  2%) free+waste,   277.38 KB ( <1%) overhead. 

Virtual space:
  Non-class space:       66.00 MB reserved,      65.50 MB (>99%) committed 
      Class space:        1.00 GB reserved,      10.32 MB (  1%) committed 
             Both:        1.06 GB reserved,      75.82 MB (  7%) committed 

Chunk freelists:
   Non-Class:  18.00 KB
       Class:  0 bytes
        Both:  18.00 KB

MaxMetaspaceSize: 17179869184.00 GB
CompressedClassSpaceSize: 1.00 GB

CodeHeap 'non-profiled nmethods': size=120000Kb used=4824Kb max_used=4824Kb free=115175Kb
 bounds [0x0000028ad8290000, 0x0000028ad8750000, 0x0000028adf7c0000]
CodeHeap 'profiled nmethods': size=120000Kb used=15633Kb max_used=15633Kb free=104366Kb
 bounds [0x0000028ad0d60000, 0x0000028ad1cb0000, 0x0000028ad8290000]
CodeHeap 'non-nmethods': size=5760Kb used=2270Kb max_used=2330Kb free=3489Kb
 bounds [0x0000028ad07c0000, 0x0000028ad0a30000, 0x0000028ad0d60000]
 total_blobs=8123 nmethods=7258 adapters=776
 compilation: enabled
              stopped_count=0, restarted_count=0
 full_count=0

Compilation events (20 events):
Event: 17.335 Thread 0x0000028ae793a000 nmethod 7296 0x0000028ad1c96890 code [0x0000028ad1c96ac0, 0x0000028ad1c97368]
Event: 17.338 Thread 0x0000028ae793a000 7297       3       org.gradle.internal.reflect.annotations.impl.DefaultTypeAnnotationMetadataStore::getOrCreateBuilder (24 bytes)
Event: 17.338 Thread 0x0000028ae793a000 nmethod 7297 0x0000028ad1c97610 code [0x0000028ad1c97820, 0x0000028ad1c97df8]
Event: 17.338 Thread 0x0000028ae793a000 7298       3       org.gradle.internal.reflect.annotations.impl.DefaultTypeAnnotationMetadataStore$$Lambda$559/0x00000001006dc840::get$Lambda (12 bytes)
Event: 17.339 Thread 0x0000028ae793a000 nmethod 7298 0x0000028ad1c98090 code [0x0000028ad1c98260, 0x0000028ad1c985d8]
Event: 17.339 Thread 0x0000028ae793a000 7299       3       org.gradle.internal.reflect.annotations.impl.DefaultTypeAnnotationMetadataStore$$Lambda$559/0x00000001006dc840::<init> (26 bytes)
Event: 17.339 Thread 0x0000028ae793a000 nmethod 7299 0x0000028ad1c98710 code [0x0000028ad1c988e0, 0x0000028ad1c98bb8]
Event: 17.352 Thread 0x0000028ae95c9800 nmethod 7277 0x0000028ad8740610 code [0x0000028ad8740800, 0x0000028ad87415a8]
Event: 17.352 Thread 0x0000028ae95c9800 7287       4       com.google.common.collect.RegularImmutableSet::contains (56 bytes)
Event: 17.355 Thread 0x0000028ae95c9800 nmethod 7287 0x0000028ad8741910 code [0x0000028ad8741ac0, 0x0000028ad8741cf8]
Event: 17.369 Thread 0x0000028ae793a000 7300       3       org.gradle.cache.Cache$$Lambda$68/0x0000000100185840::apply (9 bytes)
Event: 17.370 Thread 0x0000028ae793a000 nmethod 7300 0x0000028ad1c98c90 code [0x0000028ad1c98e60, 0x0000028ad1c99068]
Event: 17.370 Thread 0x0000028ae793a000 7301       3       org.gradle.cache.Cache::lambda$get$0 (7 bytes)
Event: 17.370 Thread 0x0000028ae793a000 nmethod 7301 0x0000028ad1c99190 code [0x0000028ad1c99340, 0x0000028ad1c994e8]
Event: 17.371 Thread 0x0000028ae793a000 7302       3       java.util.ArrayDeque::toArray (7 bytes)
Event: 17.371 Thread 0x0000028ae793a000 nmethod 7302 0x0000028ad1c99590 code [0x0000028ad1c99740, 0x0000028ad1c99868]
Event: 17.371 Thread 0x0000028ae793a000 7304       3       java.util.ArrayDeque::addFirst (51 bytes)
Event: 17.371 Thread 0x0000028ae793a000 nmethod 7304 0x0000028ad1c99910 code [0x0000028ad1c99b00, 0x0000028ad1c99f98]
Event: 17.371 Thread 0x0000028ae793a000 7303       3       java.util.ArrayDeque::toArray (99 bytes)
Event: 17.372 Thread 0x0000028ae793a000 nmethod 7303 0x0000028ad1c9a110 code [0x0000028ad1c9a320, 0x0000028ad1c9a8f8]

GC Heap History (20 events):
Event: 5.571 GC heap before
{Heap before GC invocations=5 (full 0):
 garbage-first heap   total 129024K, used 75685K [0x0000000080000000, 0x0000000100000000)
  region size 1024K, 59 young (60416K), 3 survivors (3072K)
 Metaspace       used 34608K, capacity 35478K, committed 35584K, reserved 1079296K
  class space    used 4520K, capacity 4832K, committed 4864K, reserved 1048576K
}
Event: 5.577 GC heap after
{Heap after GC invocations=6 (full 0):
 garbage-first heap   total 129024K, used 21832K [0x0000000080000000, 0x0000000100000000)
  region size 1024K, 6 young (6144K), 6 survivors (6144K)
 Metaspace       used 34608K, capacity 35478K, committed 35584K, reserved 1079296K
  class space    used 4520K, capacity 4832K, committed 4864K, reserved 1048576K
}
Event: 5.639 GC heap before
{Heap before GC invocations=6 (full 0):
 garbage-first heap   total 129024K, used 21832K [0x0000000080000000, 0x0000000100000000)
  region size 1024K, 8 young (8192K), 6 survivors (6144K)
 Metaspace       used 35022K, capacity 35830K, committed 35840K, reserved 1081344K
  class space    used 4540K, capacity 4864K, committed 4864K, reserved 1048576K
}
Event: 5.654 GC heap after
{Heap after GC invocations=7 (full 0):
 garbage-first heap   total 129024K, used 22172K [0x0000000080000000, 0x0000000100000000)
  region size 1024K, 4 young (4096K), 4 survivors (4096K)
 Metaspace       used 35022K, capacity 35830K, committed 35840K, reserved 1081344K
  class space    used 4540K, capacity 4864K, committed 4864K, reserved 1048576K
}
Event: 6.635 GC heap before
{Heap before GC invocations=8 (full 0):
 garbage-first heap   total 129024K, used 72348K [0x0000000080000000, 0x0000000100000000)
  region size 1024K, 51 young (52224K), 4 survivors (4096K)
 Metaspace       used 38609K, capacity 39567K, committed 39884K, reserved 1083392K
  class space    used 4926K, capacity 5251K, committed 5324K, reserved 1048576K
}
Event: 6.644 GC heap after
{Heap after GC invocations=9 (full 0):
 garbage-first heap   total 129024K, used 26067K [0x0000000080000000, 0x0000000100000000)
  region size 1024K, 7 young (7168K), 7 survivors (7168K)
 Metaspace       used 38609K, capacity 39567K, committed 39884K, reserved 1083392K
  class space    used 4926K, capacity 5251K, committed 5324K, reserved 1048576K
}
Event: 7.322 GC heap before
{Heap before GC invocations=9 (full 0):
 garbage-first heap   total 129024K, used 76243K [0x0000000080000000, 0x0000000100000000)
  region size 1024K, 56 young (57344K), 7 survivors (7168K)
 Metaspace       used 43043K, capacity 44085K, committed 44364K, reserved 1087488K
  class space    used 5494K, capacity 5855K, committed 5964K, reserved 1048576K
}
Event: 7.331 GC heap after
{Heap after GC invocations=10 (full 0):
 garbage-first heap   total 129024K, used 28372K [0x0000000080000000, 0x0000000100000000)
  region size 1024K, 6 young (6144K), 6 survivors (6144K)
 Metaspace       used 43043K, capacity 44085K, committed 44364K, reserved 1087488K
  class space    used 5494K, capacity 5855K, committed 5964K, reserved 1048576K
}
Event: 8.417 GC heap before
{Heap before GC invocations=10 (full 0):
 garbage-first heap   total 129024K, used 80596K [0x0000000080000000, 0x0000000100000000)
  region size 1024K, 57 young (58368K), 6 survivors (6144K)
 Metaspace       used 46646K, capacity 47869K, committed 47948K, reserved 1091584K
  class space    used 5980K, capacity 6435K, committed 6476K, reserved 1048576K
}
Event: 8.428 GC heap after
{Heap after GC invocations=11 (full 0):
 garbage-first heap   total 129024K, used 30874K [0x0000000080000000, 0x0000000100000000)
  region size 1024K, 5 young (5120K), 5 survivors (5120K)
 Metaspace       used 46646K, capacity 47869K, committed 47948K, reserved 1091584K
  class space    used 5980K, capacity 6435K, committed 6476K, reserved 1048576K
}
Event: 9.785 GC heap before
{Heap before GC invocations=11 (full 0):
 garbage-first heap   total 129024K, used 88218K [0x0000000080000000, 0x0000000100000000)
  region size 1024K, 57 young (58368K), 5 survivors (5120K)
 Metaspace       used 50873K, capacity 52241K, committed 52300K, reserved 1095680K
  class space    used 6497K, capacity 6954K, committed 6988K, reserved 1048576K
}
Event: 9.793 GC heap after
{Heap after GC invocations=12 (full 0):
 garbage-first heap   total 155648K, used 42066K [0x0000000080000000, 0x0000000100000000)
  region size 1024K, 8 young (8192K), 8 survivors (8192K)
 Metaspace       used 50873K, capacity 52241K, committed 52300K, reserved 1095680K
  class space    used 6497K, capacity 6954K, committed 6988K, reserved 1048576K
}
Event: 11.110 GC heap before
{Heap before GC invocations=12 (full 0):
 garbage-first heap   total 155648K, used 89170K [0x0000000080000000, 0x0000000100000000)
  region size 1024K, 55 young (56320K), 8 survivors (8192K)
 Metaspace       used 58669K, capacity 60212K, committed 60236K, reserved 1101824K
  class space    used 7446K, capacity 7989K, committed 8012K, reserved 1048576K
}
Event: 11.130 GC heap after
{Heap after GC invocations=13 (full 0):
 garbage-first heap   total 155648K, used 45813K [0x0000000080000000, 0x0000000100000000)
  region size 1024K, 4 young (4096K), 4 survivors (4096K)
 Metaspace       used 58669K, capacity 60212K, committed 60236K, reserved 1101824K
  class space    used 7446K, capacity 7989K, committed 8012K, reserved 1048576K
}
Event: 12.465 GC heap before
{Heap before GC invocations=14 (full 0):
 garbage-first heap   total 155648K, used 103157K [0x0000000080000000, 0x0000000100000000)
  region size 1024K, 60 young (61440K), 4 survivors (4096K)
 Metaspace       used 63117K, capacity 64678K, committed 64972K, reserved 1105920K
  class space    used 8020K, capacity 8566K, committed 8652K, reserved 1048576K
}
Event: 12.473 GC heap after
{Heap after GC invocations=15 (full 0):
 garbage-first heap   total 155648K, used 49578K [0x0000000080000000, 0x0000000100000000)
  region size 1024K, 7 young (7168K), 7 survivors (7168K)
 Metaspace       used 63117K, capacity 64678K, committed 64972K, reserved 1105920K
  class space    used 8020K, capacity 8566K, committed 8652K, reserved 1048576K
}
Event: 15.112 GC heap before
{Heap before GC invocations=16 (full 0):
 garbage-first heap   total 155648K, used 107946K [0x0000000080000000, 0x0000000100000000)
  region size 1024K, 64 young (65536K), 7 survivors (7168K)
 Metaspace       used 67228K, capacity 68829K, committed 68940K, reserved 1110016K
  class space    used 8704K, capacity 9265K, committed 9292K, reserved 1048576K
}
Event: 15.122 GC heap after
{Heap after GC invocations=17 (full 0):
 garbage-first heap   total 155648K, used 54426K [0x0000000080000000, 0x0000000100000000)
  region size 1024K, 5 young (5120K), 5 survivors (5120K)
 Metaspace       used 67228K, capacity 68829K, committed 68940K, reserved 1110016K
  class space    used 8704K, capacity 9265K, committed 9292K, reserved 1048576K
}
Event: 16.102 GC heap before
{Heap before GC invocations=17 (full 0):
 garbage-first heap   total 155648K, used 111770K [0x0000000080000000, 0x0000000100000000)
  region size 1024K, 61 young (62464K), 5 survivors (5120K)
 Metaspace       used 69817K, capacity 71522K, committed 71756K, reserved 1112064K
  class space    used 9066K, capacity 9684K, committed 9804K, reserved 1048576K
}
Event: 16.111 GC heap after
{Heap after GC invocations=18 (full 0):
 garbage-first heap   total 155648K, used 58368K [0x0000000080000000, 0x0000000100000000)
  region size 1024K, 4 young (4096K), 4 survivors (4096K)
 Metaspace       used 69817K, capacity 71522K, committed 71756K, reserved 1112064K
  class space    used 9066K, capacity 9684K, committed 9804K, reserved 1048576K
}

Deoptimization events (20 events):
Event: 16.964 Thread 0x0000028aeb612800 DEOPT PACKING pc=0x0000028ad153097c sp=0x000000efd4ff8520
Event: 16.964 Thread 0x0000028aeb612800 DEOPT UNPACKING pc=0x0000028ad07e76ce sp=0x000000efd4ff7920 mode 0
Event: 16.980 Thread 0x0000028aeb612800 Uncommon trap: trap_request=0xffffff4d fr.pc=0x0000028ad84febfc relative=0x00000000000006fc
Event: 16.980 Thread 0x0000028aeb612800 Uncommon trap: reason=unstable_if action=reinterpret pc=0x0000028ad84febfc method=java.util.HashMap.putVal(ILjava/lang/Object;Ljava/lang/Object;ZZ)Ljava/lang/Object; @ 109 c2
Event: 16.981 Thread 0x0000028aeb612800 DEOPT PACKING pc=0x0000028ad84febfc sp=0x000000efd4ff8640
Event: 16.981 Thread 0x0000028aeb612800 DEOPT UNPACKING pc=0x0000028ad07e78af sp=0x000000efd4ff8558 mode 2
Event: 16.981 Thread 0x0000028aeb612800 Uncommon trap: trap_request=0xffffff4d fr.pc=0x0000028ad84f1884 relative=0x0000000000000684
Event: 16.981 Thread 0x0000028aeb612800 Uncommon trap: reason=unstable_if action=reinterpret pc=0x0000028ad84f1884 method=java.util.HashMap.putVal(ILjava/lang/Object;Ljava/lang/Object;ZZ)Ljava/lang/Object; @ 109 c2
Event: 16.981 Thread 0x0000028aeb612800 DEOPT PACKING pc=0x0000028ad84f1884 sp=0x000000efd4ff8590
Event: 16.981 Thread 0x0000028aeb612800 DEOPT UNPACKING pc=0x0000028ad07e78af sp=0x000000efd4ff8548 mode 2
Event: 16.999 Thread 0x0000028aeb612800 DEOPT PACKING pc=0x0000028ad18bb66c sp=0x000000efd4ff7b70
Event: 17.000 Thread 0x0000028aeb612800 DEOPT UNPACKING pc=0x0000028ad07e76ce sp=0x000000efd4ff7138 mode 0
Event: 17.081 Thread 0x0000028aeb612800 DEOPT PACKING pc=0x0000028ad18bb66c sp=0x000000efd4ff88c0
Event: 17.081 Thread 0x0000028aeb612800 DEOPT UNPACKING pc=0x0000028ad07e76ce sp=0x000000efd4ff7e88 mode 0
Event: 17.243 Thread 0x0000028aeb612800 DEOPT PACKING pc=0x0000028ad18baed6 sp=0x000000efd4ff8560
Event: 17.243 Thread 0x0000028aeb612800 DEOPT UNPACKING pc=0x0000028ad07e76ce sp=0x000000efd4ff7b00 mode 0
Event: 17.314 Thread 0x0000028aeb612800 DEOPT PACKING pc=0x0000028ad15373e1 sp=0x000000efd4ffa820
Event: 17.314 Thread 0x0000028aeb612800 DEOPT UNPACKING pc=0x0000028ad07e76ce sp=0x000000efd4ff9cd8 mode 0
Event: 17.321 Thread 0x0000028aeb612800 DEOPT PACKING pc=0x0000028ad1ba243b sp=0x000000efd4ff9f30
Event: 17.321 Thread 0x0000028aeb612800 DEOPT UNPACKING pc=0x0000028ad07e76ce sp=0x000000efd4ff9470 mode 0

Classes redefined (0 events):
No events

Internal exceptions (20 events):
Event: 15.810 Thread 0x0000028aeb612800 Exception <a 'java/lang/ClassNotFoundException'{0x0000000087101ab0}: org/gradle/api/internal/artifacts/configurations/DefaultConfigurationContainer_DecoratedCustomizer> (0x0000000087101ab0) thrown at [./src/hotspot/share/classfile/systemDictionary.cpp, line 231]
Event: 15.825 Thread 0x0000028aeb612800 Exception <a 'java/lang/ClassNotFoundException'{0x0000000086f5d300}: org/gradle/api/internal/artifacts/configurations/DefaultConfiguration_DecoratedBeanInfo> (0x0000000086f5d300) thrown at [./src/hotspot/share/classfile/systemDictionary.cpp, line 231]
Event: 15.827 Thread 0x0000028aeb612800 Exception <a 'java/lang/ClassNotFoundException'{0x0000000086f86ea8}: org/gradle/api/internal/artifacts/configurations/DefaultConfigurationBeanInfo> (0x0000000086f86ea8) thrown at [./src/hotspot/share/classfile/systemDictionary.cpp, line 231]
Event: 15.828 Thread 0x0000028aeb612800 Exception <a 'java/lang/ClassNotFoundException'{0x0000000086fb0bd8}: org/gradle/api/internal/artifacts/configurations/DefaultConfigurationCustomizer> (0x0000000086fb0bd8) thrown at [./src/hotspot/share/classfile/systemDictionary.cpp, line 231]
Event: 15.832 Thread 0x0000028aeb612800 Exception <a 'java/lang/ClassNotFoundException'{0x0000000086e2be30}: org/gradle/api/internal/artifacts/configurations/DefaultConfiguration_DecoratedCustomizer> (0x0000000086e2be30) thrown at [./src/hotspot/share/classfile/systemDictionary.cpp, line 231]
Event: 15.851 Thread 0x0000028aeb612800 Exception <a 'java/lang/ClassNotFoundException'{0x0000000086cb2198}: org/codehaus/groovy/runtime/MethodClosureBeanInfo> (0x0000000086cb2198) thrown at [./src/hotspot/share/classfile/systemDictionary.cpp, line 231]
Event: 15.856 Thread 0x0000028aeb612800 Exception <a 'java/lang/ClassNotFoundException'{0x0000000086a8ab98}: org/codehaus/groovy/runtime/MethodClosureCustomizer> (0x0000000086a8ab98) thrown at [./src/hotspot/share/classfile/systemDictionary.cpp, line 231]
Event: 15.860 Thread 0x0000028aeb612800 Exception <a 'java/lang/ClassNotFoundException'{0x0000000086af3668}: org/gradle/api/internal/artifacts/configurations/DefaultConfiguration$ConfigurationResolvableDependencies_DecoratedBeanInfo> (0x0000000086af3668) thrown at [./src/hotspot/share/classfile/systemDictionary.cpp, line 231]
Event: 15.861 Thread 0x0000028aeb612800 Exception <a 'java/lang/ClassNotFoundException'{0x0000000086925720}: org/gradle/api/internal/artifacts/configurations/DefaultConfiguration$ConfigurationResolvableDependenciesBeanInfo> (0x0000000086925720) thrown at [./src/hotspot/share/classfile/systemDictionary.cpp, line 231]
Event: 15.863 Thread 0x0000028aeb612800 Exception <a 'java/lang/ClassNotFoundException'{0x0000000086958c98}: org/gradle/api/internal/artifacts/configurations/DefaultConfiguration$ConfigurationResolvableDependenciesCustomizer> (0x0000000086958c98) thrown at [./src/hotspot/share/classfile/systemDictionary.cpp, line 231]
Event: 15.865 Thread 0x0000028aeb612800 Exception <a 'java/lang/ClassNotFoundException'{0x000000008699d9d8}: org/gradle/api/internal/artifacts/configurations/DefaultConfiguration$ConfigurationResolvableDependencies_DecoratedCustomizer> (0x000000008699d9d8) thrown at [./src/hotspot/share/classfile/systemDictionary.cpp, line 231]
Event: 16.194 Thread 0x0000028aeb612800 Exception <a 'sun/nio/fs/WindowsException'{0x000000008958f988}> (0x000000008958f988) thrown at [./src/hotspot/share/prims/jni.cpp, line 615]
Event: 16.195 Thread 0x0000028aeb612800 Exception <a 'sun/nio/fs/WindowsException'{0x000000008958ff80}> (0x000000008958ff80) thrown at [./src/hotspot/share/prims/jni.cpp, line 615]
Event: 16.365 Thread 0x0000028aeb612800 Exception <a 'java/lang/NullPointerException'{0x0000000088c35a60}> (0x0000000088c35a60) thrown at [./src/hotspot/share/interpreter/linkResolver.cpp, line 1440]
Event: 16.704 Thread 0x0000028aeb612800 Exception <a 'java/lang/NoSuchMethodError'{0x0000000087ee6688}: 'int java.lang.invoke.DirectMethodHandle$Holder.invokeStatic(java.lang.Object, java.lang.Object, int, java.lang.Object)'> (0x0000000087ee6688) thrown at [./src/hotspot/share/interpreter/linkResolver.cpp, line 773]
Event: 16.705 Thread 0x0000028aeb612800 Exception <a 'java/lang/NoSuchMethodError'{0x0000000087eed458}: 'java.lang.Object java.lang.invoke.Invokers$Holder.linkToTargetMethod(java.lang.Object, int, java.lang.Object)'> (0x0000000087eed458) thrown at [./src/hotspot/share/interpreter/linkResolver.cpp, line 773]
Event: 16.790 Thread 0x0000028aeb612800 Exception <a 'sun/nio/fs/WindowsException'{0x0000000087c18e08}> (0x0000000087c18e08) thrown at [./src/hotspot/share/prims/jni.cpp, line 615]
Event: 16.790 Thread 0x0000028aeb612800 Exception <a 'sun/nio/fs/WindowsException'{0x0000000087c19f18}> (0x0000000087c19f18) thrown at [./src/hotspot/share/prims/jni.cpp, line 615]
Event: 16.790 Thread 0x0000028aeb612800 Exception <a 'sun/nio/fs/WindowsException'{0x0000000087c1b060}> (0x0000000087c1b060) thrown at [./src/hotspot/share/prims/jni.cpp, line 615]
Event: 16.790 Thread 0x0000028aeb612800 Exception <a 'sun/nio/fs/WindowsException'{0x0000000087c1c1a8}> (0x0000000087c1c1a8) thrown at [./src/hotspot/share/prims/jni.cpp, line 615]

Events (20 events):
Event: 17.336 loading class org/gradle/internal/reflect/validation/PropertyProblemBuilder
Event: 17.336 loading class org/gradle/internal/reflect/validation/PropertyProblemBuilder done
Event: 17.336 loading class org/gradle/api/internal/tasks/properties/DefaultTypeMetadataStore
Event: 17.336 loading class org/gradle/api/internal/tasks/properties/DefaultTypeMetadataStore done
Event: 17.336 loading class org/gradle/api/Action
Event: 17.336 loading class org/gradle/api/Action done
Event: 17.336 loading class org/gradle/internal/reflect/validation/TypeValidationContext
Event: 17.336 loading class org/gradle/internal/reflect/validation/TypeValidationContext done
Event: 17.336 loading class org/gradle/api/Action
Event: 17.336 loading class org/gradle/api/Action done
Event: 17.338 loading class com/android/build/api/variant/FilterConfiguration$FilterType
Event: 17.338 loading class com/android/build/api/variant/FilterConfiguration$FilterType done
Event: 17.338 loading class com/android/build/api/variant/impl/VariantOutputImpl$SerializedForm
Event: 17.338 loading class com/android/build/api/variant/impl/VariantOutputImpl$SerializedForm done
Event: 17.370 loading class com/android/build/gradle/internal/AndroidJarInput$sdkLoader$1
Event: 17.370 loading class com/android/build/gradle/internal/AndroidJarInput$sdkLoader$1 done
Event: 17.370 loading class com/android/build/gradle/internal/AndroidJarInput$getAndroidJar$1
Event: 17.370 loading class com/android/build/gradle/internal/AndroidJarInput$getAndroidJar$1 done
Event: 17.371 loading class com/android/manifmerger/MergingReport
Event: 17.371 loading class com/android/manifmerger/MergingReport done


Dynamic libraries:
0x00007ff644b30000 - 0x00007ff644b3a000 	C:\Program Files\Android\Android Studio\jre\bin\java.exe
0x00007ffae2310000 - 0x00007ffae2505000 	C:\WINDOWS\SYSTEM32\ntdll.dll
0x00007ffae19e0000 - 0x00007ffae1a9e000 	C:\WINDOWS\System32\KERNEL32.DLL
0x00007ffadfcb0000 - 0x00007ffadff78000 	C:\WINDOWS\System32\KERNELBASE.dll
0x00007ffadfbb0000 - 0x00007ffadfcb0000 	C:\WINDOWS\System32\ucrtbase.dll
0x00007ffabbfb0000 - 0x00007ffabbfc9000 	C:\Program Files\Android\Android Studio\jre\bin\jli.dll
0x00007ffae05a0000 - 0x00007ffae0741000 	C:\WINDOWS\System32\USER32.dll
0x00007ffadfb80000 - 0x00007ffadfba2000 	C:\WINDOWS\System32\win32u.dll
0x00007ffad3440000 - 0x00007ffad36da000 	C:\WINDOWS\WinSxS\amd64_microsoft.windows.common-controls_6595b64144ccf1df_6.0.19041.1110_none_60b5254171f9507e\COMCTL32.dll
0x00007ffabbf90000 - 0x00007ffabbfa7000 	C:\Program Files\Android\Android Studio\jre\bin\VCRUNTIME140.dll
0x00007ffae2120000 - 0x00007ffae214b000 	C:\WINDOWS\System32\GDI32.dll
0x00007ffae0750000 - 0x00007ffae07ee000 	C:\WINDOWS\System32\msvcrt.dll
0x00007ffae00a0000 - 0x00007ffae01ad000 	C:\WINDOWS\System32\gdi32full.dll
0x00007ffadff80000 - 0x00007ffae001d000 	C:\WINDOWS\System32\msvcp_win.dll
0x00007ffae0350000 - 0x00007ffae0380000 	C:\WINDOWS\System32\IMM32.DLL
0x00007ffaa64e0000 - 0x00007ffaa657d000 	C:\Program Files\Android\Android Studio\jre\bin\msvcp140.dll
0x00007ffa60410000 - 0x00007ffa60edf000 	C:\Program Files\Android\Android Studio\jre\bin\server\jvm.dll
0x00007ffae2220000 - 0x00007ffae22cc000 	C:\WINDOWS\System32\ADVAPI32.dll
0x00007ffae0420000 - 0x00007ffae04bb000 	C:\WINDOWS\System32\sechost.dll
0x00007ffae0860000 - 0x00007ffae098a000 	C:\WINDOWS\System32\RPCRT4.dll
0x00007ffae0380000 - 0x00007ffae0388000 	C:\WINDOWS\System32\PSAPI.DLL
0x00007ffadba70000 - 0x00007ffadba7a000 	C:\WINDOWS\SYSTEM32\VERSION.dll
0x00007ffad32b0000 - 0x00007ffad32d7000 	C:\WINDOWS\SYSTEM32\WINMM.dll
0x00007ffabbfe0000 - 0x00007ffabbfe9000 	C:\WINDOWS\SYSTEM32\WSOCK32.dll
0x00007ffae07f0000 - 0x00007ffae085b000 	C:\WINDOWS\System32\ws2_32.DLL
0x00007ffade2f0000 - 0x00007ffade302000 	C:\WINDOWS\SYSTEM32\kernel.appcore.dll
0x00007ffabbf70000 - 0x00007ffabbf81000 	C:\Program Files\Android\Android Studio\jre\bin\verify.dll
0x00007ffaddfb0000 - 0x00007ffade194000 	C:\WINDOWS\SYSTEM32\DBGHELP.DLL
0x00007ffaca920000 - 0x00007ffaca94c000 	C:\WINDOWS\SYSTEM32\dbgcore.DLL
0x00007ffae02c0000 - 0x00007ffae0342000 	C:\WINDOWS\System32\bcryptPrimitives.dll
0x00007ffab4e50000 - 0x00007ffab4e79000 	C:\Program Files\Android\Android Studio\jre\bin\java.dll
0x00007ffabbfd0000 - 0x00007ffabbfdb000 	C:\Program Files\Android\Android Studio\jre\bin\jimage.dll
0x00007ffabbf50000 - 0x00007ffabbf68000 	C:\Program Files\Android\Android Studio\jre\bin\zip.dll
0x00007ffae0990000 - 0x00007ffae10d4000 	C:\WINDOWS\System32\SHELL32.dll
0x00007ffadd740000 - 0x00007ffadded4000 	C:\WINDOWS\SYSTEM32\windows.storage.dll
0x00007ffae1140000 - 0x00007ffae1495000 	C:\WINDOWS\System32\combase.dll
0x00007ffadf3a0000 - 0x00007ffadf3ce000 	C:\WINDOWS\SYSTEM32\Wldp.dll
0x00007ffae04c0000 - 0x00007ffae056d000 	C:\WINDOWS\System32\SHCORE.dll
0x00007ffae1b80000 - 0x00007ffae1bd5000 	C:\WINDOWS\System32\shlwapi.dll
0x00007ffadf960000 - 0x00007ffadf97f000 	C:\WINDOWS\SYSTEM32\profapi.dll
0x00007ffab3440000 - 0x00007ffab345a000 	C:\Program Files\Android\Android Studio\jre\bin\net.dll
0x00007ffad7620000 - 0x00007ffad772c000 	C:\WINDOWS\SYSTEM32\WINHTTP.dll
0x00007ffadf100000 - 0x00007ffadf16a000 	C:\WINDOWS\system32\mswsock.dll
0x00007ffab3420000 - 0x00007ffab3434000 	C:\Program Files\Android\Android Studio\jre\bin\nio.dll
0x00007ffad70c0000 - 0x00007ffad70e7000 	C:\Users\NHAT_HOANG\.gradle\native\8bec1ad78214c89d9ad589b4d07fe93259594b29d510b10fafb7a158f7737e5d\windows-amd64\native-platform.dll
0x00007ffaa77e0000 - 0x00007ffaa791d000 	C:\Users\NHAT_HOANG\.gradle\native\53dbd7edfb1c66fb8903c78663c9afc45aea4f116125fa6feffd364cf09443e8\windows-amd64\native-platform-file-events.dll
0x00007ffababb0000 - 0x00007ffababba000 	C:\Program Files\Android\Android Studio\jre\bin\management.dll
0x00007ffaba410000 - 0x00007ffaba41c000 	C:\Program Files\Android\Android Studio\jre\bin\management_ext.dll
0x00007ffadf300000 - 0x00007ffadf318000 	C:\WINDOWS\SYSTEM32\CRYPTSP.dll
0x00007ffadea80000 - 0x00007ffadeab4000 	C:\WINDOWS\system32\rsaenh.dll
0x00007ffae0070000 - 0x00007ffae0097000 	C:\WINDOWS\System32\bcrypt.dll
0x00007ffadf920000 - 0x00007ffadf94e000 	C:\WINDOWS\SYSTEM32\USERENV.dll
0x00007ffadf2f0000 - 0x00007ffadf2fc000 	C:\WINDOWS\SYSTEM32\CRYPTBASE.dll
0x00007ffadedf0000 - 0x00007ffadee2b000 	C:\WINDOWS\SYSTEM32\IPHLPAPI.DLL
0x00007ffae2110000 - 0x00007ffae2118000 	C:\WINDOWS\System32\NSI.dll
0x00007ffad83a0000 - 0x00007ffad83b7000 	C:\WINDOWS\SYSTEM32\dhcpcsvc6.DLL
0x00007ffad8ab0000 - 0x00007ffad8acd000 	C:\WINDOWS\SYSTEM32\dhcpcsvc.DLL
0x00007ffadee30000 - 0x00007ffadeefb000 	C:\WINDOWS\SYSTEM32\DNSAPI.dll

dbghelp: loaded successfully - version: 4.0.5 - missing functions: none
symbol engine: initialized successfully - sym options: 0x614 - pdb path: .;C:\Program Files\Android\Android Studio\jre\bin;C:\WINDOWS\SYSTEM32;C:\WINDOWS\WinSxS\amd64_microsoft.windows.common-controls_6595b64144ccf1df_6.0.19041.1110_none_60b5254171f9507e;C:\Program Files\Android\Android Studio\jre\bin\server;C:\Users\NHAT_HOANG\.gradle\native\8bec1ad78214c89d9ad589b4d07fe93259594b29d510b10fafb7a158f7737e5d\windows-amd64;C:\Users\NHAT_HOANG\.gradle\native\53dbd7edfb1c66fb8903c78663c9afc45aea4f116125fa6feffd364cf09443e8\windows-amd64

VM Arguments:
jvm_args: --add-opens=java.base/java.util=ALL-UNNAMED --add-opens=java.base/java.lang=ALL-UNNAMED --add-opens=java.base/java.lang.invoke=ALL-UNNAMED --add-opens=java.base/java.util=ALL-UNNAMED --add-opens=java.prefs/java.util.prefs=ALL-UNNAMED --add-opens=java.prefs/java.util.prefs=ALL-UNNAMED --add-opens=java.base/java.nio.charset=ALL-UNNAMED --add-opens=java.base/java.net=ALL-UNNAMED --add-opens=java.base/java.util.concurrent.atomic=ALL-UNNAMED -Xmx2048m -Dfile.encoding=UTF-8 -Duser.country=US -Duser.language=en -Duser.variant 
java_command: org.gradle.launcher.daemon.bootstrap.GradleDaemon 7.0.2
java_class_path (initial): C:\Users\NHAT_HOANG\.gradle\wrapper\dists\gradle-7.0.2-bin\857tjihv64xamwrf0h14cai3r\gradle-7.0.2\lib\gradle-launcher-7.0.2.jar
Launcher Type: SUN_STANDARD

[Global flags]
     intx CICompilerCount                          = 4                                         {product} {ergonomic}
     uint ConcGCThreads                            = 2                                         {product} {ergonomic}
     uint G1ConcRefinementThreads                  = 8                                         {product} {ergonomic}
   size_t G1HeapRegionSize                         = 1048576                                   {product} {ergonomic}
    uintx GCDrainStackTargetSize                   = 64                                        {product} {ergonomic}
   size_t InitialHeapSize                          = 132120576                                 {product} {ergonomic}
   size_t MarkStackSize                            = 4194304                                   {product} {ergonomic}
   size_t MaxHeapSize                              = 2147483648                                {product} {command line}
   size_t MaxNewSize                               = 1287651328                                {product} {ergonomic}
   size_t MinHeapDeltaBytes                        = 1048576                                   {product} {ergonomic}
    uintx NonNMethodCodeHeapSize                   = 5836300                                {pd product} {ergonomic}
    uintx NonProfiledCodeHeapSize                  = 122910970                              {pd product} {ergonomic}
    uintx ProfiledCodeHeapSize                     = 122910970                              {pd product} {ergonomic}
    uintx ReservedCodeCacheSize                    = 251658240                              {pd product} {ergonomic}
     bool SegmentedCodeCache                       = true                                      {product} {ergonomic}
     bool UseCompressedClassPointers               = true                                 {lp64_product} {ergonomic}
     bool UseCompressedOops                        = true                                 {lp64_product} {ergonomic}
     bool UseG1GC                                  = true                                      {product} {ergonomic}
     bool UseLargePagesIndividualAllocation        = false                                  {pd product} {ergonomic}

Logging:
Log output configuration:
 #0: stdout all=warning uptime,level,tags
 #1: stderr all=off uptime,level,tags

Environment Variables:
JAVA_HOME=C:\Program Files\Zulu\zulu-11
PATH=C:\Program Files\Zulu\zulu-11\bin\;C:\WINDOWS\system32;C:\WINDOWS;C:\WINDOWS\System32\Wbem;C:\WINDOWS\System32\WindowsPowerShell\v1.0\;C:\WINDOWS\System32\OpenSSH\;C:\Program Files\PuTTY\;C:\PROGRA~2\PICC;F:\Polyspace\R2021a\runtime\win64;F:\Polyspace\R2021a\bin;F:\Polyspace\R2021a\polyspace\bin;C:\Program Files\Git\cmd;C:\scr\flutter\bin;F:\LA\PHAN MEM\DA2_ANDROID\flutter_windows_2.5.3-stable;C:\Users\NHAT_HOANG\AppData\Local\Android\Sdk\platforms;C:\Users\NHAT_HOANG\AppData\Local\Android\Sdk\platform-tools;C:\Users\NHAT_HOANG\AppData\Local\Microsoft\WindowsApps;C:\Program Files\JetBrains\PyCharm Community Edition 2020.3.5\bin;;C:\Users\NHAT_HOANG\AppData\Local\Programs\Microsoft VS Code\bin;C:\Users\NHAT_HOANG\AppData\Local\GitHubDesktop\bin
USERNAME=NHAT_HOANG
OS=Windows_NT
PROCESSOR_IDENTIFIER=Intel64 Family 6 Model 142 Stepping 10, GenuineIntel



---------------  S Y S T E M  ---------------

OS: Windows 10 , 64 bit Build 19041 (10.0.19041.1348)
OS uptime: 0 days 4:27 hours

CPU:total 8 (initial active 8) (4 cores per cpu, 2 threads per core) family 6 model 142 stepping 10 microcode 0xb4, cmov, cx8, fxsr, mmx, sse, sse2, sse3, ssse3, sse4.1, sse4.2, popcnt, avx, avx2, aes, clmul, erms, 3dnowpref, lzcnt, ht, tsc, tscinvbit, bmi1, bmi2, adx, fma

Memory: 4k page, system-wide physical 8057M (626M free)
TotalPageFile size 12153M (AvailPageFile size 4M)
current process WorkingSet (physical memory assigned to process): 385M, peak: 387M
current process commit charge ("private bytes"): 423M, peak: 426M

vm_info: OpenJDK 64-Bit Server VM (11.0.10+0-b96-7249189) for windows-amd64 JRE (11.0.10+0-b96-7249189), built on Mar 31 2021 21:44:00 by "builder" with MS VC++ 14.0 (VS2015)

END.
