#
# There is insufficient memory for the Java Runtime Environment to continue.
# Native memory allocation (mmap) failed to map 32505856 bytes for Failed to commit area from 0x0000000089800000 to 0x000000008b700000 of length 32505856.
# Possible reasons:
#   The system is out of physical RAM or swap space
#   The process is running with CompressedOops enabled, and the Java Heap may be blocking the growth of the native heap
# Possible solutions:
#   Reduce memory load on the system
#   Increase physical memory or swap space
#   Check if swap backing store is full
#   Decrease Java heap size (-Xmx/-Xms)
#   Decrease number of Java threads
#   Decrease Java thread stack sizes (-Xss)
#   Set larger code cache with -XX:ReservedCodeCacheSize=
#   JVM is running with Unscaled Compressed Oops mode in which the Java heap is
#     placed in the first 4GB address space. The Java Heap base address is the
#     maximum limit for the native heap growth. Please use -XX:HeapBaseMinAddress
#     to set the Java Heap base and to place the Java Heap above 4GB virtual address.
# This output file may be truncated or incomplete.
#
#  Out of Memory Error (./src/hotspot/os/windows/os_windows.cpp:3301), pid=10528, tid=7444
#
# JRE version: OpenJDK Runtime Environment (11.0.10) (build 11.0.10+0-b96-7249189)
# Java VM: OpenJDK 64-Bit Server VM (11.0.10+0-b96-7249189, mixed mode, tiered, compressed oops, g1 gc, windows-amd64)
# No core dump will be written. Minidumps are not enabled by default on client versions of Windows
#

---------------  S U M M A R Y ------------

Command Line: --add-opens=java.base/java.util=ALL-UNNAMED --add-opens=java.base/java.lang=ALL-UNNAMED --add-opens=java.base/java.lang.invoke=ALL-UNNAMED --add-opens=java.base/java.util=ALL-UNNAMED --add-opens=java.prefs/java.util.prefs=ALL-UNNAMED --add-opens=java.prefs/java.util.prefs=ALL-UNNAMED --add-opens=java.base/java.nio.charset=ALL-UNNAMED --add-opens=java.base/java.net=ALL-UNNAMED --add-opens=java.base/java.util.concurrent.atomic=ALL-UNNAMED -Xmx2048m -Dfile.encoding=UTF-8 -Duser.country=US -Duser.language=en -Duser.variant org.gradle.launcher.daemon.bootstrap.GradleDaemon 7.0.2

Host: Intel(R) Core(TM) i5-8250U CPU @ 1.60GHz, 8 cores, 7G,  Windows 10 , 64 bit Build 19041 (10.0.19041.1348)
Time: Mon Dec 27 23:01:49 2021 SE Asia Standard Time elapsed time: 15.111929 seconds (0d 0h 0m 15s)

---------------  T H R E A D  ---------------

Current thread (0x00000179b008b800):  VMThread "VM Thread" [stack: 0x0000002d9d300000,0x0000002d9d400000] [id=7444]

Stack: [0x0000002d9d300000,0x0000002d9d400000]
[error occurred during error reporting (printing stack bounds), id 0xc0000005, EXCEPTION_ACCESS_VIOLATION (0xc0000005) at pc=0x0000017998f50f2d]

Native frames: (J=compiled Java code, j=interpreted, Vv=VM code, C=native code)
V  [jvm.dll+0x5ecfaa]
V  [jvm.dll+0x722bd5]
V  [jvm.dll+0x72412d]
V  [jvm.dll+0x724745]
V  [jvm.dll+0x7246fb]
V  [jvm.dll+0x5ec348]
V  [jvm.dll+0x5ecad8]
C  [ntdll.dll+0xa20cf]
C  [ntdll.dll+0x51454]
C  [ntdll.dll+0xa0bfe]
C  0x0000017998f50f2d

VM_Operation (0x0000002d9e7f9aa0): G1CollectForAllocation, mode: safepoint, requested by thread 0x00000179b2bc0800


---------------  P R O C E S S  ---------------

Threads class SMR info:
_java_thread_list=0x00000179b66cf420, length=52, elements={
0x0000017993c7d000, 0x00000179b008f800, 0x00000179b009a800, 0x00000179b00ab000,
0x00000179b00ac000, 0x00000179b00ad800, 0x00000179b00ae800, 0x00000179b00bb800,
0x00000179b00c2800, 0x00000179b0b6b800, 0x00000179b2bc5800, 0x00000179b1d94800,
0x00000179b20d1800, 0x00000179b0c53800, 0x00000179b11b5000, 0x00000179b3e7c800,
0x00000179b2bc0800, 0x00000179b2e22000, 0x00000179b305d000, 0x00000179b2ac2800,
0x00000179b2ac0000, 0x00000179b2ac3000, 0x00000179b2ac5800, 0x00000179b2c79000,
0x00000179b2ac1800, 0x00000179b2ac6800, 0x00000179b2ac4000, 0x00000179b2ac1000,
0x00000179b2ac5000, 0x00000179b45c3000, 0x00000179b45c3800, 0x00000179b45c2000,
0x00000179b45be000, 0x00000179b45c4800, 0x00000179b45ca000, 0x00000179b45c5800,
0x00000179b45cc000, 0x00000179b45cc800, 0x00000179b45c7000, 0x00000179b45c7800,
0x00000179b45c9800, 0x00000179b369d800, 0x00000179b369e800, 0x00000179b369c000,
0x00000179b369f000, 0x00000179b369d000, 0x00000179b36a0000, 0x00000179b36a1000,
0x00000179b369b000, 0x00000179b36a3800, 0x00000179b36a6800, 0x00000179b7f00000
}

Java Threads: ( => current thread )
  0x0000017993c7d000 JavaThread "main" [_thread_blocked, id=14160, stack(0x0000002d9cd00000,0x0000002d9ce00000)]
  0x00000179b008f800 JavaThread "Reference Handler" daemon [_thread_blocked, id=10136, stack(0x0000002d9d400000,0x0000002d9d500000)]
  0x00000179b009a800 JavaThread "Finalizer" daemon [_thread_blocked, id=6048, stack(0x0000002d9d500000,0x0000002d9d600000)]
  0x00000179b00ab000 JavaThread "Signal Dispatcher" daemon [_thread_blocked, id=8124, stack(0x0000002d9d600000,0x0000002d9d700000)]
  0x00000179b00ac000 JavaThread "Attach Listener" daemon [_thread_blocked, id=6436, stack(0x0000002d9d700000,0x0000002d9d800000)]
  0x00000179b00ad800 JavaThread "Service Thread" daemon [_thread_blocked, id=11952, stack(0x0000002d9d800000,0x0000002d9d900000)]
  0x00000179b00ae800 JavaThread "C2 CompilerThread0" daemon [_thread_blocked, id=13096, stack(0x0000002d9d900000,0x0000002d9da00000)]
  0x00000179b00bb800 JavaThread "C1 CompilerThread0" daemon [_thread_blocked, id=9728, stack(0x0000002d9da00000,0x0000002d9db00000)]
  0x00000179b00c2800 JavaThread "Sweeper thread" daemon [_thread_blocked, id=6028, stack(0x0000002d9db00000,0x0000002d9dc00000)]
  0x00000179b0b6b800 JavaThread "Common-Cleaner" daemon [_thread_blocked, id=1760, stack(0x0000002d9dc00000,0x0000002d9dd00000)]
  0x00000179b2bc5800 JavaThread "Daemon health stats" [_thread_blocked, id=3640, stack(0x0000002d9e200000,0x0000002d9e300000)]
  0x00000179b1d94800 JavaThread "Incoming local TCP Connector on port 53569" [_thread_in_native, id=4596, stack(0x0000002d9de00000,0x0000002d9df00000)]
  0x00000179b20d1800 JavaThread "Daemon periodic checks" [_thread_blocked, id=6368, stack(0x0000002d9df00000,0x0000002d9e000000)]
  0x00000179b0c53800 JavaThread "Daemon" [_thread_blocked, id=7852, stack(0x0000002d9e300000,0x0000002d9e400000)]
  0x00000179b11b5000 JavaThread "Handler for socket connection from /127.0.0.1:53569 to /127.0.0.1:53570" [_thread_in_native, id=8972, stack(0x0000002d9e400000,0x0000002d9e500000)]
  0x00000179b3e7c800 JavaThread "Cancel handler" [_thread_blocked, id=7860, stack(0x0000002d9e600000,0x0000002d9e700000)]
  0x00000179b2bc0800 JavaThread "Daemon worker" [_thread_blocked, id=1652, stack(0x0000002d9e700000,0x0000002d9e800000)]
  0x00000179b2e22000 JavaThread "Asynchronous log dispatcher for DefaultDaemonConnection: socket connection from /127.0.0.1:53569 to /127.0.0.1:53570" [_thread_blocked, id=2684, stack(0x0000002d9e800000,0x0000002d9e900000)]
  0x00000179b305d000 JavaThread "Stdin handler" [_thread_blocked, id=544, stack(0x0000002d9e900000,0x0000002d9ea00000)]
  0x00000179b2ac2800 JavaThread "Daemon client event forwarder" [_thread_blocked, id=10020, stack(0x0000002d9ea00000,0x0000002d9eb00000)]
  0x00000179b2ac0000 JavaThread "Cache worker for file hash cache (C:\Users\NHAT_HOANG\.gradle\caches\7.0.2\fileHashes)" [_thread_blocked, id=8948, stack(0x0000002d9e500000,0x0000002d9e600000)]
  0x00000179b2ac3000 JavaThread "File lock request listener" [_thread_in_native, id=13400, stack(0x0000002d9f000000,0x0000002d9f100000)]
  0x00000179b2ac5800 JavaThread "Cache worker for journal cache (C:\Users\NHAT_HOANG\.gradle\caches\journal-1)" [_thread_blocked, id=4332, stack(0x0000002d9f200000,0x0000002d9f300000)]
  0x00000179b2c79000 JavaThread "C2 CompilerThread1" daemon [_thread_blocked, id=6768, stack(0x0000002d9f300000,0x0000002d9f400000)]
  0x00000179b2ac1800 JavaThread "Cache worker for file hash cache (G:\Lan Anh\DO AN 2\SMARTHOME\.gradle\7.0.2\fileHashes)" [_thread_blocked, id=13148, stack(0x0000002d9f400000,0x0000002d9f500000)]
  0x00000179b2ac6800 JavaThread "File watcher server" daemon [_thread_in_native, id=13928, stack(0x0000002d9f500000,0x0000002d9f600000)]
  0x00000179b2ac4000 JavaThread "File watcher consumer" daemon [_thread_blocked, id=2588, stack(0x0000002d9f600000,0x0000002d9f700000)]
  0x00000179b2ac1000 JavaThread "Cache worker for checksums cache (G:\Lan Anh\DO AN 2\SMARTHOME\.gradle\checksums)" [_thread_blocked, id=10888, stack(0x0000002d9f700000,0x0000002d9f800000)]
  0x00000179b2ac5000 JavaThread "Cache worker for cache directory md-supplier (C:\Users\NHAT_HOANG\.gradle\caches\7.0.2\md-supplier)" [_thread_blocked, id=8556, stack(0x0000002d9f800000,0x0000002d9f900000)]
  0x00000179b45c3000 JavaThread "Cache worker for cache directory md-rule (C:\Users\NHAT_HOANG\.gradle\caches\7.0.2\md-rule)" [_thread_blocked, id=13724, stack(0x0000002d9f900000,0x0000002d9fa00000)]
  0x00000179b45c3800 JavaThread "Cache worker for execution history cache (C:\Users\NHAT_HOANG\.gradle\caches\7.0.2\executionHistory)" [_thread_blocked, id=14312, stack(0x0000002d9fa00000,0x0000002d9fb00000)]
  0x00000179b45c2000 JavaThread "jar transforms" [_thread_blocked, id=12096, stack(0x0000002d9fc00000,0x0000002d9fd00000)]
  0x00000179b45be000 JavaThread "jar transforms Thread 2" [_thread_blocked, id=4584, stack(0x0000002d9fd00000,0x0000002d9fe00000)]
  0x00000179b45c4800 JavaThread "Cache worker for file content cache (C:\Users\NHAT_HOANG\.gradle\caches\7.0.2\fileContent)" [_thread_blocked, id=5116, stack(0x0000002d9fe00000,0x0000002d9ff00000)]
  0x00000179b45ca000 JavaThread "Cache worker for dependencies-accessors (G:\Lan Anh\DO AN 2\SMARTHOME\.gradle\7.0.2\dependencies-accessors)" [_thread_blocked, id=3824, stack(0x0000002d9ff00000,0x0000002da0000000)]
  0x00000179b45c5800 JavaThread "jar transforms Thread 3" [_thread_blocked, id=9388, stack(0x0000002da0000000,0x0000002da0100000)]
  0x00000179b45cc000 JavaThread "Cache worker for Build Output Cleanup Cache (G:\Lan Anh\DO AN 2\SMARTHOME\.gradle\buildOutputCleanup)" [_thread_blocked, id=3876, stack(0x0000002da0100000,0x0000002da0200000)]
  0x00000179b45cc800 JavaThread "Build operations" [_thread_blocked, id=10632, stack(0x0000002da0200000,0x0000002da0300000)]
  0x00000179b45c7000 JavaThread "Build operations Thread 2" [_thread_blocked, id=6256, stack(0x0000002da0300000,0x0000002da0400000)]
  0x00000179b45c7800 JavaThread "Build operations Thread 3" [_thread_blocked, id=14008, stack(0x0000002da0400000,0x0000002da0500000)]
  0x00000179b45c9800 JavaThread "Build operations Thread 4" [_thread_blocked, id=7908, stack(0x0000002da0500000,0x0000002da0600000)]
  0x00000179b369d800 JavaThread "Build operations Thread 5" [_thread_blocked, id=4896, stack(0x0000002da0600000,0x0000002da0700000)]
  0x00000179b369e800 JavaThread "Build operations Thread 6" [_thread_blocked, id=7868, stack(0x0000002da0700000,0x0000002da0800000)]
  0x00000179b369c000 JavaThread "Build operations Thread 7" [_thread_blocked, id=10880, stack(0x0000002da0800000,0x0000002da0900000)]
  0x00000179b369f000 JavaThread "Build operations Thread 8" [_thread_blocked, id=13876, stack(0x0000002da0900000,0x0000002da0a00000)]
  0x00000179b369d000 JavaThread "jar transforms Thread 4" [_thread_blocked, id=13844, stack(0x0000002da0a00000,0x0000002da0b00000)]
  0x00000179b36a0000 JavaThread "jar transforms Thread 5" [_thread_blocked, id=10152, stack(0x0000002da0b00000,0x0000002da0c00000)]
  0x00000179b36a1000 JavaThread "jar transforms Thread 6" [_thread_blocked, id=10228, stack(0x0000002da0c00000,0x0000002da0d00000)]
  0x00000179b369b000 JavaThread "jar transforms Thread 7" [_thread_blocked, id=1032, stack(0x0000002da0d00000,0x0000002da0e00000)]
  0x00000179b36a3800 JavaThread "jar transforms Thread 8" [_thread_blocked, id=6040, stack(0x0000002da0e00000,0x0000002da0f00000)]
  0x00000179b36a6800 JavaThread "Memory manager" [_thread_blocked, id=13804, stack(0x0000002da0f00000,0x0000002da1000000)]
  0x00000179b7f00000 JavaThread "C2 CompilerThread2" daemon [_thread_in_native, id=11624, stack(0x0000002d9fb00000,0x0000002d9fc00000)]

Other Threads:
=>0x00000179b008b800 VMThread "VM Thread" [stack: 0x0000002d9d300000,0x0000002d9d400000] [id=7444]
  0x00000179b0b94000 WatcherThread [stack: 0x0000002d9dd00000,0x0000002d9de00000] [id=7020]
  0x0000017993c96000 GCTaskThread "GC Thread#0" [stack: 0x0000002d9ce00000,0x0000002d9cf00000] [id=11528]
  0x00000179b17ae000 GCTaskThread "GC Thread#1" [stack: 0x0000002d9e000000,0x0000002d9e100000] [id=12068]
  0x00000179b165c800 GCTaskThread "GC Thread#2" [stack: 0x0000002d9e100000,0x0000002d9e200000] [id=14228]
  0x00000179b1dd4000 GCTaskThread "GC Thread#3" [stack: 0x0000002d9eb00000,0x0000002d9ec00000] [id=8908]
  0x00000179b2a76000 GCTaskThread "GC Thread#4" [stack: 0x0000002d9ec00000,0x0000002d9ed00000] [id=1488]
  0x00000179b2a76800 GCTaskThread "GC Thread#5" [stack: 0x0000002d9ed00000,0x0000002d9ee00000] [id=7888]
  0x00000179b2fe2000 GCTaskThread "GC Thread#6" [stack: 0x0000002d9ee00000,0x0000002d9ef00000] [id=13044]
  0x00000179b2fe2800 GCTaskThread "GC Thread#7" [stack: 0x0000002d9ef00000,0x0000002d9f000000] [id=5916]
  0x0000017993cc9800 ConcurrentGCThread "G1 Main Marker" [stack: 0x0000002d9cf00000,0x0000002d9d000000] [id=12664]
  0x0000017993cca800 ConcurrentGCThread "G1 Conc#0" [stack: 0x0000002d9d000000,0x0000002d9d100000] [id=2212]
  0x00000179b3a8d000 ConcurrentGCThread "G1 Conc#1" [stack: 0x0000002d9f100000,0x0000002d9f200000] [id=8736]
  0x00000179afee0800 ConcurrentGCThread "G1 Refine#0" [stack: 0x0000002d9d100000,0x0000002d9d200000] [id=5112]
  0x00000179afee1800 ConcurrentGCThread "G1 Young RemSet Sampling" [stack: 0x0000002d9d200000,0x0000002d9d300000] [id=12408]

Threads with active compile tasks:
C2 CompilerThread0  15150 7384       4       groovy.lang.MetaClassImpl::inheritInterfaceNewMetaMethods (195 bytes)
C1 CompilerThread0  15150 7432       3       org.gradle.internal.graph.CachingDirectedGraphWalker::doSearch (659 bytes)
C2 CompilerThread1  15150 7329   !   4       com.sun.beans.TypeResolver::resolve (261 bytes)
C2 CompilerThread2  15150 7184       4       org.gradle.internal.instantiation.generator.AbstractClassGenerator::inspectType (560 bytes)

VM state:at safepoint (normal execution)

VM Mutex/Monitor currently owned by a thread:  ([mutex/lock_event])
[0x0000017993c7a240] Threads_lock - owner thread: 0x00000179b008b800
[0x0000017993c7a480] Heap_lock - owner thread: 0x00000179b2bc0800

Heap address: 0x0000000080000000, size: 2048 MB, Compressed Oops mode: 32-bit
Narrow klass base: 0x0000000000000000, Narrow klass shift: 3
Compressed class space size: 1073741824 Address: 0x0000000100000000

Heap:
 garbage-first heap   total 187392K, used 63018K [0x0000000080000000, 0x0000000100000000)
  region size 1024K, 5 young (5120K), 5 survivors (5120K)
 Metaspace       used 76335K, capacity 78135K, committed 78284K, reserved 1116160K
  class space    used 9962K, capacity 10609K, committed 10700K, reserved 1048576K
Heap Regions: E=young(eden), S=young(survivor), O=old, HS=humongous(starts), HC=humongous(continues), CS=collection set, F=free, A=archive, TAMS=top-at-mark-start (previous, next)
|   0|0x0000000080000000, 0x0000000080100000, 0x0000000080100000|100%| O|  |TAMS 0x0000000080100000, 0x0000000080000000| Untracked 
|   1|0x0000000080100000, 0x0000000080200000, 0x0000000080200000|100%| O|  |TAMS 0x0000000080200000, 0x0000000080100000| Untracked 
|   2|0x0000000080200000, 0x0000000080300000, 0x0000000080300000|100%| O|  |TAMS 0x0000000080300000, 0x0000000080200000| Untracked 
|   3|0x0000000080300000, 0x0000000080400000, 0x0000000080400000|100%|HS|  |TAMS 0x0000000080400000, 0x0000000080300000| Complete 
|   4|0x0000000080400000, 0x0000000080500000, 0x0000000080500000|100%|HC|  |TAMS 0x0000000080500000, 0x0000000080400000| Complete 
|   5|0x0000000080500000, 0x0000000080600000, 0x0000000080600000|100%|HC|  |TAMS 0x0000000080600000, 0x0000000080500000| Complete 
|   6|0x0000000080600000, 0x0000000080700000, 0x0000000080700000|100%| O|  |TAMS 0x0000000080700000, 0x0000000080600000| Untracked 
|   7|0x0000000080700000, 0x0000000080800000, 0x0000000080800000|100%| O|  |TAMS 0x0000000080800000, 0x0000000080700000| Untracked 
|   8|0x0000000080800000, 0x0000000080900000, 0x0000000080900000|100%| O|  |TAMS 0x0000000080900000, 0x0000000080800000| Untracked 
|   9|0x0000000080900000, 0x0000000080a00000, 0x0000000080a00000|100%| O|  |TAMS 0x0000000080a00000, 0x0000000080900000| Untracked 
|  10|0x0000000080a00000, 0x0000000080b00000, 0x0000000080b00000|100%| O|  |TAMS 0x0000000080b00000, 0x0000000080a00000| Untracked 
|  11|0x0000000080b00000, 0x0000000080c00000, 0x0000000080c00000|100%| O|  |TAMS 0x0000000080c00000, 0x0000000080b00000| Untracked 
|  12|0x0000000080c00000, 0x0000000080d00000, 0x0000000080d00000|100%| O|  |TAMS 0x0000000080d00000, 0x0000000080c00000| Untracked 
|  13|0x0000000080d00000, 0x0000000080e00000, 0x0000000080e00000|100%| O|  |TAMS 0x0000000080e00000, 0x0000000080d00000| Untracked 
|  14|0x0000000080e00000, 0x0000000080f00000, 0x0000000080f00000|100%| O|  |TAMS 0x0000000080f00000, 0x0000000080e00000| Untracked 
|  15|0x0000000080f00000, 0x0000000080fffff8, 0x0000000081000000| 99%| O|  |TAMS 0x0000000080fffff8, 0x0000000080f00000| Untracked 
|  16|0x0000000081000000, 0x0000000081100000, 0x0000000081100000|100%| O|  |TAMS 0x0000000081100000, 0x0000000081000000| Untracked 
|  17|0x0000000081100000, 0x0000000081200000, 0x0000000081200000|100%| O|  |TAMS 0x0000000081200000, 0x0000000081100000| Untracked 
|  18|0x0000000081200000, 0x0000000081300000, 0x0000000081300000|100%|HS|  |TAMS 0x0000000081300000, 0x0000000081200000| Complete 
|  19|0x0000000081300000, 0x0000000081400000, 0x0000000081400000|100%| O|  |TAMS 0x0000000081400000, 0x0000000081300000| Untracked 
|  20|0x0000000081400000, 0x0000000081500000, 0x0000000081500000|100%| O|  |TAMS 0x0000000081500000, 0x0000000081400000| Untracked 
|  21|0x0000000081500000, 0x0000000081600000, 0x0000000081600000|100%| O|  |TAMS 0x0000000081600000, 0x0000000081500000| Untracked 
|  22|0x0000000081600000, 0x0000000081700000, 0x0000000081700000|100%| O|  |TAMS 0x0000000081700000, 0x0000000081600000| Untracked 
|  23|0x0000000081700000, 0x0000000081800000, 0x0000000081800000|100%|HS|  |TAMS 0x0000000081800000, 0x0000000081700000| Complete 
|  24|0x0000000081800000, 0x0000000081900000, 0x0000000081900000|100%| O|  |TAMS 0x0000000081900000, 0x0000000081800000| Untracked 
|  25|0x0000000081900000, 0x0000000081a00000, 0x0000000081a00000|100%| O|  |TAMS 0x0000000081a00000, 0x0000000081900000| Untracked 
|  26|0x0000000081a00000, 0x0000000081b00000, 0x0000000081b00000|100%| O|  |TAMS 0x0000000081b00000, 0x0000000081a00000| Untracked 
|  27|0x0000000081b00000, 0x0000000081c00000, 0x0000000081c00000|100%| O|  |TAMS 0x0000000081c00000, 0x0000000081b00000| Untracked 
|  28|0x0000000081c00000, 0x0000000081d00000, 0x0000000081d00000|100%|HS|  |TAMS 0x0000000081d00000, 0x0000000081c00000| Complete 
|  29|0x0000000081d00000, 0x0000000081e00000, 0x0000000081e00000|100%|HC|  |TAMS 0x0000000081e00000, 0x0000000081d00000| Complete 
|  30|0x0000000081e00000, 0x0000000081f00000, 0x0000000081f00000|100%| O|  |TAMS 0x0000000081f00000, 0x0000000081e00000| Untracked 
|  31|0x0000000081f00000, 0x0000000082000000, 0x0000000082000000|100%| O|  |TAMS 0x0000000082000000, 0x0000000081f00000| Untracked 
|  32|0x0000000082000000, 0x0000000082100000, 0x0000000082100000|100%| O|  |TAMS 0x0000000082100000, 0x0000000082000000| Untracked 
|  33|0x0000000082100000, 0x0000000082200000, 0x0000000082200000|100%| O|  |TAMS 0x0000000082200000, 0x0000000082100000| Untracked 
|  34|0x0000000082200000, 0x0000000082300000, 0x0000000082300000|100%| O|  |TAMS 0x0000000082300000, 0x0000000082200000| Untracked 
|  35|0x0000000082300000, 0x0000000082400000, 0x0000000082400000|100%| O|  |TAMS 0x0000000082400000, 0x0000000082300000| Untracked 
|  36|0x0000000082400000, 0x0000000082500000, 0x0000000082500000|100%| O|  |TAMS 0x0000000082500000, 0x0000000082400000| Untracked 
|  37|0x0000000082500000, 0x0000000082600000, 0x0000000082600000|100%| O|  |TAMS 0x0000000082600000, 0x0000000082500000| Untracked 
|  38|0x0000000082600000, 0x0000000082700000, 0x0000000082700000|100%| O|  |TAMS 0x0000000082600000, 0x0000000082600000| Untracked 
|  39|0x0000000082700000, 0x0000000082800000, 0x0000000082800000|100%| O|  |TAMS 0x0000000082800000, 0x0000000082700000| Untracked 
|  40|0x0000000082800000, 0x0000000082900000, 0x0000000082900000|100%| O|  |TAMS 0x0000000082900000, 0x0000000082800000| Untracked 
|  41|0x0000000082900000, 0x0000000082a00000, 0x0000000082a00000|100%| O|  |TAMS 0x0000000082a00000, 0x0000000082900000| Untracked 
|  42|0x0000000082a00000, 0x0000000082b00000, 0x0000000082b00000|100%| O|  |TAMS 0x0000000082ab2a00, 0x0000000082a00000| Untracked 
|  43|0x0000000082b00000, 0x0000000082c00000, 0x0000000082c00000|100%| O|  |TAMS 0x0000000082b00000, 0x0000000082b00000| Untracked 
|  44|0x0000000082c00000, 0x0000000082d00000, 0x0000000082d00000|100%| O|  |TAMS 0x0000000082c00000, 0x0000000082c00000| Untracked 
|  45|0x0000000082d00000, 0x0000000082e00000, 0x0000000082e00000|100%| O|  |TAMS 0x0000000082d00000, 0x0000000082d00000| Untracked 
|  46|0x0000000082e00000, 0x0000000082f00000, 0x0000000082f00000|100%| O|  |TAMS 0x0000000082e00000, 0x0000000082e00000| Untracked 
|  47|0x0000000082f00000, 0x0000000083000000, 0x0000000083000000|100%| O|  |TAMS 0x0000000082f00000, 0x0000000082f00000| Untracked 
|  48|0x0000000083000000, 0x0000000083100000, 0x0000000083100000|100%| O|  |TAMS 0x0000000083000000, 0x0000000083000000| Untracked 
|  49|0x0000000083100000, 0x0000000083200000, 0x0000000083200000|100%| O|  |TAMS 0x0000000083100000, 0x0000000083100000| Untracked 
|  50|0x0000000083200000, 0x0000000083300000, 0x0000000083300000|100%| O|  |TAMS 0x0000000083200000, 0x0000000083200000| Untracked 
|  51|0x0000000083300000, 0x0000000083400000, 0x0000000083400000|100%| O|  |TAMS 0x0000000083300000, 0x0000000083300000| Untracked 
|  52|0x0000000083400000, 0x0000000083500000, 0x0000000083500000|100%| O|  |TAMS 0x0000000083400000, 0x0000000083400000| Untracked 
|  53|0x0000000083500000, 0x0000000083600000, 0x0000000083600000|100%| O|  |TAMS 0x0000000083500000, 0x0000000083500000| Untracked 
|  54|0x0000000083600000, 0x0000000083700000, 0x0000000083700000|100%| O|  |TAMS 0x0000000083600000, 0x0000000083600000| Untracked 
|  55|0x0000000083700000, 0x0000000083800000, 0x0000000083800000|100%| O|  |TAMS 0x0000000083700000, 0x0000000083700000| Untracked 
|  56|0x0000000083800000, 0x0000000083900000, 0x0000000083900000|100%| O|  |TAMS 0x0000000083800000, 0x0000000083800000| Untracked 
|  57|0x0000000083900000, 0x000000008391da00, 0x0000000083a00000| 11%| O|  |TAMS 0x0000000083900000, 0x0000000083900000| Untracked 
|  58|0x0000000083a00000, 0x0000000083a00000, 0x0000000083b00000|  0%| F|  |TAMS 0x0000000083a00000, 0x0000000083a00000| Untracked 
|  59|0x0000000083b00000, 0x0000000083b00000, 0x0000000083c00000|  0%| F|  |TAMS 0x0000000083b00000, 0x0000000083b00000| Untracked 
|  60|0x0000000083c00000, 0x0000000083c00000, 0x0000000083d00000|  0%| F|  |TAMS 0x0000000083c00000, 0x0000000083c00000| Untracked 
|  61|0x0000000083d00000, 0x0000000083d00000, 0x0000000083e00000|  0%| F|  |TAMS 0x0000000083d00000, 0x0000000083d00000| Untracked 
|  62|0x0000000083e00000, 0x0000000083e00000, 0x0000000083f00000|  0%| F|  |TAMS 0x0000000083e00000, 0x0000000083e00000| Untracked 
|  63|0x0000000083f00000, 0x0000000083f00000, 0x0000000084000000|  0%| F|  |TAMS 0x0000000083f00000, 0x0000000083f00000| Untracked 
|  64|0x0000000084000000, 0x0000000084000000, 0x0000000084100000|  0%| F|  |TAMS 0x0000000084000000, 0x0000000084000000| Untracked 
|  65|0x0000000084100000, 0x0000000084100000, 0x0000000084200000|  0%| F|  |TAMS 0x0000000084100000, 0x0000000084100000| Untracked 
|  66|0x0000000084200000, 0x0000000084200000, 0x0000000084300000|  0%| F|  |TAMS 0x0000000084200000, 0x0000000084200000| Untracked 
|  67|0x0000000084300000, 0x0000000084300000, 0x0000000084400000|  0%| F|  |TAMS 0x0000000084300000, 0x0000000084300000| Untracked 
|  68|0x0000000084400000, 0x0000000084400000, 0x0000000084500000|  0%| F|  |TAMS 0x0000000084400000, 0x0000000084400000| Untracked 
|  69|0x0000000084500000, 0x0000000084500000, 0x0000000084600000|  0%| F|  |TAMS 0x0000000084500000, 0x0000000084500000| Untracked 
|  70|0x0000000084600000, 0x0000000084600000, 0x0000000084700000|  0%| F|  |TAMS 0x0000000084600000, 0x0000000084600000| Untracked 
|  71|0x0000000084700000, 0x0000000084700000, 0x0000000084800000|  0%| F|  |TAMS 0x0000000084700000, 0x0000000084700000| Untracked 
|  72|0x0000000084800000, 0x0000000084800000, 0x0000000084900000|  0%| F|  |TAMS 0x0000000084800000, 0x0000000084800000| Untracked 
|  73|0x0000000084900000, 0x0000000084900000, 0x0000000084a00000|  0%| F|  |TAMS 0x0000000084900000, 0x0000000084900000| Untracked 
|  74|0x0000000084a00000, 0x0000000084a00000, 0x0000000084b00000|  0%| F|  |TAMS 0x0000000084a00000, 0x0000000084a00000| Untracked 
|  75|0x0000000084b00000, 0x0000000084b00000, 0x0000000084c00000|  0%| F|  |TAMS 0x0000000084b00000, 0x0000000084b00000| Untracked 
|  76|0x0000000084c00000, 0x0000000084c00000, 0x0000000084d00000|  0%| F|  |TAMS 0x0000000084c00000, 0x0000000084c00000| Untracked 
|  77|0x0000000084d00000, 0x0000000084d00000, 0x0000000084e00000|  0%| F|  |TAMS 0x0000000084d00000, 0x0000000084d00000| Untracked 
|  78|0x0000000084e00000, 0x0000000084e00000, 0x0000000084f00000|  0%| F|  |TAMS 0x0000000084e00000, 0x0000000084e00000| Untracked 
|  79|0x0000000084f00000, 0x0000000084f00000, 0x0000000085000000|  0%| F|  |TAMS 0x0000000084f00000, 0x0000000084f00000| Untracked 
|  80|0x0000000085000000, 0x0000000085000000, 0x0000000085100000|  0%| F|  |TAMS 0x0000000085000000, 0x0000000085000000| Untracked 
|  81|0x0000000085100000, 0x0000000085100000, 0x0000000085200000|  0%| F|  |TAMS 0x0000000085100000, 0x0000000085100000| Untracked 
|  82|0x0000000085200000, 0x0000000085200000, 0x0000000085300000|  0%| F|  |TAMS 0x0000000085200000, 0x0000000085200000| Untracked 
|  83|0x0000000085300000, 0x0000000085300000, 0x0000000085400000|  0%| F|  |TAMS 0x0000000085300000, 0x0000000085300000| Untracked 
|  84|0x0000000085400000, 0x0000000085400000, 0x0000000085500000|  0%| F|  |TAMS 0x0000000085400000, 0x0000000085400000| Untracked 
|  85|0x0000000085500000, 0x0000000085500000, 0x0000000085600000|  0%| F|  |TAMS 0x0000000085500000, 0x0000000085500000| Untracked 
|  86|0x0000000085600000, 0x0000000085600000, 0x0000000085700000|  0%| F|  |TAMS 0x0000000085600000, 0x0000000085600000| Untracked 
|  87|0x0000000085700000, 0x0000000085700000, 0x0000000085800000|  0%| F|  |TAMS 0x0000000085700000, 0x0000000085700000| Untracked 
|  88|0x0000000085800000, 0x000000008586d040, 0x0000000085900000| 42%| S|CS|TAMS 0x0000000085800000, 0x0000000085800000| Complete 
|  89|0x0000000085900000, 0x0000000085a00000, 0x0000000085a00000|100%| S|CS|TAMS 0x0000000085900000, 0x0000000085900000| Complete 
|  90|0x0000000085a00000, 0x0000000085b00000, 0x0000000085b00000|100%| S|CS|TAMS 0x0000000085a00000, 0x0000000085a00000| Complete 
|  91|0x0000000085b00000, 0x0000000085c00000, 0x0000000085c00000|100%| S|CS|TAMS 0x0000000085b00000, 0x0000000085b00000| Complete 
|  92|0x0000000085c00000, 0x0000000085c00000, 0x0000000085d00000|  0%| F|  |TAMS 0x0000000085c00000, 0x0000000085c00000| Untracked 
|  93|0x0000000085d00000, 0x0000000085e00000, 0x0000000085e00000|100%| S|CS|TAMS 0x0000000085d00000, 0x0000000085d00000| Complete 
|  94|0x0000000085e00000, 0x0000000085e00000, 0x0000000085f00000|  0%| F|  |TAMS 0x0000000085e00000, 0x0000000085e00000| Untracked 
|  95|0x0000000085f00000, 0x0000000085f00000, 0x0000000086000000|  0%| F|  |TAMS 0x0000000085f00000, 0x0000000085f00000| Untracked 
|  96|0x0000000086000000, 0x0000000086000000, 0x0000000086100000|  0%| F|  |TAMS 0x0000000086000000, 0x0000000086000000| Untracked 
|  97|0x0000000086100000, 0x0000000086100000, 0x0000000086200000|  0%| F|  |TAMS 0x0000000086100000, 0x0000000086100000| Untracked 
|  98|0x0000000086200000, 0x0000000086200000, 0x0000000086300000|  0%| F|  |TAMS 0x0000000086200000, 0x0000000086200000| Untracked 
|  99|0x0000000086300000, 0x0000000086300000, 0x0000000086400000|  0%| F|  |TAMS 0x0000000086300000, 0x0000000086300000| Untracked 
| 100|0x0000000086400000, 0x0000000086400000, 0x0000000086500000|  0%| F|  |TAMS 0x0000000086400000, 0x0000000086400000| Untracked 
| 101|0x0000000086500000, 0x0000000086500000, 0x0000000086600000|  0%| F|  |TAMS 0x0000000086500000, 0x0000000086500000| Untracked 
| 102|0x0000000086600000, 0x0000000086600000, 0x0000000086700000|  0%| F|  |TAMS 0x0000000086600000, 0x0000000086600000| Untracked 
| 103|0x0000000086700000, 0x0000000086700000, 0x0000000086800000|  0%| F|  |TAMS 0x0000000086700000, 0x0000000086700000| Untracked 
| 104|0x0000000086800000, 0x0000000086800000, 0x0000000086900000|  0%| F|  |TAMS 0x0000000086800000, 0x0000000086800000| Untracked 
| 105|0x0000000086900000, 0x0000000086900000, 0x0000000086a00000|  0%| F|  |TAMS 0x0000000086900000, 0x0000000086900000| Untracked 
| 106|0x0000000086a00000, 0x0000000086a00000, 0x0000000086b00000|  0%| F|  |TAMS 0x0000000086a00000, 0x0000000086a00000| Untracked 
| 107|0x0000000086b00000, 0x0000000086b00000, 0x0000000086c00000|  0%| F|  |TAMS 0x0000000086b00000, 0x0000000086b00000| Untracked 
| 108|0x0000000086c00000, 0x0000000086c00000, 0x0000000086d00000|  0%| F|  |TAMS 0x0000000086c00000, 0x0000000086c00000| Untracked 
| 109|0x0000000086d00000, 0x0000000086d00000, 0x0000000086e00000|  0%| F|  |TAMS 0x0000000086d00000, 0x0000000086d00000| Untracked 
| 110|0x0000000086e00000, 0x0000000086e00000, 0x0000000086f00000|  0%| F|  |TAMS 0x0000000086e00000, 0x0000000086e00000| Untracked 
| 111|0x0000000086f00000, 0x0000000086f00000, 0x0000000087000000|  0%| F|  |TAMS 0x0000000086f00000, 0x0000000086f00000| Untracked 
| 112|0x0000000087000000, 0x0000000087000000, 0x0000000087100000|  0%| F|  |TAMS 0x0000000087000000, 0x0000000087000000| Untracked 
| 113|0x0000000087100000, 0x0000000087100000, 0x0000000087200000|  0%| F|  |TAMS 0x0000000087100000, 0x0000000087100000| Untracked 
| 114|0x0000000087200000, 0x0000000087200000, 0x0000000087300000|  0%| F|  |TAMS 0x0000000087200000, 0x0000000087200000| Untracked 
| 115|0x0000000087300000, 0x0000000087300000, 0x0000000087400000|  0%| F|  |TAMS 0x0000000087300000, 0x0000000087300000| Untracked 
| 116|0x0000000087400000, 0x0000000087400000, 0x0000000087500000|  0%| F|  |TAMS 0x0000000087400000, 0x0000000087400000| Untracked 
| 117|0x0000000087500000, 0x0000000087500000, 0x0000000087600000|  0%| F|  |TAMS 0x0000000087500000, 0x0000000087500000| Untracked 
| 118|0x0000000087600000, 0x0000000087600000, 0x0000000087700000|  0%| F|  |TAMS 0x0000000087600000, 0x0000000087600000| Untracked 
| 119|0x0000000087700000, 0x0000000087700000, 0x0000000087800000|  0%| F|  |TAMS 0x0000000087700000, 0x0000000087700000| Untracked 
| 120|0x0000000087800000, 0x0000000087800000, 0x0000000087900000|  0%| F|  |TAMS 0x0000000087800000, 0x0000000087800000| Untracked 
| 121|0x0000000087900000, 0x0000000087900000, 0x0000000087a00000|  0%| F|  |TAMS 0x0000000087900000, 0x0000000087900000| Untracked 
| 122|0x0000000087a00000, 0x0000000087a00000, 0x0000000087b00000|  0%| F|  |TAMS 0x0000000087a00000, 0x0000000087a00000| Untracked 
| 123|0x0000000087b00000, 0x0000000087b00000, 0x0000000087c00000|  0%| F|  |TAMS 0x0000000087b00000, 0x0000000087b00000| Untracked 
| 124|0x0000000087c00000, 0x0000000087c00000, 0x0000000087d00000|  0%| F|  |TAMS 0x0000000087c00000, 0x0000000087c00000| Untracked 
| 125|0x0000000087d00000, 0x0000000087d00000, 0x0000000087e00000|  0%| F|  |TAMS 0x0000000087d00000, 0x0000000087d00000| Untracked 
| 126|0x0000000087e00000, 0x0000000087e00000, 0x0000000087f00000|  0%| F|  |TAMS 0x0000000087e00000, 0x0000000087e00000| Untracked 
| 127|0x0000000087f00000, 0x0000000087f00000, 0x0000000088000000|  0%| F|  |TAMS 0x0000000087f00000, 0x0000000087f00000| Untracked 
| 128|0x0000000088000000, 0x0000000088000000, 0x0000000088100000|  0%| F|  |TAMS 0x0000000088000000, 0x0000000088000000| Untracked 
| 129|0x0000000088100000, 0x0000000088100000, 0x0000000088200000|  0%| F|  |TAMS 0x0000000088100000, 0x0000000088100000| Untracked 
| 130|0x0000000088200000, 0x0000000088200000, 0x0000000088300000|  0%| F|  |TAMS 0x0000000088200000, 0x0000000088200000| Untracked 
| 131|0x0000000088300000, 0x0000000088300000, 0x0000000088400000|  0%| F|  |TAMS 0x0000000088300000, 0x0000000088300000| Untracked 
| 132|0x0000000088400000, 0x0000000088400000, 0x0000000088500000|  0%| F|  |TAMS 0x0000000088400000, 0x0000000088400000| Untracked 
| 133|0x0000000088500000, 0x0000000088500000, 0x0000000088600000|  0%| F|  |TAMS 0x0000000088500000, 0x0000000088500000| Untracked 
| 134|0x0000000088600000, 0x0000000088600000, 0x0000000088700000|  0%| F|  |TAMS 0x0000000088600000, 0x0000000088600000| Untracked 
| 135|0x0000000088700000, 0x0000000088700000, 0x0000000088800000|  0%| F|  |TAMS 0x0000000088700000, 0x0000000088700000| Untracked 
| 136|0x0000000088800000, 0x0000000088800000, 0x0000000088900000|  0%| F|  |TAMS 0x0000000088800000, 0x0000000088800000| Untracked 
| 137|0x0000000088900000, 0x0000000088900000, 0x0000000088a00000|  0%| F|  |TAMS 0x0000000088900000, 0x0000000088900000| Untracked 
| 138|0x0000000088a00000, 0x0000000088a00000, 0x0000000088b00000|  0%| F|  |TAMS 0x0000000088a00000, 0x0000000088a00000| Untracked 
| 139|0x0000000088b00000, 0x0000000088b00000, 0x0000000088c00000|  0%| F|  |TAMS 0x0000000088b00000, 0x0000000088b00000| Untracked 
| 140|0x0000000088c00000, 0x0000000088c00000, 0x0000000088d00000|  0%| F|  |TAMS 0x0000000088c00000, 0x0000000088c00000| Untracked 
| 141|0x0000000088d00000, 0x0000000088d00000, 0x0000000088e00000|  0%| F|  |TAMS 0x0000000088d00000, 0x0000000088d00000| Untracked 
| 142|0x0000000088e00000, 0x0000000088e00000, 0x0000000088f00000|  0%| F|  |TAMS 0x0000000088e00000, 0x0000000088e00000| Untracked 
| 143|0x0000000088f00000, 0x0000000088f00000, 0x0000000089000000|  0%| F|  |TAMS 0x0000000088f00000, 0x0000000088f00000| Untracked 
| 144|0x0000000089000000, 0x0000000089000000, 0x0000000089100000|  0%| F|  |TAMS 0x0000000089000000, 0x0000000089000000| Untracked 
| 145|0x0000000089100000, 0x0000000089100000, 0x0000000089200000|  0%| F|  |TAMS 0x0000000089100000, 0x0000000089100000| Untracked 
| 146|0x0000000089200000, 0x0000000089200000, 0x0000000089300000|  0%| F|  |TAMS 0x0000000089200000, 0x0000000089200000| Untracked 
| 147|0x0000000089300000, 0x0000000089300000, 0x0000000089400000|  0%| F|  |TAMS 0x0000000089300000, 0x0000000089300000| Untracked 
| 148|0x0000000089400000, 0x0000000089400000, 0x0000000089500000|  0%| F|  |TAMS 0x0000000089400000, 0x0000000089400000| Untracked 
| 149|0x0000000089500000, 0x0000000089500000, 0x0000000089600000|  0%| F|  |TAMS 0x0000000089500000, 0x0000000089500000| Untracked 
| 150|0x0000000089600000, 0x0000000089600000, 0x0000000089700000|  0%| F|  |TAMS 0x0000000089600000, 0x0000000089600000| Untracked 
| 151|0x0000000089700000, 0x0000000089700000, 0x0000000089800000|  0%| F|  |TAMS 0x0000000089700000, 0x0000000089700000| Untracked 

Card table byte_map: [0x00000179a8db0000,0x00000179a91b0000] _byte_map_base: 0x00000179a89b0000

Marking Bits (Prev, Next): (CMBitMap*) 0x0000017993cc0e38, (CMBitMap*) 0x0000017993cc0e70
 Prev Bits: [0x00000179a95b0000, 0x00000179ab5b0000)
 Next Bits: [0x00000179ab5b0000, 0x00000179ad5b0000)

Polling page: 0x0000017993d60000

Metaspace:

Usage:
  Non-class:     65.94 MB capacity,    64.82 MB ( 98%) used,   962.48 KB (  1%) free+waste,   190.44 KB ( <1%) overhead. 
      Class:     10.36 MB capacity,     9.73 MB ( 94%) used,   557.45 KB (  5%) free+waste,    88.81 KB ( <1%) overhead. 
       Both:     76.30 MB capacity,    74.55 MB ( 98%) used,     1.48 MB (  2%) free+waste,   279.25 KB ( <1%) overhead. 

Virtual space:
  Non-class space:       66.00 MB reserved,      66.00 MB (100%) committed 
      Class space:        1.00 GB reserved,      10.45 MB (  1%) committed 
             Both:        1.06 GB reserved,      76.45 MB (  7%) committed 

Chunk freelists:
   Non-Class:  58.00 KB
       Class:  15.00 KB
        Both:  73.00 KB

MaxMetaspaceSize: 17179869184.00 GB
CompressedClassSpaceSize: 1.00 GB

CodeHeap 'non-profiled nmethods': size=120000Kb used=4808Kb max_used=4808Kb free=115191Kb
 bounds [0x00000179a0a20000, 0x00000179a0ee0000, 0x00000179a7f50000]
CodeHeap 'profiled nmethods': size=120000Kb used=15932Kb max_used=15932Kb free=104067Kb
 bounds [0x00000179994f0000, 0x000001799a480000, 0x00000179a0a20000]
CodeHeap 'non-nmethods': size=5760Kb used=2269Kb max_used=2312Kb free=3490Kb
 bounds [0x0000017998f50000, 0x00000179991c0000, 0x00000179994f0000]
 total_blobs=8232 nmethods=7367 adapters=776
 compilation: enabled
              stopped_count=0, restarted_count=0
 full_count=0

Compilation events (20 events):
Event: 15.076 Thread 0x00000179b00bb800 nmethod 7422 0x000001799a478c10 code [0x000001799a478e40, 0x000001799a4796b8]
Event: 15.076 Thread 0x00000179b00bb800 7423       3       org.gradle.internal.reflect.annotations.impl.DefaultTypeAnnotationMetadataStore$PropertyAnnotationMetadataBuilder$$Lambda$563/0x00000001006dc440::get$Lambda (9 bytes)
Event: 15.077 Thread 0x00000179b00bb800 nmethod 7423 0x000001799a479990 code [0x000001799a479b60, 0x000001799a479db8]
Event: 15.077 Thread 0x00000179b00bb800 7424       3       org.gradle.internal.reflect.annotations.impl.DefaultTypeAnnotationMetadataStore$PropertyAnnotationMetadataBuilder$$Lambda$563/0x00000001006dc440::<init> (10 bytes)
Event: 15.077 Thread 0x00000179b00bb800 nmethod 7424 0x000001799a479e90 code [0x000001799a47a040, 0x000001799a47a1f8]
Event: 15.077 Thread 0x00000179b00bb800 7425       3       java.lang.reflect.Field::isSynthetic (8 bytes)
Event: 15.078 Thread 0x00000179b00bb800 nmethod 7425 0x000001799a47a290 code [0x000001799a47a440, 0x000001799a47a618]
Event: 15.078 Thread 0x00000179b00bb800 7426       3       java.util.Iterator::forEachRemaining (30 bytes)
Event: 15.078 Thread 0x00000179b00bb800 nmethod 7426 0x000001799a47a710 code [0x000001799a47a920, 0x000001799a47ae58]
Event: 15.078 Thread 0x00000179b00bb800 7427       1       java.util.stream.ForEachOps$ForEachOp::get (2 bytes)
Event: 15.078 Thread 0x00000179b00bb800 nmethod 7427 0x00000179a0ed1d90 code [0x00000179a0ed1f40, 0x00000179a0ed1ff8]
Event: 15.079 Thread 0x00000179b00bb800 7428       3       java.util.ArrayList::<init> (63 bytes)
Event: 15.080 Thread 0x00000179b00bb800 nmethod 7428 0x000001799a47b010 code [0x000001799a47b220, 0x000001799a47b778]
Event: 15.081 Thread 0x00000179b00bb800 7429       3       org.gradle.model.internal.asm.AsmClassGenerator::<init> (88 bytes)
Event: 15.083 Thread 0x00000179b00bb800 nmethod 7429 0x000001799a47b910 code [0x000001799a47bce0, 0x000001799a47d288]
Event: 15.083 Thread 0x00000179b00bb800 7430       3       org.gradle.model.internal.asm.AsmClassGenerator::define (12 bytes)
Event: 15.084 Thread 0x00000179b00bb800 nmethod 7430 0x000001799a47da90 code [0x000001799a47dd00, 0x000001799a47e798]
Event: 15.084 Thread 0x00000179b00bb800 7431       3       org.gradle.model.internal.asm.AsmClassGenerator::define (20 bytes)
Event: 15.084 Thread 0x00000179b00bb800 nmethod 7431 0x000001799a47eb90 code [0x000001799a47ed60, 0x000001799a47ef78]
Event: 15.091 Thread 0x00000179b00bb800 7432       3       org.gradle.internal.graph.CachingDirectedGraphWalker::doSearch (659 bytes)

GC Heap History (20 events):
Event: 5.072 GC heap after
{Heap after GC invocations=7 (full 0):
 garbage-first heap   total 129024K, used 20970K [0x0000000080000000, 0x0000000100000000)
  region size 1024K, 5 young (5120K), 5 survivors (5120K)
 Metaspace       used 32439K, capacity 33274K, committed 33536K, reserved 1079296K
  class space    used 4232K, capacity 4544K, committed 4608K, reserved 1048576K
}
Event: 5.350 GC heap before
{Heap before GC invocations=7 (full 0):
 garbage-first heap   total 129024K, used 27114K [0x0000000080000000, 0x0000000100000000)
  region size 1024K, 13 young (13312K), 5 survivors (5120K)
 Metaspace       used 35020K, capacity 35830K, committed 35840K, reserved 1081344K
  class space    used 4539K, capacity 4864K, committed 4864K, reserved 1048576K
}
Event: 5.364 GC heap after
{Heap after GC invocations=8 (full 0):
 garbage-first heap   total 129024K, used 22167K [0x0000000080000000, 0x0000000100000000)
  region size 1024K, 4 young (4096K), 4 survivors (4096K)
 Metaspace       used 35020K, capacity 35830K, committed 35840K, reserved 1081344K
  class space    used 4539K, capacity 4864K, committed 4864K, reserved 1048576K
}
Event: 6.210 GC heap before
{Heap before GC invocations=9 (full 0):
 garbage-first heap   total 129024K, used 70295K [0x0000000080000000, 0x0000000100000000)
  region size 1024K, 49 young (50176K), 4 survivors (4096K)
 Metaspace       used 38618K, capacity 39567K, committed 39884K, reserved 1083392K
  class space    used 4927K, capacity 5251K, committed 5324K, reserved 1048576K
}
Event: 6.219 GC heap after
{Heap after GC invocations=10 (full 0):
 garbage-first heap   total 155648K, used 26067K [0x0000000080000000, 0x0000000100000000)
  region size 1024K, 7 young (7168K), 7 survivors (7168K)
 Metaspace       used 38618K, capacity 39567K, committed 39884K, reserved 1083392K
  class space    used 4927K, capacity 5251K, committed 5324K, reserved 1048576K
}
Event: 7.143 GC heap before
{Heap before GC invocations=10 (full 0):
 garbage-first heap   total 155648K, used 84435K [0x0000000080000000, 0x0000000100000000)
  region size 1024K, 64 young (65536K), 7 survivors (7168K)
 Metaspace       used 43556K, capacity 44636K, committed 44876K, reserved 1087488K
  class space    used 5569K, capacity 5934K, committed 5964K, reserved 1048576K
}
Event: 7.151 GC heap after
{Heap after GC invocations=11 (full 0):
 garbage-first heap   total 155648K, used 28547K [0x0000000080000000, 0x0000000100000000)
  region size 1024K, 6 young (6144K), 6 survivors (6144K)
 Metaspace       used 43556K, capacity 44636K, committed 44876K, reserved 1087488K
  class space    used 5569K, capacity 5934K, committed 5964K, reserved 1048576K
}
Event: 8.734 GC heap before
{Heap before GC invocations=11 (full 0):
 garbage-first heap   total 155648K, used 91011K [0x0000000080000000, 0x0000000100000000)
  region size 1024K, 66 young (67584K), 6 survivors (6144K)
 Metaspace       used 46977K, capacity 48235K, committed 48460K, reserved 1091584K
  class space    used 6010K, capacity 6446K, committed 6476K, reserved 1048576K
}
Event: 8.743 GC heap after
{Heap after GC invocations=12 (full 0):
 garbage-first heap   total 155648K, used 37013K [0x0000000080000000, 0x0000000100000000)
  region size 1024K, 9 young (9216K), 9 survivors (9216K)
 Metaspace       used 46977K, capacity 48235K, committed 48460K, reserved 1091584K
  class space    used 6010K, capacity 6446K, committed 6476K, reserved 1048576K
}
Event: 9.802 GC heap before
{Heap before GC invocations=12 (full 0):
 garbage-first heap   total 155648K, used 100501K [0x0000000080000000, 0x0000000100000000)
  region size 1024K, 69 young (70656K), 9 survivors (9216K)
 Metaspace       used 54680K, capacity 56109K, committed 56396K, reserved 1097728K
  class space    used 6943K, capacity 7457K, committed 7500K, reserved 1048576K
}
Event: 9.812 GC heap after
{Heap after GC invocations=13 (full 0):
 garbage-first heap   total 155648K, used 43270K [0x0000000080000000, 0x0000000100000000)
  region size 1024K, 5 young (5120K), 5 survivors (5120K)
 Metaspace       used 54680K, capacity 56109K, committed 56396K, reserved 1097728K
  class space    used 6943K, capacity 7457K, committed 7500K, reserved 1048576K
}
Event: 10.225 GC heap before
{Heap before GC invocations=13 (full 0):
 garbage-first heap   total 155648K, used 66822K [0x0000000080000000, 0x0000000100000000)
  region size 1024K, 29 young (29696K), 5 survivors (5120K)
 Metaspace       used 58671K, capacity 60147K, committed 60236K, reserved 1101824K
  class space    used 7447K, capacity 7990K, committed 8012K, reserved 1048576K
}
Event: 10.233 GC heap after
{Heap after GC invocations=14 (full 0):
 garbage-first heap   total 155648K, used 44702K [0x0000000080000000, 0x0000000100000000)
  region size 1024K, 7 young (7168K), 7 survivors (7168K)
 Metaspace       used 58671K, capacity 60147K, committed 60236K, reserved 1101824K
  class space    used 7447K, capacity 7990K, committed 8012K, reserved 1048576K
}
Event: 11.409 GC heap before
{Heap before GC invocations=15 (full 0):
 garbage-first heap   total 155648K, used 105118K [0x0000000080000000, 0x0000000100000000)
  region size 1024K, 66 young (67584K), 7 survivors (7168K)
 Metaspace       used 63150K, capacity 64683K, committed 64972K, reserved 1105920K
  class space    used 8023K, capacity 8568K, committed 8652K, reserved 1048576K
}
Event: 11.423 GC heap after
{Heap after GC invocations=16 (full 0):
 garbage-first heap   total 155648K, used 48959K [0x0000000080000000, 0x0000000100000000)
  region size 1024K, 7 young (7168K), 7 survivors (7168K)
 Metaspace       used 63150K, capacity 64683K, committed 64972K, reserved 1105920K
  class space    used 8023K, capacity 8568K, committed 8652K, reserved 1048576K
}
Event: 12.379 GC heap before
{Heap before GC invocations=17 (full 0):
 garbage-first heap   total 155648K, used 110399K [0x0000000080000000, 0x0000000100000000)
  region size 1024K, 67 young (68608K), 7 survivors (7168K)
 Metaspace       used 67924K, capacity 69556K, committed 69580K, reserved 1110016K
  class space    used 8797K, capacity 9398K, committed 9420K, reserved 1048576K
}
Event: 12.388 GC heap after
{Heap after GC invocations=18 (full 0):
 garbage-first heap   total 155648K, used 54132K [0x0000000080000000, 0x0000000100000000)
  region size 1024K, 5 young (5120K), 5 survivors (5120K)
 Metaspace       used 67924K, capacity 69556K, committed 69580K, reserved 1110016K
  class space    used 8797K, capacity 9398K, committed 9420K, reserved 1048576K
}
Event: 13.456 GC heap before
{Heap before GC invocations=18 (full 0):
 garbage-first heap   total 155648K, used 114548K [0x0000000080000000, 0x0000000100000000)
  region size 1024K, 64 young (65536K), 5 survivors (5120K)
 Metaspace       used 70440K, capacity 72167K, committed 72268K, reserved 1112064K
  class space    used 9163K, capacity 9789K, committed 9804K, reserved 1048576K
}
Event: 13.469 GC heap after
{Heap after GC invocations=19 (full 0):
 garbage-first heap   total 155648K, used 58592K [0x0000000080000000, 0x0000000100000000)
  region size 1024K, 5 young (5120K), 5 survivors (5120K)
 Metaspace       used 70440K, capacity 72167K, committed 72268K, reserved 1112064K
  class space    used 9163K, capacity 9789K, committed 9804K, reserved 1048576K
}
Event: 15.095 GC heap before
{Heap before GC invocations=19 (full 0):
 garbage-first heap   total 155648K, used 117984K [0x0000000080000000, 0x0000000100000000)
  region size 1024K, 63 young (64512K), 5 survivors (5120K)
 Metaspace       used 76335K, capacity 78135K, committed 78284K, reserved 1116160K
  class space    used 9962K, capacity 10609K, committed 10700K, reserved 1048576K
}

Deoptimization events (20 events):
Event: 14.437 Thread 0x00000179b2bc0800 DEOPT PACKING pc=0x0000017999cbe37c sp=0x0000002d9e7f8940
Event: 14.437 Thread 0x00000179b2bc0800 DEOPT UNPACKING pc=0x0000017998f776ce sp=0x0000002d9e7f7d40 mode 0
Event: 14.446 Thread 0x00000179b2bc0800 Uncommon trap: trap_request=0xffffff4d fr.pc=0x00000179a0ca3678 relative=0x00000000000006f8
Event: 14.446 Thread 0x00000179b2bc0800 Uncommon trap: reason=unstable_if action=reinterpret pc=0x00000179a0ca3678 method=java.util.HashMap.putVal(ILjava/lang/Object;Ljava/lang/Object;ZZ)Ljava/lang/Object; @ 109 c2
Event: 14.446 Thread 0x00000179b2bc0800 DEOPT PACKING pc=0x00000179a0ca3678 sp=0x0000002d9e7f8a50
Event: 14.446 Thread 0x00000179b2bc0800 DEOPT UNPACKING pc=0x0000017998f778af sp=0x0000002d9e7f8968 mode 2
Event: 14.446 Thread 0x00000179b2bc0800 Uncommon trap: trap_request=0xffffff4d fr.pc=0x00000179a0b8b5e4 relative=0x0000000000000664
Event: 14.446 Thread 0x00000179b2bc0800 Uncommon trap: reason=unstable_if action=reinterpret pc=0x00000179a0b8b5e4 method=java.util.HashMap.putVal(ILjava/lang/Object;Ljava/lang/Object;ZZ)Ljava/lang/Object; @ 109 c2
Event: 14.446 Thread 0x00000179b2bc0800 DEOPT PACKING pc=0x00000179a0b8b5e4 sp=0x0000002d9e7f89a0
Event: 14.446 Thread 0x00000179b2bc0800 DEOPT UNPACKING pc=0x0000017998f778af sp=0x0000002d9e7f8958 mode 2
Event: 14.503 Thread 0x00000179b2bc0800 DEOPT PACKING pc=0x000001799a045073 sp=0x0000002d9e7f8930
Event: 14.503 Thread 0x00000179b2bc0800 DEOPT UNPACKING pc=0x0000017998f776ce sp=0x0000002d9e7f7ed0 mode 0
Event: 14.750 Thread 0x00000179b2bc0800 DEOPT PACKING pc=0x000001799a045073 sp=0x0000002d9e7fa060
Event: 14.750 Thread 0x00000179b2bc0800 DEOPT UNPACKING pc=0x0000017998f776ce sp=0x0000002d9e7f9600 mode 0
Event: 14.769 Thread 0x00000179b2bc0800 Uncommon trap: trap_request=0xfffffff4 fr.pc=0x00000179a0eaae68 relative=0x0000000000002108
Event: 14.769 Thread 0x00000179b2bc0800 Uncommon trap: reason=null_check action=make_not_entrant pc=0x00000179a0eaae68 method=sun.reflect.generics.visitor.Reifier.reifyTypeArguments([Lsun/reflect/generics/tree/TypeArgument;)[Ljava/lang/reflect/Type; @ 29 c2
Event: 14.769 Thread 0x00000179b2bc0800 DEOPT PACKING pc=0x00000179a0eaae68 sp=0x0000002d9e7f9f80
Event: 14.769 Thread 0x00000179b2bc0800 DEOPT UNPACKING pc=0x0000017998f778af sp=0x0000002d9e7f9eb8 mode 2
Event: 14.849 Thread 0x00000179b2bc0800 DEOPT PACKING pc=0x000001799a1c7af0 sp=0x0000002d9e7f9060
Event: 14.849 Thread 0x00000179b2bc0800 DEOPT UNPACKING pc=0x0000017998f776ce sp=0x0000002d9e7f8540 mode 0

Classes redefined (0 events):
No events

Internal exceptions (20 events):
Event: 14.732 Thread 0x00000179b2bc0800 Exception <a 'java/lang/ClassNotFoundException'{0x0000000086ade4a8}: com/android/build/gradle/internal/tasks/AndroidVariantTaskBeanInfo> (0x0000000086ade4a8) thrown at [./src/hotspot/share/classfile/systemDictionary.cpp, line 231]
Event: 14.732 Thread 0x00000179b2bc0800 Exception <a 'java/lang/ClassNotFoundException'{0x0000000086af8ee8}: com/android/build/gradle/internal/tasks/BaseTaskBeanInfo> (0x0000000086af8ee8) thrown at [./src/hotspot/share/classfile/systemDictionary.cpp, line 231]
Event: 14.733 Thread 0x00000179b2bc0800 Exception <a 'java/lang/ClassNotFoundException'{0x0000000086914850}: com/android/build/gradle/internal/tasks/BaseTaskCustomizer> (0x0000000086914850) thrown at [./src/hotspot/share/classfile/systemDictionary.cpp, line 231]
Event: 14.734 Thread 0x00000179b2bc0800 Exception <a 'java/lang/ClassNotFoundException'{0x00000000869415f8}: com/android/build/gradle/internal/tasks/AndroidVariantTaskCustomizer> (0x00000000869415f8) thrown at [./src/hotspot/share/classfile/systemDictionary.cpp, line 231]
Event: 14.736 Thread 0x00000179b2bc0800 Exception <a 'java/lang/ClassNotFoundException'{0x000000008696b6c0}: com/android/build/gradle/internal/tasks/NewIncrementalTaskCustomizer> (0x000000008696b6c0) thrown at [./src/hotspot/share/classfile/systemDictionary.cpp, line 231]
Event: 14.737 Thread 0x00000179b2bc0800 Exception <a 'java/lang/ClassNotFoundException'{0x0000000086992ab0}: com/android/build/gradle/tasks/MergeResourcesCustomizer> (0x0000000086992ab0) thrown at [./src/hotspot/share/classfile/systemDictionary.cpp, line 231]
Event: 14.740 Thread 0x00000179b2bc0800 Exception <a 'java/lang/ClassNotFoundException'{0x00000000869e7bf0}: com/android/build/gradle/tasks/MergeResources_DecoratedCustomizer> (0x00000000869e7bf0) thrown at [./src/hotspot/share/classfile/systemDictionary.cpp, line 231]
Event: 14.769 Thread 0x00000179b2bc0800 Implicit null exception at 0x00000179a0ea98b9 to 0x00000179a0eaae44
Event: 14.797 Thread 0x00000179b2bc0800 Exception <a 'java/lang/ClassNotFoundException'{0x0000000086575728}: com/google/gms/googleservices/GoogleServicesTask_DecoratedBeanInfo> (0x0000000086575728) thrown at [./src/hotspot/share/classfile/systemDictionary.cpp, line 231]
Event: 14.798 Thread 0x00000179b2bc0800 Exception <a 'java/lang/ClassNotFoundException'{0x000000008658f030}: com/google/gms/googleservices/GoogleServicesTaskBeanInfo> (0x000000008658f030) thrown at [./src/hotspot/share/classfile/systemDictionary.cpp, line 231]
Event: 14.799 Thread 0x00000179b2bc0800 Exception <a 'java/lang/ClassNotFoundException'{0x00000000865a8ed0}: com/google/gms/googleservices/GoogleServicesTaskCustomizer> (0x00000000865a8ed0) thrown at [./src/hotspot/share/classfile/systemDictionary.cpp, line 231]
Event: 14.801 Thread 0x00000179b2bc0800 Exception <a 'java/lang/ClassNotFoundException'{0x00000000865d8710}: com/google/gms/googleservices/GoogleServicesTask_DecoratedCustomizer> (0x00000000865d8710) thrown at [./src/hotspot/share/classfile/systemDictionary.cpp, line 231]
Event: 14.814 Thread 0x00000179b2bc0800 Exception <a 'java/lang/ClassNotFoundException'{0x000000008646ba70}: com/android/build/gradle/internal/api/ReadOnlyBuildTypeBeanInfo> (0x000000008646ba70) thrown at [./src/hotspot/share/classfile/systemDictionary.cpp, line 231]
Event: 14.815 Thread 0x00000179b2bc0800 Exception <a 'java/lang/ClassNotFoundException'{0x0000000086486aa0}: com/android/build/gradle/internal/api/ReadOnlyBaseConfigBeanInfo> (0x0000000086486aa0) thrown at [./src/hotspot/share/classfile/systemDictionary.cpp, line 231]
Event: 14.816 Thread 0x00000179b2bc0800 Exception <a 'java/lang/ClassNotFoundException'{0x00000000864a1db8}: com/android/build/gradle/internal/api/ReadOnlyBaseConfigCustomizer> (0x00000000864a1db8) thrown at [./src/hotspot/share/classfile/systemDictionary.cpp, line 231]
Event: 14.819 Thread 0x00000179b2bc0800 Exception <a 'java/lang/ClassNotFoundException'{0x00000000864cd010}: com/android/build/gradle/internal/api/ReadOnlyBuildTypeCustomizer> (0x00000000864cd010) thrown at [./src/hotspot/share/classfile/systemDictionary.cpp, line 231]
Event: 14.850 Thread 0x00000179b2bc0800 Exception <a 'java/lang/ClassNotFoundException'{0x0000000086236d48}: com/android/build/gradle/internal/api/ImmutableFlavorListBeanInfo> (0x0000000086236d48) thrown at [./src/hotspot/share/classfile/systemDictionary.cpp, line 231]
Event: 14.851 Thread 0x00000179b2bc0800 Exception <a 'java/lang/ClassNotFoundException'{0x0000000086252828}: com/android/build/gradle/internal/api/ImmutableFlavorListCustomizer> (0x0000000086252828) thrown at [./src/hotspot/share/classfile/systemDictionary.cpp, line 231]
Event: 14.878 Thread 0x00000179b2bc0800 Exception <a 'java/lang/ClassNotFoundException'{0x0000000086133e50}: org/gradle/api/internal/file/collections/DefaultConfigurableFileCollectionBeanInfo> (0x0000000086133e50) thrown at [./src/hotspot/share/classfile/systemDictionary.cpp, line 231]
Event: 14.879 Thread 0x00000179b2bc0800 Exception <a 'java/lang/ClassNotFoundException'{0x0000000086151148}: org/gradle/api/internal/file/collections/DefaultConfigurableFileCollectionCustomizer> (0x0000000086151148) thrown at [./src/hotspot/share/classfile/systemDictionary.cpp, line 231]

Events (20 events):
Event: 14.967 loading class com/android/build/gradle/internal/tasks/MergeNativeLibsTaskKt done
Event: 15.027 loading class com/android/build/gradle/internal/tasks/MergeNativeLibsTaskKt$getProjectNativeLibs$2
Event: 15.027 loading class com/android/build/gradle/internal/tasks/MergeNativeLibsTaskKt$getProjectNativeLibs$2 done
Event: 15.042 loading class com/android/build/gradle/internal/tasks/MergeNativeLibsTaskKt$getProjectNativeLibs$3
Event: 15.042 loading class com/android/build/gradle/internal/tasks/MergeNativeLibsTaskKt$getProjectNativeLibs$3 done
Event: 15.058 loading class com/android/build/gradle/internal/tasks/MergeNativeLibsTaskKt$getExternalNativeLibs$1
Event: 15.058 loading class com/android/build/gradle/internal/tasks/MergeNativeLibsTaskKt$getExternalNativeLibs$1 done
Event: 15.059 loading class com/android/build/gradle/internal/tasks/MergeNativeLibsTaskKt$getSubProjectNativeLibs$1
Event: 15.059 loading class com/android/build/gradle/internal/tasks/MergeNativeLibsTaskKt$getSubProjectNativeLibs$1 done
Event: 15.066 loading class com/android/build/gradle/tasks/MergeSourceSetFolders$MergeJniLibFoldersCreationAction$configure$assetDirFunction$1
Event: 15.066 loading class com/android/build/gradle/tasks/MergeSourceSetFolders$MergeJniLibFoldersCreationAction$configure$assetDirFunction$1 done
Event: 15.067 loading class com/android/build/gradle/tasks/MergeSourceSetFolders$MergeJniLibFoldersCreationAction$configure$1
Event: 15.067 loading class com/android/build/gradle/tasks/MergeSourceSetFolders$MergeJniLibFoldersCreationAction$configure$1 done
Event: 15.068 loading class com/android/build/gradle/tasks/MergeSourceSetFolders$MergeJniLibFoldersCreationAction$configure$2
Event: 15.068 loading class com/android/build/gradle/tasks/MergeSourceSetFolders$MergeJniLibFoldersCreationAction$configure$2 done
Event: 15.093 loading class com/android/build/gradle/internal/tasks/DexParameterInputs
Event: 15.093 loading class com/android/build/gradle/internal/tasks/DexParameterInputs done
Event: 15.094 loading class org/gradle/api/tasks/LocalState
Event: 15.094 loading class org/gradle/api/tasks/LocalState done
Event: 15.094 Executing VM operation: G1CollectForAllocation


Dynamic libraries:
0x00007ff772780000 - 0x00007ff77278a000 	C:\Program Files\Android\Android Studio\jre\bin\java.exe
0x00007ffae2310000 - 0x00007ffae2505000 	C:\WINDOWS\SYSTEM32\ntdll.dll
0x00007ffae19e0000 - 0x00007ffae1a9e000 	C:\WINDOWS\System32\KERNEL32.DLL
0x00007ffadfcb0000 - 0x00007ffadff78000 	C:\WINDOWS\System32\KERNELBASE.dll
0x00007ffadfbb0000 - 0x00007ffadfcb0000 	C:\WINDOWS\System32\ucrtbase.dll
0x00007ffabbfb0000 - 0x00007ffabbfc7000 	C:\Program Files\Android\Android Studio\jre\bin\VCRUNTIME140.dll
0x00007ffabbf90000 - 0x00007ffabbfa9000 	C:\Program Files\Android\Android Studio\jre\bin\jli.dll
0x00007ffae05a0000 - 0x00007ffae0741000 	C:\WINDOWS\System32\USER32.dll
0x00007ffadfb80000 - 0x00007ffadfba2000 	C:\WINDOWS\System32\win32u.dll
0x00007ffad3440000 - 0x00007ffad36da000 	C:\WINDOWS\WinSxS\amd64_microsoft.windows.common-controls_6595b64144ccf1df_6.0.19041.1110_none_60b5254171f9507e\COMCTL32.dll
0x00007ffae2120000 - 0x00007ffae214b000 	C:\WINDOWS\System32\GDI32.dll
0x00007ffae0750000 - 0x00007ffae07ee000 	C:\WINDOWS\System32\msvcrt.dll
0x00007ffae00a0000 - 0x00007ffae01ad000 	C:\WINDOWS\System32\gdi32full.dll
0x00007ffadff80000 - 0x00007ffae001d000 	C:\WINDOWS\System32\msvcp_win.dll
0x00007ffae0350000 - 0x00007ffae0380000 	C:\WINDOWS\System32\IMM32.DLL
0x00007ffaa6560000 - 0x00007ffaa65fd000 	C:\Program Files\Android\Android Studio\jre\bin\msvcp140.dll
0x00007ffa60410000 - 0x00007ffa60edf000 	C:\Program Files\Android\Android Studio\jre\bin\server\jvm.dll
0x00007ffae2220000 - 0x00007ffae22cc000 	C:\WINDOWS\System32\ADVAPI32.dll
0x00007ffae0420000 - 0x00007ffae04bb000 	C:\WINDOWS\System32\sechost.dll
0x00007ffae0860000 - 0x00007ffae098a000 	C:\WINDOWS\System32\RPCRT4.dll
0x00007ffae0380000 - 0x00007ffae0388000 	C:\WINDOWS\System32\PSAPI.DLL
0x00007ffad32b0000 - 0x00007ffad32d7000 	C:\WINDOWS\SYSTEM32\WINMM.dll
0x00007ffabbfe0000 - 0x00007ffabbfe9000 	C:\WINDOWS\SYSTEM32\WSOCK32.dll
0x00007ffadba70000 - 0x00007ffadba7a000 	C:\WINDOWS\SYSTEM32\VERSION.dll
0x00007ffae07f0000 - 0x00007ffae085b000 	C:\WINDOWS\System32\WS2_32.dll
0x00007ffade2f0000 - 0x00007ffade302000 	C:\WINDOWS\SYSTEM32\kernel.appcore.dll
0x00007ffabbf70000 - 0x00007ffabbf81000 	C:\Program Files\Android\Android Studio\jre\bin\verify.dll
0x00007ffaddfb0000 - 0x00007ffade194000 	C:\WINDOWS\SYSTEM32\DBGHELP.DLL
0x00007ffaca920000 - 0x00007ffaca94c000 	C:\WINDOWS\SYSTEM32\dbgcore.DLL
0x00007ffae02c0000 - 0x00007ffae0342000 	C:\WINDOWS\System32\bcryptPrimitives.dll
0x00007ffab4e50000 - 0x00007ffab4e79000 	C:\Program Files\Android\Android Studio\jre\bin\java.dll
0x00007ffabbfd0000 - 0x00007ffabbfdb000 	C:\Program Files\Android\Android Studio\jre\bin\jimage.dll
0x00007ffabbf50000 - 0x00007ffabbf68000 	C:\Program Files\Android\Android Studio\jre\bin\zip.dll
0x00007ffae0990000 - 0x00007ffae10d4000 	C:\WINDOWS\System32\SHELL32.dll
0x00007ffadd740000 - 0x00007ffadded4000 	C:\WINDOWS\SYSTEM32\windows.storage.dll
0x00007ffae1140000 - 0x00007ffae1495000 	C:\WINDOWS\System32\combase.dll
0x00007ffadf3a0000 - 0x00007ffadf3ce000 	C:\WINDOWS\SYSTEM32\Wldp.dll
0x00007ffae04c0000 - 0x00007ffae056d000 	C:\WINDOWS\System32\SHCORE.dll
0x00007ffae1b80000 - 0x00007ffae1bd5000 	C:\WINDOWS\System32\shlwapi.dll
0x00007ffadf960000 - 0x00007ffadf97f000 	C:\WINDOWS\SYSTEM32\profapi.dll
0x00007ffab3440000 - 0x00007ffab345a000 	C:\Program Files\Android\Android Studio\jre\bin\net.dll
0x00007ffad7620000 - 0x00007ffad772c000 	C:\WINDOWS\SYSTEM32\WINHTTP.dll
0x00007ffadf100000 - 0x00007ffadf16a000 	C:\WINDOWS\system32\mswsock.dll
0x00007ffab3420000 - 0x00007ffab3434000 	C:\Program Files\Android\Android Studio\jre\bin\nio.dll
0x00007ffad70c0000 - 0x00007ffad70e7000 	C:\Users\NHAT_HOANG\.gradle\native\8bec1ad78214c89d9ad589b4d07fe93259594b29d510b10fafb7a158f7737e5d\windows-amd64\native-platform.dll
0x00007ffaa77e0000 - 0x00007ffaa791d000 	C:\Users\NHAT_HOANG\.gradle\native\53dbd7edfb1c66fb8903c78663c9afc45aea4f116125fa6feffd364cf09443e8\windows-amd64\native-platform-file-events.dll
0x00007ffababb0000 - 0x00007ffababba000 	C:\Program Files\Android\Android Studio\jre\bin\management.dll
0x00007ffaba410000 - 0x00007ffaba41c000 	C:\Program Files\Android\Android Studio\jre\bin\management_ext.dll
0x00007ffadf300000 - 0x00007ffadf318000 	C:\WINDOWS\SYSTEM32\CRYPTSP.dll
0x00007ffadea80000 - 0x00007ffadeab4000 	C:\WINDOWS\system32\rsaenh.dll
0x00007ffae0070000 - 0x00007ffae0097000 	C:\WINDOWS\System32\bcrypt.dll
0x00007ffadf920000 - 0x00007ffadf94e000 	C:\WINDOWS\SYSTEM32\USERENV.dll
0x00007ffadf2f0000 - 0x00007ffadf2fc000 	C:\WINDOWS\SYSTEM32\CRYPTBASE.dll
0x00007ffadedf0000 - 0x00007ffadee2b000 	C:\WINDOWS\SYSTEM32\IPHLPAPI.DLL
0x00007ffae2110000 - 0x00007ffae2118000 	C:\WINDOWS\System32\NSI.dll
0x00007ffad83a0000 - 0x00007ffad83b7000 	C:\WINDOWS\SYSTEM32\dhcpcsvc6.DLL
0x00007ffad8ab0000 - 0x00007ffad8acd000 	C:\WINDOWS\SYSTEM32\dhcpcsvc.DLL
0x00007ffadee30000 - 0x00007ffadeefb000 	C:\WINDOWS\SYSTEM32\DNSAPI.dll

dbghelp: loaded successfully - version: 4.0.5 - missing functions: none
symbol engine: initialized successfully - sym options: 0x614 - pdb path: .;C:\Program Files\Android\Android Studio\jre\bin;C:\WINDOWS\SYSTEM32;C:\WINDOWS\WinSxS\amd64_microsoft.windows.common-controls_6595b64144ccf1df_6.0.19041.1110_none_60b5254171f9507e;C:\Program Files\Android\Android Studio\jre\bin\server;C:\Users\NHAT_HOANG\.gradle\native\8bec1ad78214c89d9ad589b4d07fe93259594b29d510b10fafb7a158f7737e5d\windows-amd64;C:\Users\NHAT_HOANG\.gradle\native\53dbd7edfb1c66fb8903c78663c9afc45aea4f116125fa6feffd364cf09443e8\windows-amd64

VM Arguments:
jvm_args: --add-opens=java.base/java.util=ALL-UNNAMED --add-opens=java.base/java.lang=ALL-UNNAMED --add-opens=java.base/java.lang.invoke=ALL-UNNAMED --add-opens=java.base/java.util=ALL-UNNAMED --add-opens=java.prefs/java.util.prefs=ALL-UNNAMED --add-opens=java.prefs/java.util.prefs=ALL-UNNAMED --add-opens=java.base/java.nio.charset=ALL-UNNAMED --add-opens=java.base/java.net=ALL-UNNAMED --add-opens=java.base/java.util.concurrent.atomic=ALL-UNNAMED -Xmx2048m -Dfile.encoding=UTF-8 -Duser.country=US -Duser.language=en -Duser.variant 
java_command: org.gradle.launcher.daemon.bootstrap.GradleDaemon 7.0.2
java_class_path (initial): C:\Users\NHAT_HOANG\.gradle\wrapper\dists\gradle-7.0.2-bin\857tjihv64xamwrf0h14cai3r\gradle-7.0.2\lib\gradle-launcher-7.0.2.jar
Launcher Type: SUN_STANDARD

[Global flags]
     intx CICompilerCount                          = 4                                         {product} {ergonomic}
     uint ConcGCThreads                            = 2                                         {product} {ergonomic}
     uint G1ConcRefinementThreads                  = 8                                         {product} {ergonomic}
   size_t G1HeapRegionSize                         = 1048576                                   {product} {ergonomic}
    uintx GCDrainStackTargetSize                   = 64                                        {product} {ergonomic}
   size_t InitialHeapSize                          = 132120576                                 {product} {ergonomic}
   size_t MarkStackSize                            = 4194304                                   {product} {ergonomic}
   size_t MaxHeapSize                              = 2147483648                                {product} {command line}
   size_t MaxNewSize                               = 1287651328                                {product} {ergonomic}
   size_t MinHeapDeltaBytes                        = 1048576                                   {product} {ergonomic}
    uintx NonNMethodCodeHeapSize                   = 5836300                                {pd product} {ergonomic}
    uintx NonProfiledCodeHeapSize                  = 122910970                              {pd product} {ergonomic}
    uintx ProfiledCodeHeapSize                     = 122910970                              {pd product} {ergonomic}
    uintx ReservedCodeCacheSize                    = 251658240                              {pd product} {ergonomic}
     bool SegmentedCodeCache                       = true                                      {product} {ergonomic}
     bool UseCompressedClassPointers               = true                                 {lp64_product} {ergonomic}
     bool UseCompressedOops                        = true                                 {lp64_product} {ergonomic}
     bool UseG1GC                                  = true                                      {product} {ergonomic}
     bool UseLargePagesIndividualAllocation        = false                                  {pd product} {ergonomic}

Logging:
Log output configuration:
 #0: stdout all=warning uptime,level,tags
 #1: stderr all=off uptime,level,tags

Environment Variables:
JAVA_HOME=C:\Program Files\Zulu\zulu-11
PATH=C:\Program Files\Zulu\zulu-11\bin\;C:\WINDOWS\system32;C:\WINDOWS;C:\WINDOWS\System32\Wbem;C:\WINDOWS\System32\WindowsPowerShell\v1.0\;C:\WINDOWS\System32\OpenSSH\;C:\Program Files\PuTTY\;C:\PROGRA~2\PICC;F:\Polyspace\R2021a\runtime\win64;F:\Polyspace\R2021a\bin;F:\Polyspace\R2021a\polyspace\bin;C:\Program Files\Git\cmd;C:\scr\flutter\bin;F:\LA\PHAN MEM\DA2_ANDROID\flutter_windows_2.5.3-stable;C:\Users\NHAT_HOANG\AppData\Local\Android\Sdk\platforms;C:\Users\NHAT_HOANG\AppData\Local\Android\Sdk\platform-tools;C:\Users\NHAT_HOANG\AppData\Local\Microsoft\WindowsApps;C:\Program Files\JetBrains\PyCharm Community Edition 2020.3.5\bin;;C:\Users\NHAT_HOANG\AppData\Local\Programs\Microsoft VS Code\bin;C:\Users\NHAT_HOANG\AppData\Local\GitHubDesktop\bin
USERNAME=NHAT_HOANG
OS=Windows_NT
PROCESSOR_IDENTIFIER=Intel64 Family 6 Model 142 Stepping 10, GenuineIntel



---------------  S Y S T E M  ---------------

OS: Windows 10 , 64 bit Build 19041 (10.0.19041.1348)
OS uptime: 0 days 4:26 hours

CPU:total 8 (initial active 8) (4 cores per cpu, 2 threads per core) family 6 model 142 stepping 10 microcode 0xb4, cmov, cx8, fxsr, mmx, sse, sse2, sse3, ssse3, sse4.1, sse4.2, popcnt, avx, avx2, aes, clmul, erms, 3dnowpref, lzcnt, ht, tsc, tscinvbit, bmi1, bmi2, adx, fma

Memory: 4k page, system-wide physical 8057M (590M free)
TotalPageFile size 12153M (AvailPageFile size 32M)
current process WorkingSet (physical memory assigned to process): 394M, peak: 394M
current process commit charge ("private bytes"): 439M, peak: 470M

vm_info: OpenJDK 64-Bit Server VM (11.0.10+0-b96-7249189) for windows-amd64 JRE (11.0.10+0-b96-7249189), built on Mar 31 2021 21:44:00 by "builder" with MS VC++ 14.0 (VS2015)

END.
