#
# There is insufficient memory for the Java Runtime Environment to continue.
# Native memory allocation (malloc) failed to allocate 1053456 bytes for Chunk::new
# Possible reasons:
#   The system is out of physical RAM or swap space
#   The process is running with CompressedOops enabled, and the Java Heap may be blocking the growth of the native heap
# Possible solutions:
#   Reduce memory load on the system
#   Increase physical memory or swap space
#   Check if swap backing store is full
#   Decrease Java heap size (-Xmx/-Xms)
#   Decrease number of Java threads
#   Decrease Java thread stack sizes (-Xss)
#   Set larger code cache with -XX:ReservedCodeCacheSize=
#   JVM is running with Unscaled Compressed Oops mode in which the Java heap is
#     placed in the first 4GB address space. The Java Heap base address is the
#     maximum limit for the native heap growth. Please use -XX:HeapBaseMinAddress
#     to set the Java Heap base and to place the Java Heap above 4GB virtual address.
# This output file may be truncated or incomplete.
#
#  Out of Memory Error (./src/hotspot/share/memory/arena.cpp:197), pid=13136, tid=6548
#
# JRE version: OpenJDK Runtime Environment (11.0.10) (build 11.0.10+0-b96-7249189)
# Java VM: OpenJDK 64-Bit Server VM (11.0.10+0-b96-7249189, mixed mode, tiered, compressed oops, g1 gc, windows-amd64)
# No core dump will be written. Minidumps are not enabled by default on client versions of Windows
#

---------------  S U M M A R Y ------------

Command Line: --add-opens=java.base/java.util=ALL-UNNAMED --add-opens=java.base/java.lang=ALL-UNNAMED --add-opens=java.base/java.lang.invoke=ALL-UNNAMED --add-opens=java.base/java.util=ALL-UNNAMED --add-opens=java.prefs/java.util.prefs=ALL-UNNAMED --add-opens=java.prefs/java.util.prefs=ALL-UNNAMED --add-opens=java.base/java.nio.charset=ALL-UNNAMED --add-opens=java.base/java.net=ALL-UNNAMED --add-opens=java.base/java.util.concurrent.atomic=ALL-UNNAMED -Xmx2048m -Dfile.encoding=UTF-8 -Duser.country=US -Duser.language=en -Duser.variant org.gradle.launcher.daemon.bootstrap.GradleDaemon 7.0.2

Host: Intel(R) Core(TM) i5-8250U CPU @ 1.60GHz, 8 cores, 7G,  Windows 10 , 64 bit Build 19041 (10.0.19041.1348)
Time: Mon Dec 27 23:01:24 2021 SE Asia Standard Time elapsed time: 14.326693 seconds (0d 0h 0m 14s)

---------------  T H R E A D  ---------------

Current thread (0x0000020c5a30b000):  JavaThread "C2 CompilerThread2" daemon [_thread_in_native, id=6548, stack(0x000000ef40100000,0x000000ef40200000)]


Current CompileTask:
C2:  14326 9380       4       com.android.utils.XmlUtils::append (647 bytes)

Stack: [0x000000ef40100000,0x000000ef40200000]
Native frames: (J=compiled Java code, j=interpreted, Vv=VM code, C=native code)
V  [jvm.dll+0x5ecfaa]
V  [jvm.dll+0x722bd5]
V  [jvm.dll+0x72412d]
V  [jvm.dll+0x7247e3]
V  [jvm.dll+0x242928]
V  [jvm.dll+0xbc4fc]
V  [jvm.dll+0xbca0c]
V  [jvm.dll+0x2b4fd4]
V  [jvm.dll+0x506028]
V  [jvm.dll+0x203253]
V  [jvm.dll+0x1fd07c]
V  [jvm.dll+0x1fa77f]
V  [jvm.dll+0x18354c]
V  [jvm.dll+0x208ee7]
V  [jvm.dll+0x207731]
V  [jvm.dll+0x6eb1cf]
V  [jvm.dll+0x6e3d45]
V  [jvm.dll+0x5ebe96]
C  [ucrtbase.dll+0x21bb2]
C  [KERNEL32.DLL+0x17034]
C  [ntdll.dll+0x52651]


---------------  P R O C E S S  ---------------

Threads class SMR info:
_java_thread_list=0x0000020c5abb2d80, length=65, elements={
0x0000020c38920000, 0x0000020c535c1800, 0x0000020c535cd800, 0x0000020c52db1800,
0x0000020c52db2800, 0x0000020c52db4800, 0x0000020c52db6000, 0x0000020c52db7000,
0x0000020c53615000, 0x0000020c53789800, 0x0000020c5507e800, 0x0000020c54038000,
0x0000020c56082000, 0x0000020c55f45800, 0x0000020c55edb000, 0x0000020c55233800,
0x0000020c55fd5000, 0x0000020c56cdf800, 0x0000020c5516a000, 0x0000020c563e8800,
0x0000020c563e7000, 0x0000020c563e8000, 0x0000020c563e9800, 0x0000020c563ea800,
0x0000020c563eb000, 0x0000020c563e6000, 0x0000020c563e5800, 0x0000020c563ec000,
0x0000020c59051000, 0x0000020c59050000, 0x0000020c5904d000, 0x0000020c59052000,
0x0000020c5904e800, 0x0000020c5904d800, 0x0000020c59056800, 0x0000020c59057800,
0x0000020c59058800, 0x0000020c59059000, 0x0000020c59054000, 0x0000020c5905a000,
0x0000020c5905b000, 0x0000020c59055000, 0x0000020c5905b800, 0x0000020c59056000,
0x0000020c559a9800, 0x0000020c559aa800, 0x0000020c559a6800, 0x0000020c559a7000,
0x0000020c559a8000, 0x0000020c5a256000, 0x0000020c5a30b000, 0x0000020c559a9000,
0x0000020c5b582800, 0x0000020c5b57f000, 0x0000020c5b580000, 0x0000020c5b580800,
0x0000020c5b583000, 0x0000020c5b581800, 0x0000020c5b584000, 0x0000020c5b57e800,
0x0000020c5b586800, 0x0000020c5b585800, 0x0000020c5b589800, 0x0000020c5b585000,
0x0000020c5b588000
}

Java Threads: ( => current thread )
  0x0000020c38920000 JavaThread "main" [_thread_blocked, id=12560, stack(0x000000ef3d500000,0x000000ef3d600000)]
  0x0000020c535c1800 JavaThread "Reference Handler" daemon [_thread_blocked, id=1732, stack(0x000000ef3dc00000,0x000000ef3dd00000)]
  0x0000020c535cd800 JavaThread "Finalizer" daemon [_thread_blocked, id=8788, stack(0x000000ef3dd00000,0x000000ef3de00000)]
  0x0000020c52db1800 JavaThread "Signal Dispatcher" daemon [_thread_blocked, id=284, stack(0x000000ef3de00000,0x000000ef3df00000)]
  0x0000020c52db2800 JavaThread "Attach Listener" daemon [_thread_blocked, id=6116, stack(0x000000ef3df00000,0x000000ef3e000000)]
  0x0000020c52db4800 JavaThread "Service Thread" daemon [_thread_blocked, id=10296, stack(0x000000ef3e000000,0x000000ef3e100000)]
  0x0000020c52db6000 JavaThread "C2 CompilerThread0" daemon [_thread_in_native, id=13372, stack(0x000000ef3e100000,0x000000ef3e200000)]
  0x0000020c52db7000 JavaThread "C1 CompilerThread0" daemon [_thread_blocked, id=9756, stack(0x000000ef3e200000,0x000000ef3e300000)]
  0x0000020c53615000 JavaThread "Sweeper thread" daemon [_thread_blocked, id=6268, stack(0x000000ef3e300000,0x000000ef3e400000)]
  0x0000020c53789800 JavaThread "Common-Cleaner" daemon [_thread_blocked, id=6788, stack(0x000000ef3e400000,0x000000ef3e500000)]
  0x0000020c5507e800 JavaThread "Daemon health stats" [_thread_blocked, id=9100, stack(0x000000ef3ea00000,0x000000ef3eb00000)]
  0x0000020c54038000 JavaThread "Incoming local TCP Connector on port 53536" [_thread_in_native, id=9988, stack(0x000000ef3e600000,0x000000ef3e700000)]
  0x0000020c56082000 JavaThread "Daemon periodic checks" [_thread_blocked, id=14132, stack(0x000000ef3e700000,0x000000ef3e800000)]
  0x0000020c55f45800 JavaThread "Daemon" [_thread_blocked, id=5668, stack(0x000000ef3eb00000,0x000000ef3ec00000)]
  0x0000020c55edb000 JavaThread "Handler for socket connection from /127.0.0.1:53536 to /127.0.0.1:53537" [_thread_in_native, id=11972, stack(0x000000ef3ec00000,0x000000ef3ed00000)]
  0x0000020c55233800 JavaThread "Cancel handler" [_thread_blocked, id=11476, stack(0x000000ef3ed00000,0x000000ef3ee00000)]
  0x0000020c55fd5000 JavaThread "Daemon worker" [_thread_blocked, id=9512, stack(0x000000ef3ee00000,0x000000ef3ef00000)]
  0x0000020c56cdf800 JavaThread "Asynchronous log dispatcher for DefaultDaemonConnection: socket connection from /127.0.0.1:53536 to /127.0.0.1:53537" [_thread_blocked, id=12444, stack(0x000000ef3ef00000,0x000000ef3f000000)]
  0x0000020c5516a000 JavaThread "Stdin handler" [_thread_blocked, id=12420, stack(0x000000ef3f000000,0x000000ef3f100000)]
  0x0000020c563e8800 JavaThread "Daemon client event forwarder" [_thread_blocked, id=3012, stack(0x000000ef3f100000,0x000000ef3f200000)]
  0x0000020c563e7000 JavaThread "Cache worker for file hash cache (C:\Users\NHAT_HOANG\.gradle\caches\7.0.2\fileHashes)" [_thread_blocked, id=9936, stack(0x000000ef3f700000,0x000000ef3f800000)]
  0x0000020c563e8000 JavaThread "File lock request listener" [_thread_in_native, id=272, stack(0x000000ef3f800000,0x000000ef3f900000)]
  0x0000020c563e9800 JavaThread "Cache worker for journal cache (C:\Users\NHAT_HOANG\.gradle\caches\journal-1)" [_thread_blocked, id=11708, stack(0x000000ef3fa00000,0x000000ef3fb00000)]
  0x0000020c563ea800 JavaThread "Cache worker for file hash cache (G:\Lan Anh\DO AN 2\SMARTHOME\.gradle\7.0.2\fileHashes)" [_thread_blocked, id=12588, stack(0x000000ef3fc00000,0x000000ef3fd00000)]
  0x0000020c563eb000 JavaThread "File watcher server" daemon [_thread_in_native, id=11376, stack(0x000000ef3fd00000,0x000000ef3fe00000)]
  0x0000020c563e6000 JavaThread "File watcher consumer" daemon [_thread_blocked, id=2172, stack(0x000000ef3fe00000,0x000000ef3ff00000)]
  0x0000020c563e5800 JavaThread "Cache worker for checksums cache (G:\Lan Anh\DO AN 2\SMARTHOME\.gradle\checksums)" [_thread_blocked, id=11080, stack(0x000000ef3ff00000,0x000000ef40000000)]
  0x0000020c563ec000 JavaThread "Cache worker for cache directory md-supplier (C:\Users\NHAT_HOANG\.gradle\caches\7.0.2\md-supplier)" [_thread_blocked, id=11128, stack(0x000000ef40000000,0x000000ef40100000)]
  0x0000020c59051000 JavaThread "Cache worker for cache directory md-rule (C:\Users\NHAT_HOANG\.gradle\caches\7.0.2\md-rule)" [_thread_blocked, id=7396, stack(0x000000ef40200000,0x000000ef40300000)]
  0x0000020c59050000 JavaThread "Cache worker for execution history cache (C:\Users\NHAT_HOANG\.gradle\caches\7.0.2\executionHistory)" [_thread_blocked, id=13140, stack(0x000000ef40300000,0x000000ef40400000)]
  0x0000020c5904d000 JavaThread "jar transforms" [_thread_blocked, id=424, stack(0x000000ef40400000,0x000000ef40500000)]
  0x0000020c59052000 JavaThread "jar transforms Thread 2" [_thread_blocked, id=1876, stack(0x000000ef40500000,0x000000ef40600000)]
  0x0000020c5904e800 JavaThread "Cache worker for file content cache (C:\Users\NHAT_HOANG\.gradle\caches\7.0.2\fileContent)" [_thread_blocked, id=12192, stack(0x000000ef40600000,0x000000ef40700000)]
  0x0000020c5904d800 JavaThread "Cache worker for dependencies-accessors (G:\Lan Anh\DO AN 2\SMARTHOME\.gradle\7.0.2\dependencies-accessors)" [_thread_blocked, id=10160, stack(0x000000ef40700000,0x000000ef40800000)]
  0x0000020c59056800 JavaThread "jar transforms Thread 3" [_thread_blocked, id=12700, stack(0x000000ef40800000,0x000000ef40900000)]
  0x0000020c59057800 JavaThread "Cache worker for Build Output Cleanup Cache (G:\Lan Anh\DO AN 2\SMARTHOME\.gradle\buildOutputCleanup)" [_thread_blocked, id=14216, stack(0x000000ef40900000,0x000000ef40a00000)]
  0x0000020c59058800 JavaThread "Build operations" [_thread_blocked, id=12324, stack(0x000000ef40a00000,0x000000ef40b00000)]
  0x0000020c59059000 JavaThread "Build operations Thread 2" [_thread_blocked, id=6016, stack(0x000000ef40b00000,0x000000ef40c00000)]
  0x0000020c59054000 JavaThread "Build operations Thread 3" [_thread_blocked, id=9584, stack(0x000000ef40c00000,0x000000ef40d00000)]
  0x0000020c5905a000 JavaThread "Build operations Thread 4" [_thread_blocked, id=4888, stack(0x000000ef40d00000,0x000000ef40e00000)]
  0x0000020c5905b000 JavaThread "Build operations Thread 5" [_thread_blocked, id=7988, stack(0x000000ef40e00000,0x000000ef40f00000)]
  0x0000020c59055000 JavaThread "Build operations Thread 6" [_thread_blocked, id=11852, stack(0x000000ef40f00000,0x000000ef41000000)]
  0x0000020c5905b800 JavaThread "Build operations Thread 7" [_thread_blocked, id=6868, stack(0x000000ef41000000,0x000000ef41100000)]
  0x0000020c59056000 JavaThread "Build operations Thread 8" [_thread_blocked, id=11092, stack(0x000000ef41100000,0x000000ef41200000)]
  0x0000020c559a9800 JavaThread "jar transforms Thread 4" [_thread_blocked, id=11320, stack(0x000000ef41200000,0x000000ef41300000)]
  0x0000020c559aa800 JavaThread "jar transforms Thread 5" [_thread_blocked, id=7296, stack(0x000000ef41300000,0x000000ef41400000)]
  0x0000020c559a6800 JavaThread "jar transforms Thread 6" [_thread_blocked, id=7340, stack(0x000000ef41400000,0x000000ef41500000)]
  0x0000020c559a7000 JavaThread "jar transforms Thread 7" [_thread_blocked, id=10476, stack(0x000000ef41500000,0x000000ef41600000)]
  0x0000020c559a8000 JavaThread "jar transforms Thread 8" [_thread_blocked, id=4904, stack(0x000000ef41600000,0x000000ef41700000)]
  0x0000020c5a256000 JavaThread "C2 CompilerThread1" daemon [_thread_blocked, id=260, stack(0x000000ef3fb00000,0x000000ef3fc00000)]
=>0x0000020c5a30b000 JavaThread "C2 CompilerThread2" daemon [_thread_in_native, id=6548, stack(0x000000ef40100000,0x000000ef40200000)]
  0x0000020c559a9000 JavaThread "Memory manager" [_thread_blocked, id=13564, stack(0x000000ef41700000,0x000000ef41800000)]
  0x0000020c5b582800 JavaThread "build event listener" [_thread_blocked, id=10692, stack(0x000000ef41800000,0x000000ef41900000)]
  0x0000020c5b57f000 JavaThread "Execution worker for ':'" [_thread_blocked, id=3948, stack(0x000000ef41900000,0x000000ef41a00000)]
  0x0000020c5b580000 JavaThread "Execution worker for ':' Thread 2" [_thread_blocked, id=13728, stack(0x000000ef41a00000,0x000000ef41b00000)]
  0x0000020c5b580800 JavaThread "Execution worker for ':' Thread 3" [_thread_blocked, id=9380, stack(0x000000ef41b00000,0x000000ef41c00000)]
  0x0000020c5b583000 JavaThread "Execution worker for ':' Thread 4" [_thread_blocked, id=2032, stack(0x000000ef41c00000,0x000000ef41d00000)]
  0x0000020c5b581800 JavaThread "Execution worker for ':' Thread 5" [_thread_blocked, id=3928, stack(0x000000ef41d00000,0x000000ef41e00000)]
  0x0000020c5b584000 JavaThread "Execution worker for ':' Thread 6" [_thread_blocked, id=10560, stack(0x000000ef41e00000,0x000000ef41f00000)]
  0x0000020c5b57e800 JavaThread "Execution worker for ':' Thread 7" [_thread_blocked, id=5132, stack(0x000000ef41f00000,0x000000ef42000000)]
  0x0000020c5b586800 JavaThread "Cache worker for execution history cache (G:\Lan Anh\DO AN 2\SMARTHOME\.gradle\7.0.2\executionHistory)" [_thread_blocked, id=6456, stack(0x000000ef42000000,0x000000ef42100000)]
  0x0000020c5b585800 JavaThread "WorkerExecutor Queue" [_thread_blocked, id=10596, stack(0x000000ef42500000,0x000000ef42600000)]
  0x0000020c5b589800 JavaThread "WorkerExecutor Queue Thread 2" [_thread_blocked, id=10608, stack(0x000000ef42600000,0x000000ef42700000)]
  0x0000020c5b585000 JavaThread "WorkerExecutor Queue Thread 3" [_thread_in_vm, id=10644, stack(0x000000ef42700000,0x000000ef42800000)]
  0x0000020c5b588000 JavaThread "WorkerExecutor Queue Thread 4" [_thread_blocked, id=10616, stack(0x000000ef42800000,0x000000ef42900000)]

Other Threads:
  0x0000020c52da5000 VMThread "VM Thread" [stack: 0x000000ef3db00000,0x000000ef3dc00000] [id=14076]
  0x0000020c537be800 WatcherThread [stack: 0x000000ef3e500000,0x000000ef3e600000] [id=9476]
  0x0000020c38936800 GCTaskThread "GC Thread#0" [stack: 0x000000ef3d600000,0x000000ef3d700000] [id=9324]
  0x0000020c5459b800 GCTaskThread "GC Thread#1" [stack: 0x000000ef3e800000,0x000000ef3e900000] [id=13872]
  0x0000020c54506800 GCTaskThread "GC Thread#2" [stack: 0x000000ef3e900000,0x000000ef3ea00000] [id=2752]
  0x0000020c54fba800 GCTaskThread "GC Thread#3" [stack: 0x000000ef3f200000,0x000000ef3f300000] [id=3404]
  0x0000020c563d9800 GCTaskThread "GC Thread#4" [stack: 0x000000ef3f300000,0x000000ef3f400000] [id=4064]
  0x0000020c563da800 GCTaskThread "GC Thread#5" [stack: 0x000000ef3f400000,0x000000ef3f500000] [id=7016]
  0x0000020c55589000 GCTaskThread "GC Thread#6" [stack: 0x000000ef3f500000,0x000000ef3f600000] [id=7308]
  0x0000020c5558a000 GCTaskThread "GC Thread#7" [stack: 0x000000ef3f600000,0x000000ef3f700000] [id=11392]
  0x0000020c38968000 ConcurrentGCThread "G1 Main Marker" [stack: 0x000000ef3d700000,0x000000ef3d800000] [id=12936]
  0x0000020c38969000 ConcurrentGCThread "G1 Conc#0" [stack: 0x000000ef3d800000,0x000000ef3d900000] [id=8196]
  0x0000020c55d05000 ConcurrentGCThread "G1 Conc#1" [stack: 0x000000ef3f900000,0x000000ef3fa00000] [id=12980]
  0x0000020c389fd800 ConcurrentGCThread "G1 Refine#0" [stack: 0x000000ef3d900000,0x000000ef3da00000] [id=11716]
  0x0000020c56252000 ConcurrentGCThread "G1 Refine#1" [stack: 0x000000ef42100000,0x000000ef42200000] [id=9564]
  0x0000020c56253800 ConcurrentGCThread "G1 Refine#2" [stack: 0x000000ef42200000,0x000000ef42300000] [id=12204]
  0x0000020c56250800 ConcurrentGCThread "G1 Refine#3" [stack: 0x000000ef42300000,0x000000ef42400000] [id=6176]
  0x0000020c56251800 ConcurrentGCThread "G1 Refine#4" [stack: 0x000000ef42400000,0x000000ef42500000] [id=10852]
  0x0000020c52bf0800 ConcurrentGCThread "G1 Young RemSet Sampling" [stack: 0x000000ef3da00000,0x000000ef3db00000] [id=8372]

Threads with active compile tasks:
C2 CompilerThread0  14382 9333       4       org.apache.xerces.dom.DeferredDocumentImpl::getNodeValueString (414 bytes)
C2 CompilerThread1  14383 9429       4       org.gradle.internal.snapshot.ChildMap$Entry::handleAncestorDescendantOrExactMatch (110 bytes)
C2 CompilerThread2  14383 9380       4       com.android.utils.XmlUtils::append (647 bytes)

VM state:synchronizing (normal execution)

VM Mutex/Monitor currently owned by a thread:  ([mutex/lock_event])
[0x0000020c3891c2f0] Threads_lock - owner thread: 0x0000020c52da5000

Heap address: 0x0000000080000000, size: 2048 MB, Compressed Oops mode: 32-bit
Narrow klass base: 0x0000000000000000, Narrow klass shift: 3
Compressed class space size: 1073741824 Address: 0x0000000100000000

Heap:
 garbage-first heap   total 155648K, used 108706K [0x0000000080000000, 0x0000000100000000)
  region size 1024K, 15 young (15360K), 8 survivors (8192K)
 Metaspace       used 82503K, capacity 84599K, committed 84812K, reserved 1122304K
  class space    used 10693K, capacity 11484K, committed 11596K, reserved 1048576K
Heap Regions: E=young(eden), S=young(survivor), O=old, HS=humongous(starts), HC=humongous(continues), CS=collection set, F=free, A=archive, TAMS=top-at-mark-start (previous, next)
|   0|0x0000000080000000, 0x0000000080100000, 0x0000000080100000|100%| O|  |TAMS 0x0000000080100000, 0x0000000080000000| Updating 
|   1|0x0000000080100000, 0x0000000080200000, 0x0000000080200000|100%| O|  |TAMS 0x0000000080200000, 0x0000000080100000| Updating 
|   2|0x0000000080200000, 0x0000000080300000, 0x0000000080300000|100%| O|  |TAMS 0x0000000080300000, 0x0000000080200000| Updating 
|   3|0x0000000080300000, 0x0000000080400000, 0x0000000080400000|100%|HS|  |TAMS 0x0000000080400000, 0x0000000080300000| Complete 
|   4|0x0000000080400000, 0x0000000080500000, 0x0000000080500000|100%|HC|  |TAMS 0x0000000080500000, 0x0000000080400000| Complete 
|   5|0x0000000080500000, 0x0000000080600000, 0x0000000080600000|100%|HC|  |TAMS 0x0000000080600000, 0x0000000080500000| Complete 
|   6|0x0000000080600000, 0x0000000080700000, 0x0000000080700000|100%| O|  |TAMS 0x0000000080700000, 0x0000000080600000| Updating 
|   7|0x0000000080700000, 0x0000000080800000, 0x0000000080800000|100%| O|  |TAMS 0x0000000080800000, 0x0000000080700000| Updating 
|   8|0x0000000080800000, 0x0000000080900000, 0x0000000080900000|100%| O|  |TAMS 0x0000000080900000, 0x0000000080800000| Updating 
|   9|0x0000000080900000, 0x0000000080a00000, 0x0000000080a00000|100%| O|  |TAMS 0x0000000080a00000, 0x0000000080900000| Updating 
|  10|0x0000000080a00000, 0x0000000080b00000, 0x0000000080b00000|100%| O|  |TAMS 0x0000000080b00000, 0x0000000080a00000| Updating 
|  11|0x0000000080b00000, 0x0000000080c00000, 0x0000000080c00000|100%| O|  |TAMS 0x0000000080c00000, 0x0000000080b00000| Updating 
|  12|0x0000000080c00000, 0x0000000080d00000, 0x0000000080d00000|100%| O|  |TAMS 0x0000000080d00000, 0x0000000080c00000| Updating 
|  13|0x0000000080d00000, 0x0000000080e00000, 0x0000000080e00000|100%| O|  |TAMS 0x0000000080e00000, 0x0000000080d00000| Updating 
|  14|0x0000000080e00000, 0x0000000080f00000, 0x0000000080f00000|100%| O|  |TAMS 0x0000000080f00000, 0x0000000080e00000| Updating 
|  15|0x0000000080f00000, 0x0000000081000000, 0x0000000081000000|100%| O|  |TAMS 0x0000000081000000, 0x0000000080f00000| Updating 
|  16|0x0000000081000000, 0x0000000081100000, 0x0000000081100000|100%| O|  |TAMS 0x0000000081100000, 0x0000000081000000| Updating 
|  17|0x0000000081100000, 0x0000000081200000, 0x0000000081200000|100%|HS|  |TAMS 0x0000000081200000, 0x0000000081100000| Complete 
|  18|0x0000000081200000, 0x0000000081300000, 0x0000000081300000|100%| O|  |TAMS 0x0000000081300000, 0x0000000081200000| Updating 
|  19|0x0000000081300000, 0x0000000081400000, 0x0000000081400000|100%| O|  |TAMS 0x0000000081400000, 0x0000000081300000| Updating 
|  20|0x0000000081400000, 0x0000000081500000, 0x0000000081500000|100%| O|  |TAMS 0x0000000081500000, 0x0000000081400000| Updating 
|  21|0x0000000081500000, 0x0000000081600000, 0x0000000081600000|100%| O|  |TAMS 0x0000000081600000, 0x0000000081500000| Updating 
|  22|0x0000000081600000, 0x0000000081700000, 0x0000000081700000|100%| O|  |TAMS 0x0000000081700000, 0x0000000081600000| Updating 
|  23|0x0000000081700000, 0x0000000081800000, 0x0000000081800000|100%| O|  |TAMS 0x0000000081800000, 0x0000000081700000| Updating 
|  24|0x0000000081800000, 0x0000000081900000, 0x0000000081900000|100%|HS|  |TAMS 0x0000000081900000, 0x0000000081800000| Complete 
|  25|0x0000000081900000, 0x0000000081a00000, 0x0000000081a00000|100%|HS|  |TAMS 0x0000000081a00000, 0x0000000081900000| Complete 
|  26|0x0000000081a00000, 0x0000000081b00000, 0x0000000081b00000|100%|HC|  |TAMS 0x0000000081b00000, 0x0000000081a00000| Complete 
|  27|0x0000000081b00000, 0x0000000081c00000, 0x0000000081c00000|100%| O|  |TAMS 0x0000000081c00000, 0x0000000081b00000| Updating 
|  28|0x0000000081c00000, 0x0000000081d00000, 0x0000000081d00000|100%| O|  |TAMS 0x0000000081d00000, 0x0000000081c00000| Updating 
|  29|0x0000000081d00000, 0x0000000081e00000, 0x0000000081e00000|100%| O|  |TAMS 0x0000000081e00000, 0x0000000081d00000| Updating 
|  30|0x0000000081e00000, 0x0000000081f00000, 0x0000000081f00000|100%| O|  |TAMS 0x0000000081f00000, 0x0000000081e00000| Updating 
|  31|0x0000000081f00000, 0x0000000082000000, 0x0000000082000000|100%| O|  |TAMS 0x0000000082000000, 0x0000000081f00000| Updating 
|  32|0x0000000082000000, 0x0000000082100000, 0x0000000082100000|100%| O|  |TAMS 0x0000000082100000, 0x0000000082000000| Updating 
|  33|0x0000000082100000, 0x0000000082200000, 0x0000000082200000|100%| O|  |TAMS 0x0000000082200000, 0x0000000082100000| Updating 
|  34|0x0000000082200000, 0x0000000082300000, 0x0000000082300000|100%| O|  |TAMS 0x0000000082300000, 0x0000000082200000| Updating 
|  35|0x0000000082300000, 0x0000000082400000, 0x0000000082400000|100%| O|  |TAMS 0x0000000082400000, 0x0000000082300000| Updating 
|  36|0x0000000082400000, 0x0000000082500000, 0x0000000082500000|100%| O|  |TAMS 0x0000000082500000, 0x0000000082400000| Updating 
|  37|0x0000000082500000, 0x0000000082600000, 0x0000000082600000|100%| O|  |TAMS 0x0000000082600000, 0x0000000082500000| Updating 
|  38|0x0000000082600000, 0x0000000082700000, 0x0000000082700000|100%| O|  |TAMS 0x0000000082700000, 0x0000000082600000| Updating 
|  39|0x0000000082700000, 0x0000000082800000, 0x0000000082800000|100%| O|  |TAMS 0x0000000082800000, 0x0000000082700000| Updating 
|  40|0x0000000082800000, 0x0000000082900000, 0x0000000082900000|100%| O|  |TAMS 0x0000000082900000, 0x0000000082800000| Updating 
|  41|0x0000000082900000, 0x0000000082a00000, 0x0000000082a00000|100%| O|  |TAMS 0x0000000082a00000, 0x0000000082900000| Updating 
|  42|0x0000000082a00000, 0x0000000082b00000, 0x0000000082b00000|100%| O|  |TAMS 0x0000000082b00000, 0x0000000082a00000| Updating 
|  43|0x0000000082b00000, 0x0000000082c00000, 0x0000000082c00000|100%| O|  |TAMS 0x0000000082c00000, 0x0000000082b00000| Updating 
|  44|0x0000000082c00000, 0x0000000082d00000, 0x0000000082d00000|100%| O|  |TAMS 0x0000000082d00000, 0x0000000082c00000| Updating 
|  45|0x0000000082d00000, 0x0000000082e00000, 0x0000000082e00000|100%| O|  |TAMS 0x0000000082e00000, 0x0000000082d00000| Updating 
|  46|0x0000000082e00000, 0x0000000082f00000, 0x0000000082f00000|100%| O|  |TAMS 0x0000000082f00000, 0x0000000082e00000| Updating 
|  47|0x0000000082f00000, 0x0000000083000000, 0x0000000083000000|100%| O|  |TAMS 0x0000000083000000, 0x0000000082f00000| Updating 
|  48|0x0000000083000000, 0x0000000083100000, 0x0000000083100000|100%| O|  |TAMS 0x0000000083100000, 0x0000000083000000| Updating 
|  49|0x0000000083100000, 0x0000000083200000, 0x0000000083200000|100%| O|  |TAMS 0x0000000083200000, 0x0000000083100000| Updating 
|  50|0x0000000083200000, 0x0000000083300000, 0x0000000083300000|100%| O|  |TAMS 0x0000000083300000, 0x0000000083200000| Updating 
|  51|0x0000000083300000, 0x0000000083400000, 0x0000000083400000|100%| O|  |TAMS 0x0000000083400000, 0x0000000083300000| Updating 
|  52|0x0000000083400000, 0x0000000083500000, 0x0000000083500000|100%| O|  |TAMS 0x0000000083500000, 0x0000000083400000| Updating 
|  53|0x0000000083500000, 0x0000000083600000, 0x0000000083600000|100%| O|  |TAMS 0x0000000083600000, 0x0000000083500000| Updating 
|  54|0x0000000083600000, 0x0000000083700000, 0x0000000083700000|100%| O|  |TAMS 0x0000000083700000, 0x0000000083600000| Updating 
|  55|0x0000000083700000, 0x0000000083800000, 0x0000000083800000|100%| O|  |TAMS 0x0000000083800000, 0x0000000083700000| Updating 
|  56|0x0000000083800000, 0x0000000083900000, 0x0000000083900000|100%| O|  |TAMS 0x0000000083900000, 0x0000000083800000| Updating 
|  57|0x0000000083900000, 0x0000000083a00000, 0x0000000083a00000|100%| O|  |TAMS 0x0000000083a00000, 0x0000000083900000| Updating 
|  58|0x0000000083a00000, 0x0000000083b00000, 0x0000000083b00000|100%| O|  |TAMS 0x0000000083b00000, 0x0000000083a00000| Updating 
|  59|0x0000000083b00000, 0x0000000083c00000, 0x0000000083c00000|100%| O|  |TAMS 0x0000000083c00000, 0x0000000083b00000| Updating 
|  60|0x0000000083c00000, 0x0000000083d00000, 0x0000000083d00000|100%| O|  |TAMS 0x0000000083d00000, 0x0000000083c00000| Updating 
|  61|0x0000000083d00000, 0x0000000083e00000, 0x0000000083e00000|100%| O|  |TAMS 0x0000000083e00000, 0x0000000083d00000| Updating 
|  62|0x0000000083e00000, 0x0000000083f00000, 0x0000000083f00000|100%| O|  |TAMS 0x0000000083f00000, 0x0000000083e00000| Updating 
|  63|0x0000000083f00000, 0x0000000084000000, 0x0000000084000000|100%|HS|  |TAMS 0x0000000083f00000, 0x0000000083f00000| Complete 
|  64|0x0000000084000000, 0x0000000084100000, 0x0000000084100000|100%|HC|  |TAMS 0x0000000084000000, 0x0000000084000000| Complete 
|  65|0x0000000084100000, 0x0000000084200000, 0x0000000084200000|100%|HS|  |TAMS 0x0000000084100000, 0x0000000084100000| Complete 
|  66|0x0000000084200000, 0x0000000084300000, 0x0000000084300000|100%|HS|  |TAMS 0x0000000084300000, 0x0000000084200000| Complete 
|  67|0x0000000084300000, 0x0000000084400000, 0x0000000084400000|100%|HC|  |TAMS 0x0000000084400000, 0x0000000084300000| Complete 
|  68|0x0000000084400000, 0x0000000084500000, 0x0000000084500000|100%| O|  |TAMS 0x0000000084500000, 0x0000000084400000| Updating 
|  69|0x0000000084500000, 0x0000000084600000, 0x0000000084600000|100%| O|  |TAMS 0x0000000084600000, 0x0000000084500000| Updating 
|  70|0x0000000084600000, 0x0000000084700000, 0x0000000084700000|100%| O|  |TAMS 0x0000000084700000, 0x0000000084600000| Updating 
|  71|0x0000000084700000, 0x0000000084800000, 0x0000000084800000|100%| O|  |TAMS 0x0000000084800000, 0x0000000084700000| Updating 
|  72|0x0000000084800000, 0x0000000084900000, 0x0000000084900000|100%| O|  |TAMS 0x0000000084900000, 0x0000000084800000| Updating 
|  73|0x0000000084900000, 0x0000000084a00000, 0x0000000084a00000|100%| O|  |TAMS 0x0000000084a00000, 0x0000000084900000| Updating 
|  74|0x0000000084a00000, 0x0000000084b00000, 0x0000000084b00000|100%| O|  |TAMS 0x0000000084b00000, 0x0000000084a00000| Updating 
|  75|0x0000000084b00000, 0x0000000084c00000, 0x0000000084c00000|100%| O|  |TAMS 0x0000000084c00000, 0x0000000084b00000| Updating 
|  76|0x0000000084c00000, 0x0000000084d00000, 0x0000000084d00000|100%| O|  |TAMS 0x0000000084d00000, 0x0000000084c00000| Updating 
|  77|0x0000000084d00000, 0x0000000084e00000, 0x0000000084e00000|100%| O|  |TAMS 0x0000000084e00000, 0x0000000084d00000| Updating 
|  78|0x0000000084e00000, 0x0000000084f00000, 0x0000000084f00000|100%| O|  |TAMS 0x0000000084f00000, 0x0000000084e00000| Updating 
|  79|0x0000000084f00000, 0x0000000085000000, 0x0000000085000000|100%| O|  |TAMS 0x0000000085000000, 0x0000000084f00000| Updating 
|  80|0x0000000085000000, 0x0000000085100000, 0x0000000085100000|100%| O|  |TAMS 0x0000000085100000, 0x0000000085000000| Updating 
|  81|0x0000000085100000, 0x0000000085200000, 0x0000000085200000|100%| O|  |TAMS 0x0000000085200000, 0x0000000085100000| Updating 
|  82|0x0000000085200000, 0x0000000085228a00, 0x0000000085300000| 15%| O|  |TAMS 0x0000000085228a00, 0x0000000085200000| Updating 
|  83|0x0000000085300000, 0x0000000085400000, 0x0000000085400000|100%|HS|  |TAMS 0x0000000085300000, 0x0000000085300000| Complete 
|  84|0x0000000085400000, 0x0000000085500000, 0x0000000085500000|100%|HC|  |TAMS 0x0000000085400000, 0x0000000085400000| Complete 
|  85|0x0000000085500000, 0x0000000085600000, 0x0000000085600000|100%|HC|  |TAMS 0x0000000085500000, 0x0000000085500000| Complete 
|  86|0x0000000085600000, 0x0000000085700000, 0x0000000085700000|100%|HC|  |TAMS 0x0000000085600000, 0x0000000085600000| Complete 
|  87|0x0000000085700000, 0x0000000085800000, 0x0000000085800000|100%|HS|  |TAMS 0x0000000085700000, 0x0000000085700000| Complete 
|  88|0x0000000085800000, 0x0000000085900000, 0x0000000085900000|100%|HC|  |TAMS 0x0000000085800000, 0x0000000085800000| Complete 
|  89|0x0000000085900000, 0x0000000085a00000, 0x0000000085a00000|100%|HC|  |TAMS 0x0000000085900000, 0x0000000085900000| Complete 
|  90|0x0000000085a00000, 0x0000000085b00000, 0x0000000085b00000|100%|HS|  |TAMS 0x0000000085a00000, 0x0000000085a00000| Complete 
|  91|0x0000000085b00000, 0x0000000085c00000, 0x0000000085c00000|100%|HC|  |TAMS 0x0000000085b00000, 0x0000000085b00000| Complete 
|  92|0x0000000085c00000, 0x0000000085d00000, 0x0000000085d00000|100%|HC|  |TAMS 0x0000000085c00000, 0x0000000085c00000| Complete 
|  93|0x0000000085d00000, 0x0000000085e00000, 0x0000000085e00000|100%|HS|  |TAMS 0x0000000085d00000, 0x0000000085d00000| Complete 
|  94|0x0000000085e00000, 0x0000000085e00000, 0x0000000085f00000|  0%| F|  |TAMS 0x0000000085e00000, 0x0000000085e00000| Untracked 
|  95|0x0000000085f00000, 0x0000000086000000, 0x0000000086000000|100%| S|CS|TAMS 0x0000000085f00000, 0x0000000085f00000| Complete 
|  96|0x0000000086000000, 0x0000000086100000, 0x0000000086100000|100%| S|CS|TAMS 0x0000000086000000, 0x0000000086000000| Complete 
|  97|0x0000000086100000, 0x0000000086200000, 0x0000000086200000|100%| S|CS|TAMS 0x0000000086100000, 0x0000000086100000| Complete 
|  98|0x0000000086200000, 0x0000000086300000, 0x0000000086300000|100%| S|CS|TAMS 0x0000000086200000, 0x0000000086200000| Complete 
|  99|0x0000000086300000, 0x0000000086400000, 0x0000000086400000|100%| S|CS|TAMS 0x0000000086300000, 0x0000000086300000| Complete 
| 100|0x0000000086400000, 0x0000000086500000, 0x0000000086500000|100%| S|CS|TAMS 0x0000000086400000, 0x0000000086400000| Complete 
| 101|0x0000000086500000, 0x0000000086600000, 0x0000000086600000|100%| S|CS|TAMS 0x0000000086500000, 0x0000000086500000| Complete 
| 102|0x0000000086600000, 0x0000000086700000, 0x0000000086700000|100%| S|CS|TAMS 0x0000000086600000, 0x0000000086600000| Complete 
| 103|0x0000000086700000, 0x0000000086700000, 0x0000000086800000|  0%| F|  |TAMS 0x0000000086700000, 0x0000000086700000| Untracked 
| 104|0x0000000086800000, 0x0000000086800000, 0x0000000086900000|  0%| F|  |TAMS 0x0000000086800000, 0x0000000086800000| Untracked 
| 105|0x0000000086900000, 0x0000000086900000, 0x0000000086a00000|  0%| F|  |TAMS 0x0000000086900000, 0x0000000086900000| Untracked 
| 106|0x0000000086a00000, 0x0000000086a00000, 0x0000000086b00000|  0%| F|  |TAMS 0x0000000086a00000, 0x0000000086a00000| Untracked 
| 107|0x0000000086b00000, 0x0000000086b00000, 0x0000000086c00000|  0%| F|  |TAMS 0x0000000086b00000, 0x0000000086b00000| Untracked 
| 108|0x0000000086c00000, 0x0000000086c00000, 0x0000000086d00000|  0%| F|  |TAMS 0x0000000086c00000, 0x0000000086c00000| Untracked 
| 109|0x0000000086d00000, 0x0000000086d00000, 0x0000000086e00000|  0%| F|  |TAMS 0x0000000086d00000, 0x0000000086d00000| Untracked 
| 110|0x0000000086e00000, 0x0000000086e00000, 0x0000000086f00000|  0%| F|  |TAMS 0x0000000086e00000, 0x0000000086e00000| Untracked 
| 111|0x0000000086f00000, 0x0000000086f00000, 0x0000000087000000|  0%| F|  |TAMS 0x0000000086f00000, 0x0000000086f00000| Untracked 
| 112|0x0000000087000000, 0x0000000087000000, 0x0000000087100000|  0%| F|  |TAMS 0x0000000087000000, 0x0000000087000000| Untracked 
| 113|0x0000000087100000, 0x0000000087100000, 0x0000000087200000|  0%| F|  |TAMS 0x0000000087100000, 0x0000000087100000| Untracked 
| 114|0x0000000087200000, 0x0000000087200000, 0x0000000087300000|  0%| F|  |TAMS 0x0000000087200000, 0x0000000087200000| Untracked 
| 115|0x0000000087300000, 0x0000000087300000, 0x0000000087400000|  0%| F|  |TAMS 0x0000000087300000, 0x0000000087300000| Untracked 
| 116|0x0000000087400000, 0x0000000087400000, 0x0000000087500000|  0%| F|  |TAMS 0x0000000087400000, 0x0000000087400000| Untracked 
| 117|0x0000000087500000, 0x0000000087500000, 0x0000000087600000|  0%| F|  |TAMS 0x0000000087500000, 0x0000000087500000| Untracked 
| 118|0x0000000087600000, 0x0000000087600000, 0x0000000087700000|  0%| F|  |TAMS 0x0000000087600000, 0x0000000087600000| Untracked 
| 119|0x0000000087700000, 0x0000000087700000, 0x0000000087800000|  0%| F|  |TAMS 0x0000000087700000, 0x0000000087700000| Untracked 
| 120|0x0000000087800000, 0x0000000087800000, 0x0000000087900000|  0%| F|  |TAMS 0x0000000087800000, 0x0000000087800000| Untracked 
| 121|0x0000000087900000, 0x0000000087900000, 0x0000000087a00000|  0%| F|  |TAMS 0x0000000087900000, 0x0000000087900000| Untracked 
| 122|0x0000000087a00000, 0x0000000087a00000, 0x0000000087b00000|  0%| F|  |TAMS 0x0000000087a00000, 0x0000000087a00000| Untracked 
| 123|0x0000000087b00000, 0x0000000087b00000, 0x0000000087c00000|  0%| F|  |TAMS 0x0000000087b00000, 0x0000000087b00000| Untracked 
| 124|0x0000000087c00000, 0x0000000087c00000, 0x0000000087d00000|  0%| F|  |TAMS 0x0000000087c00000, 0x0000000087c00000| Untracked 
| 125|0x0000000087d00000, 0x0000000087d00000, 0x0000000087e00000|  0%| F|  |TAMS 0x0000000087d00000, 0x0000000087d00000| Untracked 
| 126|0x0000000087e00000, 0x0000000087e00000, 0x0000000087f00000|  0%| F|  |TAMS 0x0000000087e00000, 0x0000000087e00000| Untracked 
| 127|0x0000000087f00000, 0x0000000087f00000, 0x0000000088000000|  0%| F|  |TAMS 0x0000000087f00000, 0x0000000087f00000| Untracked 
| 128|0x0000000088000000, 0x0000000088000000, 0x0000000088100000|  0%| F|  |TAMS 0x0000000088000000, 0x0000000088000000| Untracked 
| 129|0x0000000088100000, 0x0000000088100000, 0x0000000088200000|  0%| F|  |TAMS 0x0000000088100000, 0x0000000088100000| Untracked 
| 130|0x0000000088200000, 0x0000000088200000, 0x0000000088300000|  0%| F|  |TAMS 0x0000000088200000, 0x0000000088200000| Untracked 
| 131|0x0000000088300000, 0x0000000088300000, 0x0000000088400000|  0%| F|  |TAMS 0x0000000088300000, 0x0000000088300000| Untracked 
| 132|0x0000000088400000, 0x0000000088400000, 0x0000000088500000|  0%| F|  |TAMS 0x0000000088400000, 0x0000000088400000| Untracked 
| 133|0x0000000088500000, 0x0000000088500000, 0x0000000088600000|  0%| F|  |TAMS 0x0000000088500000, 0x0000000088500000| Untracked 
| 134|0x0000000088600000, 0x0000000088600000, 0x0000000088700000|  0%| F|  |TAMS 0x0000000088600000, 0x0000000088600000| Untracked 
| 135|0x0000000088700000, 0x0000000088700000, 0x0000000088800000|  0%| F|  |TAMS 0x0000000088700000, 0x0000000088700000| Untracked 
| 136|0x0000000088800000, 0x0000000088800000, 0x0000000088900000|  0%| F|  |TAMS 0x0000000088800000, 0x0000000088800000| Untracked 
| 137|0x0000000088900000, 0x0000000088900000, 0x0000000088a00000|  0%| F|  |TAMS 0x0000000088900000, 0x0000000088900000| Untracked 
| 138|0x0000000088a00000, 0x0000000088a00000, 0x0000000088b00000|  0%| F|  |TAMS 0x0000000088a00000, 0x0000000088a00000| Untracked 
| 139|0x0000000088b00000, 0x0000000088b00000, 0x0000000088c00000|  0%| F|  |TAMS 0x0000000088b00000, 0x0000000088b00000| Untracked 
| 140|0x0000000088c00000, 0x0000000088c00000, 0x0000000088d00000|  0%| F|  |TAMS 0x0000000088c00000, 0x0000000088c00000| Untracked 
| 141|0x0000000088d00000, 0x0000000088d00000, 0x0000000088e00000|  0%| F|  |TAMS 0x0000000088d00000, 0x0000000088d00000| Untracked 
| 142|0x0000000088e00000, 0x0000000088e00000, 0x0000000088f00000|  0%| F|  |TAMS 0x0000000088e00000, 0x0000000088e00000| Untracked 
| 143|0x0000000088f00000, 0x0000000088f00000, 0x0000000089000000|  0%| F|  |TAMS 0x0000000088f00000, 0x0000000088f00000| Untracked 
| 144|0x0000000089000000, 0x0000000089031138, 0x0000000089100000| 19%| E|  |TAMS 0x0000000089000000, 0x0000000089000000| Complete 
| 145|0x0000000089100000, 0x0000000089200000, 0x0000000089200000|100%| E|CS|TAMS 0x0000000089100000, 0x0000000089100000| Complete 
| 146|0x0000000089200000, 0x00000000892fff60, 0x0000000089300000| 99%| E|  |TAMS 0x0000000089200000, 0x0000000089200000| Complete 
| 147|0x0000000089300000, 0x0000000089400000, 0x0000000089400000|100%| E|CS|TAMS 0x0000000089300000, 0x0000000089300000| Complete 
| 148|0x0000000089400000, 0x0000000089500000, 0x0000000089500000|100%| E|CS|TAMS 0x0000000089400000, 0x0000000089400000| Complete 
| 149|0x0000000089500000, 0x0000000089600000, 0x0000000089600000|100%| E|CS|TAMS 0x0000000089500000, 0x0000000089500000| Complete 
| 150|0x0000000089600000, 0x0000000089700000, 0x0000000089700000|100%| E|CS|TAMS 0x0000000089600000, 0x0000000089600000| Complete 
| 151|0x0000000089700000, 0x0000000089800000, 0x0000000089800000|100%| E|CS|TAMS 0x0000000089700000, 0x0000000089700000| Complete 

Card table byte_map: [0x0000020c4bb40000,0x0000020c4bf40000] _byte_map_base: 0x0000020c4b740000

Marking Bits (Prev, Next): (CMBitMap*) 0x0000020c3895f350, (CMBitMap*) 0x0000020c3895f318
 Prev Bits: [0x0000020c4e340000, 0x0000020c50340000)
 Next Bits: [0x0000020c4c340000, 0x0000020c4e340000)

Polling page: 0x0000020c36900000

Metaspace:

Usage:
  Non-class:     71.46 MB capacity,    70.18 MB ( 98%) used,     1.06 MB (  1%) free+waste,   231.75 KB ( <1%) overhead. 
      Class:     11.21 MB capacity,    10.45 MB ( 93%) used,   680.70 KB (  6%) free+waste,   106.69 KB ( <1%) overhead. 
       Both:     82.68 MB capacity,    80.62 MB ( 98%) used,     1.73 MB (  2%) free+waste,   338.44 KB ( <1%) overhead. 

Virtual space:
  Non-class space:       72.00 MB reserved,      71.50 MB (>99%) committed 
      Class space:        1.00 GB reserved,      11.32 MB (  1%) committed 
             Both:        1.07 GB reserved,      82.82 MB (  8%) committed 

Chunk freelists:
   Non-Class:  35.00 KB
       Class:  4.00 KB
        Both:  39.00 KB

MaxMetaspaceSize: 17179869184.00 GB
CompressedClassSpaceSize: 1.00 GB

CodeHeap 'non-profiled nmethods': size=120000Kb used=6124Kb max_used=6124Kb free=113876Kb
 bounds [0x0000020c43ee0000, 0x0000020c444e0000, 0x0000020c4b410000]
CodeHeap 'profiled nmethods': size=120000Kb used=20503Kb max_used=20503Kb free=99497Kb
 bounds [0x0000020c3c9b0000, 0x0000020c3ddc0000, 0x0000020c43ee0000]
CodeHeap 'non-nmethods': size=5760Kb used=2281Kb max_used=2375Kb free=3479Kb
 bounds [0x0000020c3c410000, 0x0000020c3c680000, 0x0000020c3c9b0000]
 total_blobs=10239 nmethods=9358 adapters=792
 compilation: enabled
              stopped_count=0, restarted_count=0
 full_count=0

Compilation events (20 events):
Event: 14.292 Thread 0x0000020c52db7000 nmethod 9410 0x0000020c3dd99710 code [0x0000020c3dd99920, 0x0000020c3dd99e88]
Event: 14.293 Thread 0x0000020c52db7000 9411       3       java.io.ObjectInputStream$PeekInputStream::peek (49 bytes)
Event: 14.293 Thread 0x0000020c52db7000 nmethod 9411 0x0000020c3dd9a090 code [0x0000020c3dd9a260, 0x0000020c3dd9a4e8]
Event: 14.296 Thread 0x0000020c52db7000 9413       3       org.gradle.internal.operations.DefaultBuildOperationRunner$CallableBuildOperationWorker::execute (10 bytes)
Event: 14.296 Thread 0x0000020c52db7000 nmethod 9413 0x0000020c3dd9a590 code [0x0000020c3dd9a760, 0x0000020c3dd9ab08]
Event: 14.297 Thread 0x0000020c52db7000 9414       3       org.gradle.internal.operations.DefaultBuildOperationRunner$CallableBuildOperationWorker::execute (12 bytes)
Event: 14.297 Thread 0x0000020c52db7000 nmethod 9414 0x0000020c3dd9ac10 code [0x0000020c3dd9ade0, 0x0000020c3dd9b008]
Event: 14.297 Thread 0x0000020c52db7000 9415       3       java.io.ObjectStreamClass::getFields (22 bytes)
Event: 14.298 Thread 0x0000020c52db7000 nmethod 9415 0x0000020c3dd9b110 code [0x0000020c3dd9b2e0, 0x0000020c3dd9b5e8]
Event: 14.298 Thread 0x0000020c52db7000 9416       3       java.io.ObjectStreamClass::getClassDataLayout (20 bytes)
Event: 14.299 Thread 0x0000020c52db7000 nmethod 9416 0x0000020c3dd9b710 code [0x0000020c3dd9b8c0, 0x0000020c3dd9ba88]
Event: 14.303 Thread 0x0000020c52db7000 9417       1       com.google.common.base.Equivalence$Identity::doEquivalent (2 bytes)
Event: 14.303 Thread 0x0000020c52db7000 nmethod 9417 0x0000020c444d1010 code [0x0000020c444d11c0, 0x0000020c444d1278]
Event: 14.311 Thread 0x0000020c5a256000 nmethod 9335 0x0000020c444d1310 code [0x0000020c444d1500, 0x0000020c444d22a8]
Event: 14.311 Thread 0x0000020c5a256000 9399       4       java.io.ObjectOutputStream$BlockDataOutputStream::writeBytes (144 bytes)
Event: 14.317 Thread 0x0000020c52db7000 9418       3       org.gradle.internal.resources.DefaultResourceLockCoordinationService$DefaultResourceLockState::<init> (5 bytes)
Event: 14.317 Thread 0x0000020c52db7000 nmethod 9418 0x0000020c3dd9bb10 code [0x0000020c3dd9bcc0, 0x0000020c3dd9be78]
Event: 14.317 Thread 0x0000020c52db7000 9419       3       org.gradle.internal.serialize.BaseSerializerFactory$StringSerializer::write (10 bytes)
Event: 14.318 Thread 0x0000020c52db7000 nmethod 9419 0x0000020c3dd9bf90 code [0x0000020c3dd9c160, 0x0000020c3dd9c488]
Event: 14.321 Thread 0x0000020c52db7000 9420       3       org.gradle.internal.snapshot.impl.SnapshotSerializer::read (516 bytes)

GC Heap History (20 events):
Event: 5.336 GC heap before
{Heap before GC invocations=10 (full 0):
 garbage-first heap   total 129024K, used 81469K [0x0000000080000000, 0x0000000100000000)
  region size 1024K, 61 young (62464K), 8 survivors (8192K)
 Metaspace       used 43784K, capacity 44870K, committed 45004K, reserved 1087488K
  class space    used 5615K, capacity 5970K, committed 6092K, reserved 1048576K
}
Event: 5.346 GC heap after
{Heap after GC invocations=11 (full 0):
 garbage-first heap   total 155648K, used 29364K [0x0000000080000000, 0x0000000100000000)
  region size 1024K, 7 young (7168K), 7 survivors (7168K)
 Metaspace       used 43784K, capacity 44870K, committed 45004K, reserved 1087488K
  class space    used 5615K, capacity 5970K, committed 6092K, reserved 1048576K
}
Event: 6.583 GC heap before
{Heap before GC invocations=11 (full 0):
 garbage-first heap   total 155648K, used 101044K [0x0000000080000000, 0x0000000100000000)
  region size 1024K, 74 young (75776K), 7 survivors (7168K)
 Metaspace       used 47665K, capacity 48926K, committed 49100K, reserved 1091584K
  class space    used 6091K, capacity 6533K, committed 6604K, reserved 1048576K
}
Event: 6.590 GC heap after
{Heap after GC invocations=12 (full 0):
 garbage-first heap   total 155648K, used 41248K [0x0000000080000000, 0x0000000100000000)
  region size 1024K, 10 young (10240K), 10 survivors (10240K)
 Metaspace       used 47665K, capacity 48926K, committed 49100K, reserved 1091584K
  class space    used 6091K, capacity 6533K, committed 6604K, reserved 1048576K
}
Event: 7.534 GC heap before
{Heap before GC invocations=12 (full 0):
 garbage-first heap   total 155648K, used 110880K [0x0000000080000000, 0x0000000100000000)
  region size 1024K, 78 young (79872K), 10 survivors (10240K)
 Metaspace       used 57702K, capacity 59303K, committed 59468K, reserved 1101824K
  class space    used 7340K, capacity 7878K, committed 8012K, reserved 1048576K
}
Event: 7.541 GC heap after
{Heap after GC invocations=13 (full 0):
 garbage-first heap   total 155648K, used 44858K [0x0000000080000000, 0x0000000100000000)
  region size 1024K, 4 young (4096K), 4 survivors (4096K)
 Metaspace       used 57702K, capacity 59303K, committed 59468K, reserved 1101824K
  class space    used 7340K, capacity 7878K, committed 8012K, reserved 1048576K
}
Event: 7.621 GC heap before
{Heap before GC invocations=13 (full 0):
 garbage-first heap   total 155648K, used 48954K [0x0000000080000000, 0x0000000100000000)
  region size 1024K, 9 young (9216K), 4 survivors (4096K)
 Metaspace       used 58668K, capacity 60151K, committed 60236K, reserved 1101824K
  class space    used 7446K, capacity 7990K, committed 8012K, reserved 1048576K
}
Event: 7.626 GC heap after
{Heap after GC invocations=14 (full 0):
 garbage-first heap   total 155648K, used 45114K [0x0000000080000000, 0x0000000100000000)
  region size 1024K, 4 young (4096K), 4 survivors (4096K)
 Metaspace       used 58668K, capacity 60151K, committed 60236K, reserved 1101824K
  class space    used 7446K, capacity 7990K, committed 8012K, reserved 1048576K
}
Event: 8.527 GC heap before
{Heap before GC invocations=15 (full 0):
 garbage-first heap   total 155648K, used 114746K [0x0000000080000000, 0x0000000100000000)
  region size 1024K, 72 young (73728K), 4 survivors (4096K)
 Metaspace       used 63314K, capacity 64876K, committed 64972K, reserved 1105920K
  class space    used 8056K, capacity 8609K, committed 8652K, reserved 1048576K
}
Event: 8.542 GC heap after
{Heap after GC invocations=16 (full 0):
 garbage-first heap   total 155648K, used 50269K [0x0000000080000000, 0x0000000100000000)
  region size 1024K, 9 young (9216K), 9 survivors (9216K)
 Metaspace       used 63314K, capacity 64876K, committed 64972K, reserved 1105920K
  class space    used 8056K, capacity 8609K, committed 8652K, reserved 1048576K
}
Event: 10.279 GC heap before
{Heap before GC invocations=17 (full 0):
 garbage-first heap   total 155648K, used 118877K [0x0000000080000000, 0x0000000100000000)
  region size 1024K, 76 young (77824K), 9 survivors (9216K)
 Metaspace       used 68551K, capacity 70240K, committed 70476K, reserved 1110016K
  class space    used 8871K, capacity 9473K, committed 9548K, reserved 1048576K
}
Event: 10.288 GC heap after
{Heap after GC invocations=18 (full 0):
 garbage-first heap   total 155648K, used 55704K [0x0000000080000000, 0x0000000100000000)
  region size 1024K, 6 young (6144K), 6 survivors (6144K)
 Metaspace       used 68551K, capacity 70240K, committed 70476K, reserved 1110016K
  class space    used 8871K, capacity 9473K, committed 9548K, reserved 1048576K
}
Event: 11.166 GC heap before
{Heap before GC invocations=18 (full 0):
 garbage-first heap   total 155648K, used 121240K [0x0000000080000000, 0x0000000100000000)
  region size 1024K, 70 young (71680K), 6 survivors (6144K)
 Metaspace       used 72752K, capacity 74544K, committed 74700K, reserved 1114112K
  class space    used 9525K, capacity 10167K, committed 10188K, reserved 1048576K
}
Event: 11.173 GC heap after
{Heap after GC invocations=19 (full 0):
 garbage-first heap   total 155648K, used 59440K [0x0000000080000000, 0x0000000100000000)
  region size 1024K, 5 young (5120K), 5 survivors (5120K)
 Metaspace       used 72752K, capacity 74544K, committed 74700K, reserved 1114112K
  class space    used 9525K, capacity 10167K, committed 10188K, reserved 1048576K
}
Event: 12.277 GC heap before
{Heap before GC invocations=19 (full 0):
 garbage-first heap   total 155648K, used 122928K [0x0000000080000000, 0x0000000100000000)
  region size 1024K, 67 young (68608K), 5 survivors (5120K)
 Metaspace       used 78508K, capacity 80491K, committed 80716K, reserved 1118208K
  class space    used 10323K, capacity 11033K, committed 11084K, reserved 1048576K
}
Event: 12.287 GC heap after
{Heap after GC invocations=20 (full 0):
 garbage-first heap   total 155648K, used 64376K [0x0000000080000000, 0x0000000100000000)
  region size 1024K, 9 young (9216K), 9 survivors (9216K)
 Metaspace       used 78508K, capacity 80491K, committed 80716K, reserved 1118208K
  class space    used 10323K, capacity 11033K, committed 11084K, reserved 1048576K
}
Event: 13.160 GC heap before
{Heap before GC invocations=20 (full 0):
 garbage-first heap   total 155648K, used 123768K [0x0000000080000000, 0x0000000100000000)
  region size 1024K, 68 young (69632K), 9 survivors (9216K)
 Metaspace       used 79366K, capacity 81423K, committed 81612K, reserved 1120256K
  class space    used 10394K, capacity 11158K, committed 11212K, reserved 1048576K
}
Event: 13.173 GC heap after
{Heap after GC invocations=21 (full 0):
 garbage-first heap   total 155648K, used 68397K [0x0000000080000000, 0x0000000100000000)
  region size 1024K, 5 young (5120K), 5 survivors (5120K)
 Metaspace       used 79366K, capacity 81423K, committed 81612K, reserved 1120256K
  class space    used 10394K, capacity 11158K, committed 11212K, reserved 1048576K
}
Event: 14.037 GC heap before
{Heap before GC invocations=21 (full 0):
 garbage-first heap   total 155648K, used 121645K [0x0000000080000000, 0x0000000100000000)
  region size 1024K, 54 young (55296K), 5 survivors (5120K)
 Metaspace       used 81432K, capacity 83597K, committed 83660K, reserved 1122304K
  class space    used 10595K, capacity 11413K, committed 11468K, reserved 1048576K
}
Event: 14.112 GC heap after
{Heap after GC invocations=22 (full 0):
 garbage-first heap   total 155648K, used 89250K [0x0000000080000000, 0x0000000100000000)
  region size 1024K, 8 young (8192K), 8 survivors (8192K)
 Metaspace       used 81432K, capacity 83597K, committed 83660K, reserved 1122304K
  class space    used 10595K, capacity 11413K, committed 11468K, reserved 1048576K
}

Deoptimization events (20 events):
Event: 14.156 Thread 0x0000020c563e6000 Uncommon trap: trap_request=0xffffff4d fr.pc=0x0000020c444a70d0 relative=0x0000000000000250
Event: 14.156 Thread 0x0000020c563e6000 Uncommon trap: reason=unstable_if action=reinterpret pc=0x0000020c444a70d0 method=org.gradle.internal.file.DefaultFileHierarchySet$Node.isChildOfOrThis(Ljava/lang/String;I)Z @ 35 c2
Event: 14.156 Thread 0x0000020c563e6000 DEOPT PACKING pc=0x0000020c444a70d0 sp=0x000000ef3fefef20
Event: 14.156 Thread 0x0000020c563e6000 DEOPT UNPACKING pc=0x0000020c3c4378af sp=0x000000ef3fefeea8 mode 2
Event: 14.215 Thread 0x0000020c5b581800 Uncommon trap: trap_request=0xffffff4d fr.pc=0x0000020c442137c4 relative=0x00000000000000a4
Event: 14.215 Thread 0x0000020c5b581800 Uncommon trap: reason=unstable_if action=reinterpret pc=0x0000020c442137c4 method=java.lang.CharacterDataLatin1.digit(II)I @ 12 c2
Event: 14.215 Thread 0x0000020c5b581800 DEOPT PACKING pc=0x0000020c442137c4 sp=0x000000ef41dfa190
Event: 14.215 Thread 0x0000020c5b581800 DEOPT UNPACKING pc=0x0000020c3c4378af sp=0x000000ef41dfa108 mode 2
Event: 14.240 Thread 0x0000020c5b581800 Uncommon trap: trap_request=0xffffff6e fr.pc=0x0000020c443fec50 relative=0x0000000000000770
Event: 14.240 Thread 0x0000020c5b581800 Uncommon trap: reason=speculate_class_check action=maybe_recompile pc=0x0000020c443fec50 method=sun.security.provider.DigestBase.implCompressMultiBlock([BII)I @ 11 c2
Event: 14.241 Thread 0x0000020c5b581800 DEOPT PACKING pc=0x0000020c443fec50 sp=0x000000ef41df7a70
Event: 14.241 Thread 0x0000020c5b581800 DEOPT UNPACKING pc=0x0000020c3c4378af sp=0x000000ef41df79a8 mode 2
Event: 14.259 Thread 0x0000020c5b581800 Uncommon trap: trap_request=0xffffff6e fr.pc=0x0000020c443fec50 relative=0x0000000000000770
Event: 14.259 Thread 0x0000020c5b581800 Uncommon trap: reason=speculate_class_check action=maybe_recompile pc=0x0000020c443fec50 method=sun.security.provider.DigestBase.implCompressMultiBlock([BII)I @ 11 c2
Event: 14.259 Thread 0x0000020c5b581800 DEOPT PACKING pc=0x0000020c443fec50 sp=0x000000ef41df7700
Event: 14.259 Thread 0x0000020c5b581800 DEOPT UNPACKING pc=0x0000020c3c4378af sp=0x000000ef41df7638 mode 2
Event: 14.265 Thread 0x0000020c5b581800 Uncommon trap: trap_request=0xffffff4d fr.pc=0x0000020c43fc0d88 relative=0x00000000000008a8
Event: 14.265 Thread 0x0000020c5b581800 Uncommon trap: reason=unstable_if action=reinterpret pc=0x0000020c43fc0d88 method=java.lang.Integer.stringSize(I)I @ 19 c2
Event: 14.265 Thread 0x0000020c5b581800 DEOPT PACKING pc=0x0000020c43fc0d88 sp=0x000000ef41dfa2e0
Event: 14.265 Thread 0x0000020c5b581800 DEOPT UNPACKING pc=0x0000020c3c4378af sp=0x000000ef41dfa238 mode 2

Classes redefined (0 events):
No events

Internal exceptions (20 events):
Event: 11.707 Thread 0x0000020c55fd5000 Exception <a 'java/lang/ClassNotFoundException'{0x00000000877ec970}: org/gradle/api/internal/file/collections/DefaultConfigurableFileCollectionCustomizer> (0x00000000877ec970) thrown at [./src/hotspot/share/classfile/systemDictionary.cpp, line 231]
Event: 11.862 Thread 0x0000020c563e8800 Exception <a 'java/lang/NoSuchMethodError'{0x0000000086c34150}: <clinit>> (0x0000000086c34150) thrown at [./src/hotspot/share/prims/jni.cpp, line 1362]
Event: 11.863 Thread 0x0000020c563e8800 Exception <a 'java/lang/NoSuchMethodError'{0x0000000086c3df38}: <clinit>> (0x0000000086c3df38) thrown at [./src/hotspot/share/prims/jni.cpp, line 1362]
Event: 11.867 Thread 0x0000020c563e8800 Exception <a 'java/lang/NoSuchMethodError'{0x0000000086c76c30}: <clinit>> (0x0000000086c76c30) thrown at [./src/hotspot/share/prims/jni.cpp, line 1362]
Event: 11.868 Thread 0x0000020c563e8800 Exception <a 'java/lang/NoSuchMethodError'{0x0000000086c882b8}: <clinit>> (0x0000000086c882b8) thrown at [./src/hotspot/share/prims/jni.cpp, line 1362]
Event: 11.869 Thread 0x0000020c563e8800 Exception <a 'java/lang/NoSuchMethodError'{0x0000000086c897d0}: <clinit>> (0x0000000086c897d0) thrown at [./src/hotspot/share/prims/jni.cpp, line 1362]
Event: 11.896 Thread 0x0000020c5b582800 Exception <a 'java/lang/NoSuchMethodError'{0x0000000086a9e708}: <clinit>> (0x0000000086a9e708) thrown at [./src/hotspot/share/prims/jni.cpp, line 1362]
Event: 11.900 Thread 0x0000020c5b582800 Exception <a 'java/lang/NoSuchMethodError'{0x0000000086ab2b38}: <clinit>> (0x0000000086ab2b38) thrown at [./src/hotspot/share/prims/jni.cpp, line 1362]
Event: 11.902 Thread 0x0000020c5b582800 Exception <a 'java/lang/NoSuchMethodError'{0x0000000086afb5e8}: <clinit>> (0x0000000086afb5e8) thrown at [./src/hotspot/share/prims/jni.cpp, line 1362]
Event: 11.944 Thread 0x0000020c563e8800 Exception <a 'java/lang/NoSuchMethodError'{0x00000000868eb520}: <clinit>> (0x00000000868eb520) thrown at [./src/hotspot/share/prims/jni.cpp, line 1362]
Event: 11.976 Thread 0x0000020c5b581800 Exception <a 'java/lang/NoSuchMethodError'{0x000000008661a610}: 'java.lang.Object java.lang.invoke.Invokers$Holder.linkToTargetMethod(java.lang.Object, java.lang.Object, java.lang.Object, int, java.lang.Object, java.lang.Object)'> (0x000000008661a610) thrown at [./src/hotspot/share/interpreter/linkResolver.cpp, line 773]
Event: 11.986 Thread 0x0000020c5b581800 Exception <a 'java/lang/IncompatibleClassChangeError'{0x0000000086679c58}: Found class java.lang.Object, but interface was expected> (0x0000000086679c58) thrown at [./src/hotspot/share/interpreter/linkResolver.cpp, line 839]
Event: 12.004 Thread 0x0000020c5b581800 Exception <a 'java/lang/NoSuchMethodError'{0x00000000864466d0}: 'int java.lang.invoke.DirectMethodHandle$Holder.invokeStaticInit(java.lang.Object, java.lang.Object, java.lang.Object, java.lang.Object, java.lang.Object)'> (0x00000000864466d0) thrown at [./src/hotspot/share/interpreter/linkResolver.cpp, line 773]
Event: 12.314 Thread 0x0000020c59054000 Exception <a 'java/lang/NoSuchMethodError'{0x00000000897c8550}: 'java.lang.Object java.lang.invoke.DirectMethodHandle$Holder.invokeSpecialIFC(java.lang.Object, java.lang.Object, java.lang.Object)'> (0x00000000897c8550) thrown at [./src/hotspot/share/interpreter/linkResolver.cpp, line 773]
Event: 12.314 Thread 0x0000020c5905b000 Exception <a 'java/lang/NoSuchMethodError'{0x0000000089540d78}: 'java.lang.Object java.lang.invoke.DirectMethodHandle$Holder.invokeSpecialIFC(java.lang.Object, java.lang.Object, java.lang.Object)'> (0x0000000089540d78) thrown at [./src/hotspot/share/interpreter/linkResolver.cpp, line 773]
Event: 12.314 Thread 0x0000020c5905a000 Exception <a 'java/lang/NoSuchMethodError'{0x0000000089568f80}: 'java.lang.Object java.lang.invoke.DirectMethodHandle$Holder.invokeSpecialIFC(java.lang.Object, java.lang.Object, java.lang.Object)'> (0x0000000089568f80) thrown at [./src/hotspot/share/interpreter/linkResolver.cpp, line 773]
Event: 12.421 Thread 0x0000020c59055000 Exception <a 'java/lang/NoSuchMethodError'{0x0000000088f5b270}: 'void java.lang.invoke.DirectMethodHandle$Holder.invokeVirtual(java.lang.Object, java.lang.Object)'> (0x0000000088f5b270) thrown at [./src/hotspot/share/interpreter/linkResolver.cpp, line 773]
Event: 13.582 Thread 0x0000020c5b581800 Implicit null exception at 0x0000020c441da884 to 0x0000020c441daa7c
Event: 14.254 Thread 0x0000020c5b581800 Exception <a 'java/lang/NoSuchMethodError'{0x00000000895a6d28}: <clinit>> (0x00000000895a6d28) thrown at [./src/hotspot/share/prims/jni.cpp, line 1362]
Event: 14.259 Thread 0x0000020c5b581800 Exception <a 'java/lang/NoSuchMethodError'{0x00000000895cf488}: <clinit>> (0x00000000895cf488) thrown at [./src/hotspot/share/prims/jni.cpp, line 1362]

Events (20 events):
Event: 14.310 loading class kotlin/jvm/functions/Function4 done
Event: 14.310 loading class kotlin/jvm/functions/Function4
Event: 14.310 loading class kotlin/jvm/functions/Function4 done
Event: 14.310 Executing VM operation: RevokeBias done
Event: 14.314 Executing VM operation: BulkRevokeBias
Event: 14.316 Executing VM operation: BulkRevokeBias done
Event: 14.320 loading class com/android/aaptcompiler/ResourceFile
Event: 14.320 loading class com/android/aaptcompiler/ResourceFile done
Event: 14.321 loading class com/android/aaptcompiler/ResourceName
Event: 14.321 loading class com/android/aaptcompiler/ResourceName done
Event: 14.322 loading class com/android/aaptcompiler/ResourceName$Companion
Event: 14.322 loading class com/android/aaptcompiler/ResourceName$Companion done
Event: 14.322 loading class com/android/aaptcompiler/ResourceFile$Type
Event: 14.322 loading class com/android/aaptcompiler/ResourceFile$Type done
Event: 14.323 loading class com/android/aaptcompiler/Container
Event: 14.323 loading class com/android/aaptcompiler/Container done
Event: 14.323 loading class com/android/aaptcompiler/Container$Companion
Event: 14.323 loading class com/android/aaptcompiler/Container$Companion done
Event: 14.324 loading class com/android/aaptcompiler/XmlProcessor
Event: 14.324 loading class com/android/aaptcompiler/XmlProcessor done


Dynamic libraries:
0x00007ff772780000 - 0x00007ff77278a000 	C:\Program Files\Android\Android Studio\jre\bin\java.exe
0x00007ffae2310000 - 0x00007ffae2505000 	C:\WINDOWS\SYSTEM32\ntdll.dll
0x00007ffae19e0000 - 0x00007ffae1a9e000 	C:\WINDOWS\System32\KERNEL32.DLL
0x00007ffadfcb0000 - 0x00007ffadff78000 	C:\WINDOWS\System32\KERNELBASE.dll
0x00007ffadfbb0000 - 0x00007ffadfcb0000 	C:\WINDOWS\System32\ucrtbase.dll
0x00007ffab5660000 - 0x00007ffab5679000 	C:\Program Files\Android\Android Studio\jre\bin\jli.dll
0x00007ffae05a0000 - 0x00007ffae0741000 	C:\WINDOWS\System32\USER32.dll
0x00007ffadfb80000 - 0x00007ffadfba2000 	C:\WINDOWS\System32\win32u.dll
0x00007ffad3440000 - 0x00007ffad36da000 	C:\WINDOWS\WinSxS\amd64_microsoft.windows.common-controls_6595b64144ccf1df_6.0.19041.1110_none_60b5254171f9507e\COMCTL32.dll
0x00007ffab5640000 - 0x00007ffab5657000 	C:\Program Files\Android\Android Studio\jre\bin\VCRUNTIME140.dll
0x00007ffae2120000 - 0x00007ffae214b000 	C:\WINDOWS\System32\GDI32.dll
0x00007ffae0750000 - 0x00007ffae07ee000 	C:\WINDOWS\System32\msvcrt.dll
0x00007ffae00a0000 - 0x00007ffae01ad000 	C:\WINDOWS\System32\gdi32full.dll
0x00007ffadff80000 - 0x00007ffae001d000 	C:\WINDOWS\System32\msvcp_win.dll
0x00007ffae0350000 - 0x00007ffae0380000 	C:\WINDOWS\System32\IMM32.DLL
0x00007ffaac8c0000 - 0x00007ffaac95d000 	C:\Program Files\Android\Android Studio\jre\bin\msvcp140.dll
0x00007ffa60410000 - 0x00007ffa60edf000 	C:\Program Files\Android\Android Studio\jre\bin\server\jvm.dll
0x00007ffae2220000 - 0x00007ffae22cc000 	C:\WINDOWS\System32\ADVAPI32.dll
0x00007ffae0420000 - 0x00007ffae04bb000 	C:\WINDOWS\System32\sechost.dll
0x00007ffae0860000 - 0x00007ffae098a000 	C:\WINDOWS\System32\RPCRT4.dll
0x00007ffae0380000 - 0x00007ffae0388000 	C:\WINDOWS\System32\PSAPI.DLL
0x00007ffad32b0000 - 0x00007ffad32d7000 	C:\WINDOWS\SYSTEM32\WINMM.dll
0x00007ffadba70000 - 0x00007ffadba7a000 	C:\WINDOWS\SYSTEM32\VERSION.dll
0x00007ffabbfe0000 - 0x00007ffabbfe9000 	C:\WINDOWS\SYSTEM32\WSOCK32.dll
0x00007ffae07f0000 - 0x00007ffae085b000 	C:\WINDOWS\System32\ws2_32.DLL
0x00007ffade2f0000 - 0x00007ffade302000 	C:\WINDOWS\SYSTEM32\kernel.appcore.dll
0x00007ffabbf70000 - 0x00007ffabbf81000 	C:\Program Files\Android\Android Studio\jre\bin\verify.dll
0x00007ffaddfb0000 - 0x00007ffade194000 	C:\WINDOWS\SYSTEM32\DBGHELP.DLL
0x00007ffaca920000 - 0x00007ffaca94c000 	C:\WINDOWS\SYSTEM32\dbgcore.DLL
0x00007ffae02c0000 - 0x00007ffae0342000 	C:\WINDOWS\System32\bcryptPrimitives.dll
0x00007ffab4e50000 - 0x00007ffab4e79000 	C:\Program Files\Android\Android Studio\jre\bin\java.dll
0x00007ffabbfd0000 - 0x00007ffabbfdb000 	C:\Program Files\Android\Android Studio\jre\bin\jimage.dll
0x00007ffabbf50000 - 0x00007ffabbf68000 	C:\Program Files\Android\Android Studio\jre\bin\zip.dll
0x00007ffae0990000 - 0x00007ffae10d4000 	C:\WINDOWS\System32\SHELL32.dll
0x00007ffadd740000 - 0x00007ffadded4000 	C:\WINDOWS\SYSTEM32\windows.storage.dll
0x00007ffae1140000 - 0x00007ffae1495000 	C:\WINDOWS\System32\combase.dll
0x00007ffadf3a0000 - 0x00007ffadf3ce000 	C:\WINDOWS\SYSTEM32\Wldp.dll
0x00007ffae04c0000 - 0x00007ffae056d000 	C:\WINDOWS\System32\SHCORE.dll
0x00007ffae1b80000 - 0x00007ffae1bd5000 	C:\WINDOWS\System32\shlwapi.dll
0x00007ffadf960000 - 0x00007ffadf97f000 	C:\WINDOWS\SYSTEM32\profapi.dll
0x00007ffab3440000 - 0x00007ffab345a000 	C:\Program Files\Android\Android Studio\jre\bin\net.dll
0x00007ffad7620000 - 0x00007ffad772c000 	C:\WINDOWS\SYSTEM32\WINHTTP.dll
0x00007ffadf100000 - 0x00007ffadf16a000 	C:\WINDOWS\system32\mswsock.dll
0x00007ffab3420000 - 0x00007ffab3434000 	C:\Program Files\Android\Android Studio\jre\bin\nio.dll
0x00007ffad70c0000 - 0x00007ffad70e7000 	C:\Users\NHAT_HOANG\.gradle\native\8bec1ad78214c89d9ad589b4d07fe93259594b29d510b10fafb7a158f7737e5d\windows-amd64\native-platform.dll
0x00007ffaa77e0000 - 0x00007ffaa791d000 	C:\Users\NHAT_HOANG\.gradle\native\53dbd7edfb1c66fb8903c78663c9afc45aea4f116125fa6feffd364cf09443e8\windows-amd64\native-platform-file-events.dll
0x00007ffababb0000 - 0x00007ffababba000 	C:\Program Files\Android\Android Studio\jre\bin\management.dll
0x00007ffaba410000 - 0x00007ffaba41c000 	C:\Program Files\Android\Android Studio\jre\bin\management_ext.dll
0x00007ffadf300000 - 0x00007ffadf318000 	C:\WINDOWS\SYSTEM32\CRYPTSP.dll
0x00007ffadea80000 - 0x00007ffadeab4000 	C:\WINDOWS\system32\rsaenh.dll
0x00007ffae0070000 - 0x00007ffae0097000 	C:\WINDOWS\System32\bcrypt.dll
0x00007ffadf920000 - 0x00007ffadf94e000 	C:\WINDOWS\SYSTEM32\USERENV.dll
0x00007ffadf2f0000 - 0x00007ffadf2fc000 	C:\WINDOWS\SYSTEM32\CRYPTBASE.dll
0x00007ffadedf0000 - 0x00007ffadee2b000 	C:\WINDOWS\SYSTEM32\IPHLPAPI.DLL
0x00007ffae2110000 - 0x00007ffae2118000 	C:\WINDOWS\System32\NSI.dll
0x00007ffad83a0000 - 0x00007ffad83b7000 	C:\WINDOWS\SYSTEM32\dhcpcsvc6.DLL
0x00007ffad8ab0000 - 0x00007ffad8acd000 	C:\WINDOWS\SYSTEM32\dhcpcsvc.DLL
0x00007ffadee30000 - 0x00007ffadeefb000 	C:\WINDOWS\SYSTEM32\DNSAPI.dll

dbghelp: loaded successfully - version: 4.0.5 - missing functions: none
symbol engine: initialized successfully - sym options: 0x614 - pdb path: .;C:\Program Files\Android\Android Studio\jre\bin;C:\WINDOWS\SYSTEM32;C:\WINDOWS\WinSxS\amd64_microsoft.windows.common-controls_6595b64144ccf1df_6.0.19041.1110_none_60b5254171f9507e;C:\Program Files\Android\Android Studio\jre\bin\server;C:\Users\NHAT_HOANG\.gradle\native\8bec1ad78214c89d9ad589b4d07fe93259594b29d510b10fafb7a158f7737e5d\windows-amd64;C:\Users\NHAT_HOANG\.gradle\native\53dbd7edfb1c66fb8903c78663c9afc45aea4f116125fa6feffd364cf09443e8\windows-amd64

VM Arguments:
jvm_args: --add-opens=java.base/java.util=ALL-UNNAMED --add-opens=java.base/java.lang=ALL-UNNAMED --add-opens=java.base/java.lang.invoke=ALL-UNNAMED --add-opens=java.base/java.util=ALL-UNNAMED --add-opens=java.prefs/java.util.prefs=ALL-UNNAMED --add-opens=java.prefs/java.util.prefs=ALL-UNNAMED --add-opens=java.base/java.nio.charset=ALL-UNNAMED --add-opens=java.base/java.net=ALL-UNNAMED --add-opens=java.base/java.util.concurrent.atomic=ALL-UNNAMED -Xmx2048m -Dfile.encoding=UTF-8 -Duser.country=US -Duser.language=en -Duser.variant 
java_command: org.gradle.launcher.daemon.bootstrap.GradleDaemon 7.0.2
java_class_path (initial): C:\Users\NHAT_HOANG\.gradle\wrapper\dists\gradle-7.0.2-bin\857tjihv64xamwrf0h14cai3r\gradle-7.0.2\lib\gradle-launcher-7.0.2.jar
Launcher Type: SUN_STANDARD

[Global flags]
     intx CICompilerCount                          = 4                                         {product} {ergonomic}
     uint ConcGCThreads                            = 2                                         {product} {ergonomic}
     uint G1ConcRefinementThreads                  = 8                                         {product} {ergonomic}
   size_t G1HeapRegionSize                         = 1048576                                   {product} {ergonomic}
    uintx GCDrainStackTargetSize                   = 64                                        {product} {ergonomic}
   size_t InitialHeapSize                          = 132120576                                 {product} {ergonomic}
   size_t MarkStackSize                            = 4194304                                   {product} {ergonomic}
   size_t MaxHeapSize                              = 2147483648                                {product} {command line}
   size_t MaxNewSize                               = 1287651328                                {product} {ergonomic}
   size_t MinHeapDeltaBytes                        = 1048576                                   {product} {ergonomic}
    uintx NonNMethodCodeHeapSize                   = 5836300                                {pd product} {ergonomic}
    uintx NonProfiledCodeHeapSize                  = 122910970                              {pd product} {ergonomic}
    uintx ProfiledCodeHeapSize                     = 122910970                              {pd product} {ergonomic}
    uintx ReservedCodeCacheSize                    = 251658240                              {pd product} {ergonomic}
     bool SegmentedCodeCache                       = true                                      {product} {ergonomic}
     bool UseCompressedClassPointers               = true                                 {lp64_product} {ergonomic}
     bool UseCompressedOops                        = true                                 {lp64_product} {ergonomic}
     bool UseG1GC                                  = true                                      {product} {ergonomic}
     bool UseLargePagesIndividualAllocation        = false                                  {pd product} {ergonomic}

Logging:
Log output configuration:
 #0: stdout all=warning uptime,level,tags
 #1: stderr all=off uptime,level,tags

Environment Variables:
JAVA_HOME=C:\Program Files\Zulu\zulu-11
PATH=C:\Program Files\Zulu\zulu-11\bin\;C:\WINDOWS\system32;C:\WINDOWS;C:\WINDOWS\System32\Wbem;C:\WINDOWS\System32\WindowsPowerShell\v1.0\;C:\WINDOWS\System32\OpenSSH\;C:\Program Files\PuTTY\;C:\PROGRA~2\PICC;F:\Polyspace\R2021a\runtime\win64;F:\Polyspace\R2021a\bin;F:\Polyspace\R2021a\polyspace\bin;C:\Program Files\Git\cmd;C:\scr\flutter\bin;F:\LA\PHAN MEM\DA2_ANDROID\flutter_windows_2.5.3-stable;C:\Users\NHAT_HOANG\AppData\Local\Android\Sdk\platforms;C:\Users\NHAT_HOANG\AppData\Local\Android\Sdk\platform-tools;C:\Users\NHAT_HOANG\AppData\Local\Microsoft\WindowsApps;C:\Program Files\JetBrains\PyCharm Community Edition 2020.3.5\bin;;C:\Users\NHAT_HOANG\AppData\Local\Programs\Microsoft VS Code\bin;C:\Users\NHAT_HOANG\AppData\Local\GitHubDesktop\bin
USERNAME=NHAT_HOANG
OS=Windows_NT
PROCESSOR_IDENTIFIER=Intel64 Family 6 Model 142 Stepping 10, GenuineIntel



---------------  S Y S T E M  ---------------

OS: Windows 10 , 64 bit Build 19041 (10.0.19041.1348)
OS uptime: 0 days 4:26 hours

CPU:total 8 (initial active 8) (4 cores per cpu, 2 threads per core) family 6 model 142 stepping 10 microcode 0xb4, cmov, cx8, fxsr, mmx, sse, sse2, sse3, ssse3, sse4.1, sse4.2, popcnt, avx, avx2, aes, clmul, erms, 3dnowpref, lzcnt, ht, tsc, tscinvbit, bmi1, bmi2, adx, fma

Memory: 4k page, system-wide physical 8057M (524M free)
TotalPageFile size 12153M (AvailPageFile size 3M)
current process WorkingSet (physical memory assigned to process): 420M, peak: 420M
current process commit charge ("private bytes"): 455M, peak: 456M

vm_info: OpenJDK 64-Bit Server VM (11.0.10+0-b96-7249189) for windows-amd64 JRE (11.0.10+0-b96-7249189), built on Mar 31 2021 21:44:00 by "builder" with MS VC++ 14.0 (VS2015)

END.
